{"/Users/apple/resume-ninja/app/error.tsx": {"path":"/Users/apple/resume-ninja/app/error.tsx","statementMap":{"0":{"start":{"line":10,"column":24},"end":{"line":10,"column":30}},"1":{"start":{"line":3,"column":26},"end":{"line":3,"column":null}},"2":{"start":{"line":4,"column":17},"end":{"line":4,"column":null}},"3":{"start":{"line":5,"column":18},"end":{"line":5,"column":null}},"4":{"start":{"line":6,"column":23},"end":{"line":6,"column":null}},"5":{"start":{"line":7,"column":74},"end":{"line":7,"column":null}},"6":{"start":{"line":8,"column":47},"end":{"line":8,"column":null}},"7":{"start":{"line":17,"column":2},"end":{"line":19,"column":null}},"8":{"start":{"line":18,"column":4},"end":{"line":18,"column":null}}},"fnMap":{"0":{"name":"Error","decl":{"start":{"line":10,"column":24},"end":{"line":10,"column":30}},"loc":{"start":{"line":16,"column":1},"end":{"line":60,"column":null}}},"1":{"name":"(anonymous_3)","decl":{"start":{"line":17,"column":12},"end":{"line":17,"column":null}},"loc":{"start":{"line":17,"column":12},"end":{"line":19,"column":5}}}},"branchMap":{"0":{"loc":{"start":{"line":43,"column":11},"end":{"line":43,"column":23}},"type":"binary-expr","locations":[{"start":{"line":43,"column":11},"end":{"line":43,"column":23}}]}},"s":{"0":0,"1":0,"2":0,"3":0,"4":0,"5":0,"6":0,"7":0,"8":0},"f":{"0":0,"1":0},"b":{"0":[0]}}
,"/Users/apple/resume-ninja/app/layout.tsx": {"path":"/Users/apple/resume-ninja/app/layout.tsx","statementMap":{"0":{"start":{"line":42,"column":24},"end":{"line":42,"column":35}},"1":{"start":{"line":11,"column":13},"end":{"line":11,"column":34}},"2":{"start":{"line":38,"column":13},"end":{"line":38,"column":34}},"3":{"start":{"line":3,"column":34},"end":{"line":3,"column":null}},"4":{"start":{"line":4,"column":26},"end":{"line":4,"column":null}},"5":{"start":{"line":5,"column":29},"end":{"line":5,"column":null}},"6":{"start":{"line":6,"column":7},"end":{"line":6,"column":null}},"7":{"start":{"line":8,"column":15},"end":{"line":8,"column":null}},"8":{"start":{"line":9,"column":19},"end":{"line":9,"column":null}},"9":{"start":{"line":11,"column":34},"end":{"line":36,"column":null}},"10":{"start":{"line":38,"column":34},"end":{"line":40,"column":null}}},"fnMap":{"0":{"name":"RootLayout","decl":{"start":{"line":42,"column":24},"end":{"line":42,"column":35}},"loc":{"start":{"line":46,"column":2},"end":{"line":57,"column":null}}}},"branchMap":{},"s":{"0":0,"1":0,"2":0,"3":0,"4":0,"5":0,"6":0,"7":0,"8":0,"9":0,"10":0},"f":{"0":0},"b":{}}
,"/Users/apple/resume-ninja/app/not-found.tsx": {"path":"/Users/apple/resume-ninja/app/not-found.tsx","statementMap":{"0":{"start":{"line":7,"column":24},"end":{"line":7,"column":null}},"1":{"start":{"line":1,"column":17},"end":{"line":1,"column":null}},"2":{"start":{"line":2,"column":18},"end":{"line":2,"column":null}},"3":{"start":{"line":3,"column":23},"end":{"line":3,"column":null}},"4":{"start":{"line":4,"column":74},"end":{"line":4,"column":null}},"5":{"start":{"line":5,"column":46},"end":{"line":5,"column":null}}},"fnMap":{"0":{"name":"NotFound","decl":{"start":{"line":7,"column":24},"end":{"line":7,"column":null}},"loc":{"start":{"line":7,"column":24},"end":{"line":48,"column":null}}}},"branchMap":{},"s":{"0":0,"1":0,"2":0,"3":0,"4":0,"5":0},"f":{"0":0},"b":{}}
,"/Users/apple/resume-ninja/app/page.tsx": {"path":"/Users/apple/resume-ninja/app/page.tsx","statementMap":{"0":{"start":{"line":10,"column":24},"end":{"line":10,"column":null}},"1":{"start":{"line":1,"column":23},"end":{"line":1,"column":null}},"2":{"start":{"line":2,"column":21},"end":{"line":2,"column":null}},"3":{"start":{"line":3,"column":25},"end":{"line":3,"column":null}},"4":{"start":{"line":4,"column":27},"end":{"line":4,"column":null}},"5":{"start":{"line":5,"column":22},"end":{"line":5,"column":null}},"6":{"start":{"line":6,"column":20},"end":{"line":6,"column":null}},"7":{"start":{"line":7,"column":28},"end":{"line":7,"column":null}},"8":{"start":{"line":8,"column":23},"end":{"line":8,"column":null}}},"fnMap":{"0":{"name":"HomePage","decl":{"start":{"line":10,"column":24},"end":{"line":10,"column":null}},"loc":{"start":{"line":10,"column":24},"end":{"line":23,"column":null}}}},"branchMap":{},"s":{"0":0,"1":0,"2":0,"3":0,"4":0,"5":0,"6":0,"7":0,"8":0},"f":{"0":0},"b":{}}
,"/Users/apple/resume-ninja/app/api/analyze/route.ts": {"path":"/Users/apple/resume-ninja/app/api/analyze/route.ts","statementMap":{"0":{"start":{"line":14,"column":22},"end":{"line":14,"column":27}},"1":{"start":{"line":12,"column":13},"end":{"line":12,"column":27}},"2":{"start":{"line":1,"column":29},"end":{"line":1,"column":null}},"3":{"start":{"line":2,"column":37},"end":{"line":2,"column":null}},"4":{"start":{"line":3,"column":25},"end":{"line":3,"column":null}},"5":{"start":{"line":4,"column":28},"end":{"line":4,"column":null}},"6":{"start":{"line":5,"column":51},"end":{"line":5,"column":null}},"7":{"start":{"line":6,"column":59},"end":{"line":6,"column":null}},"8":{"start":{"line":7,"column":29},"end":{"line":7,"column":null}},"9":{"start":{"line":8,"column":29},"end":{"line":8,"column":null}},"10":{"start":{"line":9,"column":64},"end":{"line":9,"column":null}},"11":{"start":{"line":10,"column":30},"end":{"line":10,"column":null}},"12":{"start":{"line":12,"column":27},"end":{"line":12,"column":null}},"13":{"start":{"line":15,"column":2},"end":{"line":126,"column":null}},"14":{"start":{"line":17,"column":23},"end":{"line":17,"column":null}},"15":{"start":{"line":19,"column":4},"end":{"line":21,"column":null}},"16":{"start":{"line":20,"column":6},"end":{"line":20,"column":null}},"17":{"start":{"line":24,"column":4},"end":{"line":40,"column":null}},"18":{"start":{"line":25,"column":25},"end":{"line":25,"column":43}},"19":{"start":{"line":26,"column":27},"end":{"line":26,"column":null}},"20":{"start":{"line":28,"column":6},"end":{"line":39,"column":null}},"21":{"start":{"line":29,"column":8},"end":{"line":37,"column":null}},"22":{"start":{"line":42,"column":19},"end":{"line":42,"column":null}},"23":{"start":{"line":43,"column":17},"end":{"line":43,"column":null}},"24":{"start":{"line":45,"column":23},"end":{"line":45,"column":null}},"25":{"start":{"line":47,"column":4},"end":{"line":56,"column":null}},"26":{"start":{"line":48,"column":6},"end":{"line":54,"column":null}},"27":{"start":{"line":55,"column":6},"end":{"line":55,"column":null}},"28":{"start":{"line":58,"column":53},"end":{"line":58,"column":68}},"29":{"start":{"line":60,"column":4},"end":{"line":69,"column":null}},"30":{"start":{"line":61,"column":6},"end":{"line":67,"column":null}},"31":{"start":{"line":68,"column":6},"end":{"line":68,"column":null}},"32":{"start":{"line":72,"column":4},"end":{"line":77,"column":null}},"33":{"start":{"line":79,"column":34},"end":{"line":81,"column":null}},"34":{"start":{"line":83,"column":19},"end":{"line":86,"column":null}},"35":{"start":{"line":88,"column":19},"end":{"line":120,"column":null}},"36":{"start":{"line":95,"column":8},"end":{"line":118,"column":null}},"37":{"start":{"line":97,"column":10},"end":{"line":110,"column":null}},"38":{"start":{"line":98,"column":12},"end":{"line":98,"column":null}},"39":{"start":{"line":100,"column":29},"end":{"line":100,"column":null}},"40":{"start":{"line":101,"column":12},"end":{"line":109,"column":null}},"41":{"start":{"line":112,"column":10},"end":{"line":117,"column":null}},"42":{"start":{"line":122,"column":4},"end":{"line":122,"column":null}},"43":{"start":{"line":124,"column":4},"end":{"line":124,"column":null}},"44":{"start":{"line":125,"column":4},"end":{"line":125,"column":null}}},"fnMap":{"0":{"name":"POST","decl":{"start":{"line":14,"column":22},"end":{"line":14,"column":27}},"loc":{"start":{"line":14,"column":39},"end":{"line":127,"column":null}}},"1":{"name":"(anonymous_4)","decl":{"start":{"line":94,"column":16},"end":{"line":94,"column":23}},"loc":{"start":{"line":94,"column":33},"end":{"line":119,"column":null}}}},"branchMap":{"0":{"loc":{"start":{"line":19,"column":4},"end":{"line":21,"column":null}},"type":"if","locations":[{"start":{"line":19,"column":4},"end":{"line":21,"column":null}},{"start":{},"end":{}}]},"1":{"loc":{"start":{"line":24,"column":4},"end":{"line":40,"column":null}},"type":"if","locations":[{"start":{"line":24,"column":4},"end":{"line":40,"column":null}},{"start":{},"end":{}}]},"2":{"loc":{"start":{"line":24,"column":8},"end":{"line":24,"column":48}},"type":"binary-expr","locations":[{"start":{"line":24,"column":8},"end":{"line":24,"column":26}},{"start":{"line":24,"column":30},"end":{"line":24,"column":48}}]},"3":{"loc":{"start":{"line":28,"column":6},"end":{"line":39,"column":null}},"type":"if","locations":[{"start":{"line":28,"column":6},"end":{"line":39,"column":null}},{"start":{},"end":{}}]},"4":{"loc":{"start":{"line":42,"column":19},"end":{"line":42,"column":null}},"type":"cond-expr","locations":[{"start":{"line":42,"column":40},"end":{"line":42,"column":65}},{"start":{"line":42,"column":68},"end":{"line":42,"column":null}}]},"5":{"loc":{"start":{"line":47,"column":4},"end":{"line":56,"column":null}},"type":"if","locations":[{"start":{"line":47,"column":4},"end":{"line":56,"column":null}},{"start":{},"end":{}}]},"6":{"loc":{"start":{"line":50,"column":16},"end":{"line":50,"column":null}},"type":"binary-expr","locations":[{"start":{"line":50,"column":16},"end":{"line":50,"column":26}},{"start":{"line":50,"column":26},"end":{"line":50,"column":null}}]},"7":{"loc":{"start":{"line":60,"column":4},"end":{"line":69,"column":null}},"type":"if","locations":[{"start":{"line":60,"column":4},"end":{"line":69,"column":null}},{"start":{},"end":{}}]},"8":{"loc":{"start":{"line":63,"column":16},"end":{"line":63,"column":null}},"type":"binary-expr","locations":[{"start":{"line":63,"column":16},"end":{"line":63,"column":26}},{"start":{"line":63,"column":26},"end":{"line":63,"column":null}}]},"9":{"loc":{"start":{"line":74,"column":14},"end":{"line":74,"column":null}},"type":"binary-expr","locations":[{"start":{"line":74,"column":14},"end":{"line":74,"column":24}},{"start":{"line":74,"column":24},"end":{"line":74,"column":null}}]},"10":{"loc":{"start":{"line":79,"column":34},"end":{"line":81,"column":null}},"type":"cond-expr","locations":[{"start":{"line":80,"column":8},"end":{"line":80,"column":140}},{"start":{"line":81,"column":8},"end":{"line":81,"column":null}}]},"11":{"loc":{"start":{"line":95,"column":8},"end":{"line":118,"column":null}},"type":"if","locations":[{"start":{"line":95,"column":8},"end":{"line":118,"column":null}},{"start":{},"end":{}}]},"12":{"loc":{"start":{"line":97,"column":10},"end":{"line":110,"column":null}},"type":"if","locations":[{"start":{"line":97,"column":10},"end":{"line":110,"column":null}},{"start":{},"end":{}}]},"13":{"loc":{"start":{"line":102,"column":25},"end":{"line":102,"column":null}},"type":"binary-expr","locations":[{"start":{"line":102,"column":25},"end":{"line":102,"column":37}},{"start":{"line":102,"column":37},"end":{"line":102,"column":null}}]},"14":{"loc":{"start":{"line":104,"column":31},"end":{"line":104,"column":null}},"type":"binary-expr","locations":[{"start":{"line":104,"column":31},"end":{"line":104,"column":49}},{"start":{"line":104,"column":49},"end":{"line":104,"column":null}}]},"15":{"loc":{"start":{"line":114,"column":20},"end":{"line":114,"column":null}},"type":"binary-expr","locations":[{"start":{"line":114,"column":20},"end":{"line":114,"column":30}},{"start":{"line":114,"column":30},"end":{"line":114,"column":null}}]}},"s":{"0":0,"1":0,"2":0,"3":0,"4":0,"5":0,"6":0,"7":0,"8":0,"9":0,"10":0,"11":0,"12":0,"13":0,"14":0,"15":0,"16":0,"17":0,"18":0,"19":0,"20":0,"21":0,"22":0,"23":0,"24":0,"25":0,"26":0,"27":0,"28":0,"29":0,"30":0,"31":0,"32":0,"33":0,"34":0,"35":0,"36":0,"37":0,"38":0,"39":0,"40":0,"41":0,"42":0,"43":0,"44":0},"f":{"0":0,"1":0},"b":{"0":[0,0],"1":[0,0],"2":[0,0],"3":[0,0],"4":[0,0],"5":[0,0],"6":[0,0],"7":[0,0],"8":[0,0],"9":[0,0],"10":[0,0],"11":[0,0],"12":[0,0],"13":[0,0],"14":[0,0],"15":[0,0]}}
,"/Users/apple/resume-ninja/app/api/billing/checkout/route.ts": {"path":"/Users/apple/resume-ninja/app/api/billing/checkout/route.ts","statementMap":{"0":{"start":{"line":5,"column":22},"end":{"line":5,"column":27}},"1":{"start":{"line":1,"column":29},"end":{"line":1,"column":null}},"2":{"start":{"line":2,"column":29},"end":{"line":2,"column":null}},"3":{"start":{"line":3,"column":38},"end":{"line":3,"column":null}},"4":{"start":{"line":6,"column":2},"end":{"line":47,"column":null}},"5":{"start":{"line":7,"column":21},"end":{"line":7,"column":null}},"6":{"start":{"line":11,"column":8},"end":{"line":11,"column":null}},"7":{"start":{"line":13,"column":4},"end":{"line":15,"column":null}},"8":{"start":{"line":14,"column":6},"end":{"line":14,"column":null}},"9":{"start":{"line":17,"column":17},"end":{"line":17,"column":null}},"10":{"start":{"line":17,"column":46},"end":{"line":17,"column":null}},"11":{"start":{"line":18,"column":17},"end":{"line":18,"column":null}},"12":{"start":{"line":19,"column":4},"end":{"line":21,"column":null}},"13":{"start":{"line":20,"column":6},"end":{"line":20,"column":null}},"14":{"start":{"line":23,"column":19},"end":{"line":23,"column":null}},"15":{"start":{"line":24,"column":18},"end":{"line":24,"column":null}},"16":{"start":{"line":25,"column":4},"end":{"line":27,"column":null}},"17":{"start":{"line":26,"column":6},"end":{"line":26,"column":null}},"18":{"start":{"line":29,"column":19},"end":{"line":29,"column":42}},"19":{"start":{"line":31,"column":20},"end":{"line":41,"column":null}},"20":{"start":{"line":43,"column":4},"end":{"line":43,"column":null}},"21":{"start":{"line":45,"column":4},"end":{"line":45,"column":null}},"22":{"start":{"line":46,"column":4},"end":{"line":46,"column":null}}},"fnMap":{"0":{"name":"POST","decl":{"start":{"line":5,"column":22},"end":{"line":5,"column":27}},"loc":{"start":{"line":5,"column":39},"end":{"line":48,"column":null}}},"1":{"name":"(anonymous_2)","decl":{"start":{"line":17,"column":40},"end":{"line":17,"column":46}},"loc":{"start":{"line":17,"column":46},"end":{"line":17,"column":null}}}},"branchMap":{"0":{"loc":{"start":{"line":13,"column":4},"end":{"line":15,"column":null}},"type":"if","locations":[{"start":{"line":13,"column":4},"end":{"line":15,"column":null}},{"start":{},"end":{}}]},"1":{"loc":{"start":{"line":13,"column":8},"end":{"line":13,"column":24}},"type":"binary-expr","locations":[{"start":{"line":13,"column":8},"end":{"line":13,"column":17}},{"start":{"line":13,"column":17},"end":{"line":13,"column":24}}]},"2":{"loc":{"start":{"line":19,"column":4},"end":{"line":21,"column":null}},"type":"if","locations":[{"start":{"line":19,"column":4},"end":{"line":21,"column":null}},{"start":{},"end":{}}]},"3":{"loc":{"start":{"line":19,"column":8},"end":{"line":19,"column":56}},"type":"binary-expr","locations":[{"start":{"line":19,"column":8},"end":{"line":19,"column":18}},{"start":{"line":19,"column":18},"end":{"line":19,"column":36}},{"start":{"line":19,"column":36},"end":{"line":19,"column":56}}]},"4":{"loc":{"start":{"line":25,"column":4},"end":{"line":27,"column":null}},"type":"if","locations":[{"start":{"line":25,"column":4},"end":{"line":27,"column":null}},{"start":{},"end":{}}]},"5":{"loc":{"start":{"line":34,"column":22},"end":{"line":34,"column":null}},"type":"binary-expr","locations":[{"start":{"line":34,"column":22},"end":{"line":34,"column":32}},{"start":{"line":34,"column":36},"end":{"line":34,"column":null}}]}},"s":{"0":0,"1":0,"2":0,"3":0,"4":0,"5":0,"6":0,"7":0,"8":0,"9":0,"10":0,"11":0,"12":0,"13":0,"14":0,"15":0,"16":0,"17":0,"18":0,"19":0,"20":0,"21":0,"22":0},"f":{"0":0,"1":0},"b":{"0":[0,0],"1":[0,0],"2":[0,0],"3":[0,0,0],"4":[0,0],"5":[0,0]}}
,"/Users/apple/resume-ninja/app/api/billing/webhook/route.ts": {"path":"/Users/apple/resume-ninja/app/api/billing/webhook/route.ts","statementMap":{"0":{"start":{"line":8,"column":22},"end":{"line":8,"column":27}},"1":{"start":{"line":6,"column":13},"end":{"line":6,"column":23}},"2":{"start":{"line":1,"column":29},"end":{"line":1,"column":null}},"3":{"start":{"line":2,"column":19},"end":{"line":2,"column":null}},"4":{"start":{"line":3,"column":34},"end":{"line":3,"column":null}},"5":{"start":{"line":4,"column":51},"end":{"line":4,"column":null}},"6":{"start":{"line":6,"column":23},"end":{"line":6,"column":null}},"7":{"start":{"line":9,"column":14},"end":{"line":9,"column":null}},"8":{"start":{"line":10,"column":24},"end":{"line":10,"column":57}},"9":{"start":{"line":11,"column":23},"end":{"line":11,"column":52}},"10":{"start":{"line":13,"column":2},"end":{"line":15,"column":null}},"11":{"start":{"line":14,"column":4},"end":{"line":14,"column":null}},"12":{"start":{"line":17,"column":18},"end":{"line":17,"column":null}},"13":{"start":{"line":20,"column":2},"end":{"line":26,"column":null}},"14":{"start":{"line":21,"column":19},"end":{"line":21,"column":null}},"15":{"start":{"line":22,"column":4},"end":{"line":22,"column":null}},"16":{"start":{"line":24,"column":4},"end":{"line":24,"column":null}},"17":{"start":{"line":25,"column":4},"end":{"line":25,"column":null}},"18":{"start":{"line":28,"column":2},"end":{"line":68,"column":null}},"19":{"start":{"line":29,"column":4},"end":{"line":62,"column":null}},"20":{"start":{"line":31,"column":24},"end":{"line":31,"column":41}},"21":{"start":{"line":32,"column":23},"end":{"line":32,"column":null}},"22":{"start":{"line":33,"column":21},"end":{"line":33,"column":null}},"23":{"start":{"line":34,"column":8},"end":{"line":34,"column":null}},"24":{"start":{"line":34,"column":21},"end":{"line":34,"column":null}},"25":{"start":{"line":36,"column":25},"end":{"line":36,"column":null}},"26":{"start":{"line":37,"column":39},"end":{"line":37,"column":null}},"27":{"start":{"line":40,"column":45},"end":{"line":40,"column":null}},"28":{"start":{"line":43,"column":32},"end":{"line":43,"column":65}},"29":{"start":{"line":44,"column":8},"end":{"line":46,"column":null}},"30":{"start":{"line":45,"column":10},"end":{"line":45,"column":null}},"31":{"start":{"line":48,"column":8},"end":{"line":48,"column":null}},"32":{"start":{"line":49,"column":8},"end":{"line":49,"column":null}},"33":{"start":{"line":57,"column":8},"end":{"line":57,"column":null}},"34":{"start":{"line":61,"column":8},"end":{"line":61,"column":null}},"35":{"start":{"line":64,"column":4},"end":{"line":64,"column":null}},"36":{"start":{"line":66,"column":4},"end":{"line":66,"column":null}},"37":{"start":{"line":67,"column":4},"end":{"line":67,"column":null}}},"fnMap":{"0":{"name":"POST","decl":{"start":{"line":8,"column":22},"end":{"line":8,"column":27}},"loc":{"start":{"line":8,"column":39},"end":{"line":69,"column":null}}}},"branchMap":{"0":{"loc":{"start":{"line":13,"column":2},"end":{"line":15,"column":null}},"type":"if","locations":[{"start":{"line":13,"column":2},"end":{"line":15,"column":null}},{"start":{},"end":{}}]},"1":{"loc":{"start":{"line":13,"column":6},"end":{"line":13,"column":47}},"type":"binary-expr","locations":[{"start":{"line":13,"column":6},"end":{"line":13,"column":14}},{"start":{"line":13,"column":14},"end":{"line":13,"column":32}},{"start":{"line":13,"column":32},"end":{"line":13,"column":47}}]},"2":{"loc":{"start":{"line":29,"column":4},"end":{"line":62,"column":null}},"type":"switch","locations":[{"start":{"line":30,"column":6},"end":{"line":50,"column":null}},{"start":{"line":52,"column":6},"end":{"line":52,"column":null}},{"start":{"line":53,"column":6},"end":{"line":53,"column":null}},{"start":{"line":54,"column":6},"end":{"line":58,"column":null}},{"start":{"line":60,"column":6},"end":{"line":61,"column":null}}]},"3":{"loc":{"start":{"line":33,"column":21},"end":{"line":33,"column":null}},"type":"binary-expr","locations":[{"start":{"line":33,"column":21},"end":{"line":33,"column":81}},{"start":{"line":33,"column":81},"end":{"line":33,"column":null}}]},"4":{"loc":{"start":{"line":34,"column":8},"end":{"line":34,"column":null}},"type":"if","locations":[{"start":{"line":34,"column":8},"end":{"line":34,"column":null}},{"start":{},"end":{}}]},"5":{"loc":{"start":{"line":37,"column":39},"end":{"line":37,"column":null}},"type":"cond-expr","locations":[{"start":{"line":37,"column":59},"end":{"line":37,"column":74}},{"start":{"line":37,"column":74},"end":{"line":37,"column":null}}]},"6":{"loc":{"start":{"line":44,"column":8},"end":{"line":46,"column":null}},"type":"if","locations":[{"start":{"line":44,"column":8},"end":{"line":46,"column":null}},{"start":{},"end":{}}]}},"s":{"0":0,"1":0,"2":0,"3":0,"4":0,"5":0,"6":0,"7":0,"8":0,"9":0,"10":0,"11":0,"12":0,"13":0,"14":0,"15":0,"16":0,"17":0,"18":0,"19":0,"20":0,"21":0,"22":0,"23":0,"24":0,"25":0,"26":0,"27":0,"28":0,"29":0,"30":0,"31":0,"32":0,"33":0,"34":0,"35":0,"36":0,"37":0},"f":{"0":0},"b":{"0":[0,0],"1":[0,0,0],"2":[0,0,0,0,0],"3":[0,0],"4":[0,0],"5":[0,0],"6":[0,0]}}
,"/Users/apple/resume-ninja/app/api/optimize/route.ts": {"path":"/Users/apple/resume-ninja/app/api/optimize/route.ts","statementMap":{"0":{"start":{"line":12,"column":22},"end":{"line":12,"column":27}},"1":{"start":{"line":10,"column":13},"end":{"line":10,"column":27}},"2":{"start":{"line":1,"column":29},"end":{"line":1,"column":null}},"3":{"start":{"line":2,"column":38},"end":{"line":2,"column":null}},"4":{"start":{"line":3,"column":25},"end":{"line":3,"column":null}},"5":{"start":{"line":4,"column":52},"end":{"line":4,"column":null}},"6":{"start":{"line":5,"column":59},"end":{"line":5,"column":null}},"7":{"start":{"line":6,"column":29},"end":{"line":6,"column":null}},"8":{"start":{"line":7,"column":65},"end":{"line":7,"column":null}},"9":{"start":{"line":8,"column":30},"end":{"line":8,"column":null}},"10":{"start":{"line":10,"column":27},"end":{"line":10,"column":null}},"11":{"start":{"line":13,"column":2},"end":{"line":97,"column":null}},"12":{"start":{"line":14,"column":23},"end":{"line":14,"column":null}},"13":{"start":{"line":16,"column":4},"end":{"line":18,"column":null}},"14":{"start":{"line":17,"column":6},"end":{"line":17,"column":null}},"15":{"start":{"line":20,"column":23},"end":{"line":20,"column":41}},"16":{"start":{"line":21,"column":17},"end":{"line":21,"column":null}},"17":{"start":{"line":23,"column":23},"end":{"line":23,"column":null}},"18":{"start":{"line":25,"column":4},"end":{"line":34,"column":null}},"19":{"start":{"line":26,"column":6},"end":{"line":32,"column":null}},"20":{"start":{"line":33,"column":6},"end":{"line":33,"column":null}},"21":{"start":{"line":36,"column":73},"end":{"line":36,"column":88}},"22":{"start":{"line":38,"column":4},"end":{"line":47,"column":null}},"23":{"start":{"line":39,"column":6},"end":{"line":45,"column":null}},"24":{"start":{"line":46,"column":6},"end":{"line":46,"column":null}},"25":{"start":{"line":49,"column":4},"end":{"line":54,"column":null}},"26":{"start":{"line":56,"column":34},"end":{"line":58,"column":null}},"27":{"start":{"line":60,"column":19},"end":{"line":64,"column":null}},"28":{"start":{"line":66,"column":19},"end":{"line":91,"column":null}},"29":{"start":{"line":73,"column":8},"end":{"line":89,"column":null}},"30":{"start":{"line":74,"column":10},"end":{"line":74,"column":null}},"31":{"start":{"line":76,"column":27},"end":{"line":76,"column":null}},"32":{"start":{"line":77,"column":10},"end":{"line":81,"column":null}},"33":{"start":{"line":83,"column":10},"end":{"line":88,"column":null}},"34":{"start":{"line":93,"column":4},"end":{"line":93,"column":null}},"35":{"start":{"line":95,"column":4},"end":{"line":95,"column":null}},"36":{"start":{"line":96,"column":4},"end":{"line":96,"column":null}}},"fnMap":{"0":{"name":"POST","decl":{"start":{"line":12,"column":22},"end":{"line":12,"column":27}},"loc":{"start":{"line":12,"column":39},"end":{"line":98,"column":null}}},"1":{"name":"(anonymous_4)","decl":{"start":{"line":72,"column":16},"end":{"line":72,"column":23}},"loc":{"start":{"line":72,"column":33},"end":{"line":90,"column":null}}}},"branchMap":{"0":{"loc":{"start":{"line":16,"column":4},"end":{"line":18,"column":null}},"type":"if","locations":[{"start":{"line":16,"column":4},"end":{"line":18,"column":null}},{"start":{},"end":{}}]},"1":{"loc":{"start":{"line":25,"column":4},"end":{"line":34,"column":null}},"type":"if","locations":[{"start":{"line":25,"column":4},"end":{"line":34,"column":null}},{"start":{},"end":{}}]},"2":{"loc":{"start":{"line":38,"column":4},"end":{"line":47,"column":null}},"type":"if","locations":[{"start":{"line":38,"column":4},"end":{"line":47,"column":null}},{"start":{},"end":{}}]},"3":{"loc":{"start":{"line":56,"column":34},"end":{"line":58,"column":null}},"type":"cond-expr","locations":[{"start":{"line":57,"column":8},"end":{"line":57,"column":103}},{"start":{"line":58,"column":8},"end":{"line":58,"column":null}}]},"4":{"loc":{"start":{"line":62,"column":24},"end":{"line":62,"column":null}},"type":"binary-expr","locations":[{"start":{"line":62,"column":24},"end":{"line":62,"column":44}},{"start":{"line":62,"column":44},"end":{"line":62,"column":null}}]},"5":{"loc":{"start":{"line":73,"column":8},"end":{"line":89,"column":null}},"type":"if","locations":[{"start":{"line":73,"column":8},"end":{"line":89,"column":null}},{"start":{},"end":{}}]},"6":{"loc":{"start":{"line":73,"column":12},"end":{"line":73,"column":34}},"type":"binary-expr","locations":[{"start":{"line":73,"column":12},"end":{"line":73,"column":22}},{"start":{"line":73,"column":22},"end":{"line":73,"column":34}}]}},"s":{"0":0,"1":0,"2":0,"3":0,"4":0,"5":0,"6":0,"7":0,"8":0,"9":0,"10":0,"11":0,"12":0,"13":0,"14":0,"15":0,"16":0,"17":0,"18":0,"19":0,"20":0,"21":0,"22":0,"23":0,"24":0,"25":0,"26":0,"27":0,"28":0,"29":0,"30":0,"31":0,"32":0,"33":0,"34":0,"35":0,"36":0},"f":{"0":0,"1":0},"b":{"0":[0,0],"1":[0,0],"2":[0,0],"3":[0,0],"4":[0,0],"5":[0,0],"6":[0,0]}}
,"/Users/apple/resume-ninja/app/api/user/history/route.ts": {"path":"/Users/apple/resume-ninja/app/api/user/history/route.ts","statementMap":{"0":{"start":{"line":4,"column":22},"end":{"line":4,"column":26}},"1":{"start":{"line":1,"column":29},"end":{"line":1,"column":null}},"2":{"start":{"line":2,"column":29},"end":{"line":2,"column":null}},"3":{"start":{"line":5,"column":2},"end":{"line":62,"column":null}},"4":{"start":{"line":6,"column":21},"end":{"line":6,"column":null}},"5":{"start":{"line":11,"column":8},"end":{"line":11,"column":null}},"6":{"start":{"line":13,"column":4},"end":{"line":15,"column":null}},"7":{"start":{"line":14,"column":6},"end":{"line":14,"column":null}},"8":{"start":{"line":17,"column":16},"end":{"line":17,"column":null}},"9":{"start":{"line":18,"column":18},"end":{"line":18,"column":null}},"10":{"start":{"line":19,"column":19},"end":{"line":19,"column":null}},"11":{"start":{"line":26,"column":8},"end":{"line":46,"column":null}},"12":{"start":{"line":48,"column":4},"end":{"line":51,"column":null}},"13":{"start":{"line":49,"column":6},"end":{"line":49,"column":null}},"14":{"start":{"line":50,"column":6},"end":{"line":50,"column":null}},"15":{"start":{"line":53,"column":4},"end":{"line":58,"column":null}},"16":{"start":{"line":60,"column":4},"end":{"line":60,"column":null}},"17":{"start":{"line":61,"column":4},"end":{"line":61,"column":null}}},"fnMap":{"0":{"name":"GET","decl":{"start":{"line":4,"column":22},"end":{"line":4,"column":26}},"loc":{"start":{"line":4,"column":38},"end":{"line":63,"column":null}}}},"branchMap":{"0":{"loc":{"start":{"line":13,"column":4},"end":{"line":15,"column":null}},"type":"if","locations":[{"start":{"line":13,"column":4},"end":{"line":15,"column":null}},{"start":{},"end":{}}]},"1":{"loc":{"start":{"line":13,"column":8},"end":{"line":13,"column":28}},"type":"binary-expr","locations":[{"start":{"line":13,"column":8},"end":{"line":13,"column":21}},{"start":{"line":13,"column":21},"end":{"line":13,"column":28}}]},"2":{"loc":{"start":{"line":18,"column":34},"end":{"line":18,"column":null}},"type":"binary-expr","locations":[{"start":{"line":18,"column":34},"end":{"line":18,"column":67}},{"start":{"line":18,"column":67},"end":{"line":18,"column":null}}]},"3":{"loc":{"start":{"line":19,"column":35},"end":{"line":19,"column":null}},"type":"binary-expr","locations":[{"start":{"line":19,"column":35},"end":{"line":19,"column":69}},{"start":{"line":19,"column":69},"end":{"line":19,"column":null}}]},"4":{"loc":{"start":{"line":48,"column":4},"end":{"line":51,"column":null}},"type":"if","locations":[{"start":{"line":48,"column":4},"end":{"line":51,"column":null}},{"start":{},"end":{}}]}},"s":{"0":0,"1":0,"2":0,"3":0,"4":0,"5":0,"6":0,"7":0,"8":0,"9":0,"10":0,"11":0,"12":0,"13":0,"14":0,"15":0,"16":0,"17":0},"f":{"0":0},"b":{"0":[0,0],"1":[0,0],"2":[0,0],"3":[0,0],"4":[0,0]}}
,"/Users/apple/resume-ninja/app/api/user/profile/route.ts": {"path":"/Users/apple/resume-ninja/app/api/user/profile/route.ts","statementMap":{"0":{"start":{"line":4,"column":22},"end":{"line":4,"column":null}},"1":{"start":{"line":1,"column":29},"end":{"line":1,"column":null}},"2":{"start":{"line":2,"column":29},"end":{"line":2,"column":null}},"3":{"start":{"line":5,"column":2},"end":{"line":31,"column":null}},"4":{"start":{"line":6,"column":21},"end":{"line":6,"column":null}},"5":{"start":{"line":11,"column":8},"end":{"line":11,"column":null}},"6":{"start":{"line":13,"column":4},"end":{"line":15,"column":null}},"7":{"start":{"line":14,"column":6},"end":{"line":14,"column":null}},"8":{"start":{"line":17,"column":51},"end":{"line":21,"column":null}},"9":{"start":{"line":23,"column":4},"end":{"line":25,"column":null}},"10":{"start":{"line":24,"column":6},"end":{"line":24,"column":null}},"11":{"start":{"line":27,"column":4},"end":{"line":27,"column":null}},"12":{"start":{"line":29,"column":4},"end":{"line":29,"column":null}},"13":{"start":{"line":30,"column":4},"end":{"line":30,"column":null}}},"fnMap":{"0":{"name":"GET","decl":{"start":{"line":4,"column":22},"end":{"line":4,"column":null}},"loc":{"start":{"line":4,"column":22},"end":{"line":32,"column":null}}}},"branchMap":{"0":{"loc":{"start":{"line":13,"column":4},"end":{"line":15,"column":null}},"type":"if","locations":[{"start":{"line":13,"column":4},"end":{"line":15,"column":null}},{"start":{},"end":{}}]},"1":{"loc":{"start":{"line":13,"column":8},"end":{"line":13,"column":28}},"type":"binary-expr","locations":[{"start":{"line":13,"column":8},"end":{"line":13,"column":21}},{"start":{"line":13,"column":21},"end":{"line":13,"column":28}}]},"2":{"loc":{"start":{"line":23,"column":4},"end":{"line":25,"column":null}},"type":"if","locations":[{"start":{"line":23,"column":4},"end":{"line":25,"column":null}},{"start":{},"end":{}}]}},"s":{"0":0,"1":0,"2":0,"3":0,"4":0,"5":0,"6":0,"7":0,"8":0,"9":0,"10":0,"11":0,"12":0,"13":0},"f":{"0":0},"b":{"0":[0,0],"1":[0,0],"2":[0,0]}}
,"/Users/apple/resume-ninja/app/api/user/stats/route.ts": {"path":"/Users/apple/resume-ninja/app/api/user/stats/route.ts","statementMap":{"0":{"start":{"line":5,"column":22},"end":{"line":5,"column":null}},"1":{"start":{"line":1,"column":29},"end":{"line":1,"column":null}},"2":{"start":{"line":2,"column":29},"end":{"line":2,"column":null}},"3":{"start":{"line":3,"column":30},"end":{"line":3,"column":null}},"4":{"start":{"line":6,"column":2},"end":{"line":39,"column":null}},"5":{"start":{"line":7,"column":21},"end":{"line":7,"column":null}},"6":{"start":{"line":12,"column":8},"end":{"line":12,"column":null}},"7":{"start":{"line":14,"column":4},"end":{"line":16,"column":null}},"8":{"start":{"line":15,"column":6},"end":{"line":15,"column":null}},"9":{"start":{"line":18,"column":18},"end":{"line":18,"column":null}},"10":{"start":{"line":21,"column":31},"end":{"line":25,"column":null}},"11":{"start":{"line":28,"column":6},"end":{"line":30,"column":null}},"12":{"start":{"line":29,"column":49},"end":{"line":29,"column":75}},"13":{"start":{"line":32,"column":4},"end":{"line":35,"column":null}},"14":{"start":{"line":37,"column":4},"end":{"line":37,"column":null}},"15":{"start":{"line":38,"column":4},"end":{"line":38,"column":null}}},"fnMap":{"0":{"name":"GET","decl":{"start":{"line":5,"column":22},"end":{"line":5,"column":null}},"loc":{"start":{"line":5,"column":22},"end":{"line":40,"column":null}}},"1":{"name":"(anonymous_2)","decl":{"start":{"line":29,"column":37},"end":{"line":29,"column":38}},"loc":{"start":{"line":29,"column":49},"end":{"line":29,"column":75}}}},"branchMap":{"0":{"loc":{"start":{"line":14,"column":4},"end":{"line":16,"column":null}},"type":"if","locations":[{"start":{"line":14,"column":4},"end":{"line":16,"column":null}},{"start":{},"end":{}}]},"1":{"loc":{"start":{"line":14,"column":8},"end":{"line":14,"column":28}},"type":"binary-expr","locations":[{"start":{"line":14,"column":8},"end":{"line":14,"column":21}},{"start":{"line":14,"column":21},"end":{"line":14,"column":28}}]},"2":{"loc":{"start":{"line":28,"column":6},"end":{"line":30,"column":null}},"type":"cond-expr","locations":[{"start":{"line":29,"column":10},"end":{"line":29,"column":null}},{"start":{"line":30,"column":10},"end":{"line":30,"column":null}}]},"3":{"loc":{"start":{"line":28,"column":6},"end":{"line":28,"column":null}},"type":"binary-expr","locations":[{"start":{"line":28,"column":6},"end":{"line":28,"column":18}},{"start":{"line":28,"column":18},"end":{"line":28,"column":null}}]},"4":{"loc":{"start":{"line":29,"column":56},"end":{"line":29,"column":75}},"type":"binary-expr","locations":[{"start":{"line":29,"column":56},"end":{"line":29,"column":67}},{"start":{"line":29,"column":71},"end":{"line":29,"column":75}}]}},"s":{"0":0,"1":0,"2":0,"3":0,"4":0,"5":0,"6":0,"7":0,"8":0,"9":0,"10":0,"11":0,"12":0,"13":0,"14":0,"15":0},"f":{"0":0,"1":0},"b":{"0":[0,0],"1":[0,0],"2":[0,0],"3":[0,0],"4":[0,0]}}
,"/Users/apple/resume-ninja/app/auth/layout.tsx": {"path":"/Users/apple/resume-ninja/app/auth/layout.tsx","statementMap":{"0":{"start":{"line":8,"column":24},"end":{"line":8,"column":35}},"1":{"start":{"line":3,"column":13},"end":{"line":3,"column":34}},"2":{"start":{"line":3,"column":34},"end":{"line":6,"column":null}}},"fnMap":{"0":{"name":"AuthLayout","decl":{"start":{"line":8,"column":24},"end":{"line":8,"column":35}},"loc":{"start":{"line":12,"column":1},"end":{"line":18,"column":null}}}},"branchMap":{},"s":{"0":0,"1":0,"2":0},"f":{"0":0},"b":{}}
,"/Users/apple/resume-ninja/app/auth/error/page.tsx": {"path":"/Users/apple/resume-ninja/app/auth/error/page.tsx","statementMap":{"0":{"start":{"line":7,"column":30},"end":{"line":7,"column":44}},"1":{"start":{"line":1,"column":74},"end":{"line":1,"column":null}},"2":{"start":{"line":2,"column":23},"end":{"line":2,"column":null}},"3":{"start":{"line":3,"column":17},"end":{"line":3,"column":null}},"4":{"start":{"line":4,"column":18},"end":{"line":4,"column":null}},"5":{"start":{"line":5,"column":30},"end":{"line":5,"column":null}},"6":{"start":{"line":12,"column":17},"end":{"line":12,"column":null}}},"fnMap":{"0":{"name":"AuthErrorPage","decl":{"start":{"line":7,"column":30},"end":{"line":7,"column":44}},"loc":{"start":{"line":11,"column":1},"end":{"line":48,"column":null}}}},"branchMap":{"0":{"loc":{"start":{"line":36,"column":11},"end":{"line":36,"column":null}},"type":"binary-expr","locations":[{"start":{"line":36,"column":11},"end":{"line":36,"column":null}}]}},"s":{"0":0,"1":0,"2":0,"3":0,"4":0,"5":0,"6":0},"f":{"0":0},"b":{"0":[0]}}
,"/Users/apple/resume-ninja/app/auth/forgot-password/page.tsx": {"path":"/Users/apple/resume-ninja/app/auth/forgot-password/page.tsx","statementMap":{"0":{"start":{"line":16,"column":24},"end":{"line":16,"column":null}},"1":{"start":{"line":5,"column":29},"end":{"line":5,"column":null}},"2":{"start":{"line":6,"column":23},"end":{"line":6,"column":null}},"3":{"start":{"line":7,"column":74},"end":{"line":7,"column":null}},"4":{"start":{"line":8,"column":22},"end":{"line":8,"column":null}},"5":{"start":{"line":9,"column":22},"end":{"line":9,"column":null}},"6":{"start":{"line":10,"column":17},"end":{"line":10,"column":null}},"7":{"start":{"line":11,"column":18},"end":{"line":11,"column":null}},"8":{"start":{"line":12,"column":26},"end":{"line":12,"column":null}},"9":{"start":{"line":13,"column":25},"end":{"line":13,"column":null}},"10":{"start":{"line":14,"column":41},"end":{"line":14,"column":null}},"11":{"start":{"line":17,"column":28},"end":{"line":17,"column":null}},"12":{"start":{"line":18,"column":28},"end":{"line":18,"column":null}},"13":{"start":{"line":19,"column":32},"end":{"line":19,"column":null}},"14":{"start":{"line":20,"column":36},"end":{"line":20,"column":null}},"15":{"start":{"line":21,"column":17},"end":{"line":21,"column":null}},"16":{"start":{"line":23,"column":30},"end":{"line":40,"column":null}},"17":{"start":{"line":24,"column":4},"end":{"line":24,"column":null}},"18":{"start":{"line":25,"column":21},"end":{"line":25,"column":null}},"19":{"start":{"line":26,"column":4},"end":{"line":26,"column":null}},"20":{"start":{"line":27,"column":4},"end":{"line":27,"column":null}},"21":{"start":{"line":29,"column":4},"end":{"line":39,"column":null}},"22":{"start":{"line":30,"column":24},"end":{"line":32,"column":null}},"23":{"start":{"line":33,"column":6},"end":{"line":33,"column":null}},"24":{"start":{"line":33,"column":17},"end":{"line":33,"column":null}},"25":{"start":{"line":34,"column":6},"end":{"line":34,"column":null}},"26":{"start":{"line":36,"column":6},"end":{"line":36,"column":null}},"27":{"start":{"line":38,"column":6},"end":{"line":38,"column":null}},"28":{"start":{"line":42,"column":2},"end":{"line":77,"column":null}},"29":{"start":{"line":110,"column":35},"end":{"line":110,"column":null}}},"fnMap":{"0":{"name":"ForgotPasswordPage","decl":{"start":{"line":16,"column":24},"end":{"line":16,"column":null}},"loc":{"start":{"line":16,"column":24},"end":{"line":137,"column":null}}},"1":{"name":"(anonymous_3)","decl":{"start":{"line":23,"column":30},"end":{"line":23,"column":37}},"loc":{"start":{"line":23,"column":37},"end":{"line":40,"column":null}}},"2":{"name":"(anonymous_4)","decl":{"start":{"line":110,"column":28},"end":{"line":110,"column":29}},"loc":{"start":{"line":110,"column":35},"end":{"line":110,"column":null}}}},"branchMap":{"0":{"loc":{"start":{"line":33,"column":6},"end":{"line":33,"column":null}},"type":"if","locations":[{"start":{"line":33,"column":6},"end":{"line":33,"column":null}},{"start":{},"end":{}}]},"1":{"loc":{"start":{"line":36,"column":15},"end":{"line":36,"column":null}},"type":"cond-expr","locations":[{"start":{"line":36,"column":40},"end":{"line":36,"column":53}},{"start":{"line":36,"column":56},"end":{"line":36,"column":null}}]},"2":{"loc":{"start":{"line":42,"column":2},"end":{"line":77,"column":null}},"type":"if","locations":[{"start":{"line":42,"column":2},"end":{"line":77,"column":null}},{"start":{},"end":{}}]},"3":{"loc":{"start":{"line":114,"column":15},"end":{"line":114,"column":24}},"type":"binary-expr","locations":[{"start":{"line":114,"column":15},"end":{"line":114,"column":24}}]},"4":{"loc":{"start":{"line":116,"column":17},"end":{"line":122,"column":null}},"type":"cond-expr","locations":[{"start":{"line":117,"column":18},"end":{"line":122,"column":null}},{"start":{"line":122,"column":18},"end":{"line":122,"column":null}}]}},"s":{"0":0,"1":0,"2":0,"3":0,"4":0,"5":0,"6":0,"7":0,"8":0,"9":0,"10":0,"11":0,"12":0,"13":0,"14":0,"15":0,"16":0,"17":0,"18":0,"19":0,"20":0,"21":0,"22":0,"23":0,"24":0,"25":0,"26":0,"27":0,"28":0,"29":0},"f":{"0":0,"1":0,"2":0},"b":{"0":[0,0],"1":[0,0],"2":[0,0],"3":[0],"4":[0,0]}}
,"/Users/apple/resume-ninja/app/auth/login/loading.tsx": {"path":"/Users/apple/resume-ninja/app/auth/login/loading.tsx","statementMap":{"0":{"start":{"line":1,"column":24},"end":{"line":1,"column":null}},"1":{"start":{"line":2,"column":2},"end":{"line":2,"column":null}}},"fnMap":{"0":{"name":"Loading","decl":{"start":{"line":1,"column":24},"end":{"line":1,"column":null}},"loc":{"start":{"line":1,"column":24},"end":{"line":3,"column":null}}}},"branchMap":{},"s":{"0":0,"1":0},"f":{"0":0},"b":{}}
,"/Users/apple/resume-ninja/app/auth/login/page.tsx": {"path":"/Users/apple/resume-ninja/app/auth/login/page.tsx","statementMap":{"0":{"start":{"line":16,"column":24},"end":{"line":16,"column":null}},"1":{"start":{"line":5,"column":29},"end":{"line":5,"column":null}},"2":{"start":{"line":6,"column":23},"end":{"line":6,"column":null}},"3":{"start":{"line":7,"column":74},"end":{"line":7,"column":null}},"4":{"start":{"line":8,"column":22},"end":{"line":8,"column":null}},"5":{"start":{"line":9,"column":22},"end":{"line":9,"column":null}},"6":{"start":{"line":10,"column":17},"end":{"line":10,"column":null}},"7":{"start":{"line":11,"column":18},"end":{"line":11,"column":null}},"8":{"start":{"line":12,"column":43},"end":{"line":12,"column":null}},"9":{"start":{"line":13,"column":25},"end":{"line":13,"column":null}},"10":{"start":{"line":14,"column":24},"end":{"line":14,"column":null}},"11":{"start":{"line":17,"column":28},"end":{"line":17,"column":null}},"12":{"start":{"line":18,"column":34},"end":{"line":18,"column":null}},"13":{"start":{"line":19,"column":28},"end":{"line":19,"column":null}},"14":{"start":{"line":20,"column":36},"end":{"line":20,"column":null}},"15":{"start":{"line":21,"column":17},"end":{"line":21,"column":null}},"16":{"start":{"line":22,"column":23},"end":{"line":22,"column":null}},"17":{"start":{"line":23,"column":21},"end":{"line":23,"column":null}},"18":{"start":{"line":25,"column":22},"end":{"line":44,"column":null}},"19":{"start":{"line":26,"column":4},"end":{"line":26,"column":null}},"20":{"start":{"line":27,"column":21},"end":{"line":27,"column":null}},"21":{"start":{"line":28,"column":4},"end":{"line":28,"column":null}},"22":{"start":{"line":29,"column":4},"end":{"line":29,"column":null}},"23":{"start":{"line":31,"column":4},"end":{"line":43,"column":null}},"24":{"start":{"line":32,"column":24},"end":{"line":35,"column":null}},"25":{"start":{"line":36,"column":6},"end":{"line":36,"column":null}},"26":{"start":{"line":36,"column":17},"end":{"line":36,"column":null}},"27":{"start":{"line":37,"column":6},"end":{"line":37,"column":null}},"28":{"start":{"line":38,"column":6},"end":{"line":38,"column":null}},"29":{"start":{"line":40,"column":6},"end":{"line":40,"column":null}},"30":{"start":{"line":42,"column":6},"end":{"line":42,"column":null}},"31":{"start":{"line":75,"column":35},"end":{"line":75,"column":null}},"32":{"start":{"line":86,"column":35},"end":{"line":86,"column":null}}},"fnMap":{"0":{"name":"LoginPage","decl":{"start":{"line":16,"column":24},"end":{"line":16,"column":null}},"loc":{"start":{"line":16,"column":24},"end":{"line":120,"column":null}}},"1":{"name":"(anonymous_3)","decl":{"start":{"line":25,"column":22},"end":{"line":25,"column":29}},"loc":{"start":{"line":25,"column":29},"end":{"line":44,"column":null}}},"2":{"name":"(anonymous_4)","decl":{"start":{"line":75,"column":28},"end":{"line":75,"column":29}},"loc":{"start":{"line":75,"column":35},"end":{"line":75,"column":null}}},"3":{"name":"(anonymous_5)","decl":{"start":{"line":86,"column":28},"end":{"line":86,"column":29}},"loc":{"start":{"line":86,"column":35},"end":{"line":86,"column":null}}}},"branchMap":{"0":{"loc":{"start":{"line":23,"column":21},"end":{"line":23,"column":null}},"type":"binary-expr","locations":[{"start":{"line":23,"column":21},"end":{"line":23,"column":53}},{"start":{"line":23,"column":53},"end":{"line":23,"column":null}}]},"1":{"loc":{"start":{"line":36,"column":6},"end":{"line":36,"column":null}},"type":"if","locations":[{"start":{"line":36,"column":6},"end":{"line":36,"column":null}},{"start":{},"end":{}}]},"2":{"loc":{"start":{"line":40,"column":15},"end":{"line":40,"column":null}},"type":"cond-expr","locations":[{"start":{"line":40,"column":40},"end":{"line":40,"column":53}},{"start":{"line":40,"column":56},"end":{"line":40,"column":null}}]},"3":{"loc":{"start":{"line":90,"column":15},"end":{"line":90,"column":24}},"type":"binary-expr","locations":[{"start":{"line":90,"column":15},"end":{"line":90,"column":24}}]},"4":{"loc":{"start":{"line":92,"column":17},"end":{"line":98,"column":null}},"type":"cond-expr","locations":[{"start":{"line":93,"column":18},"end":{"line":98,"column":null}},{"start":{"line":98,"column":18},"end":{"line":98,"column":null}}]}},"s":{"0":0,"1":0,"2":0,"3":0,"4":0,"5":0,"6":0,"7":0,"8":0,"9":0,"10":0,"11":0,"12":0,"13":0,"14":0,"15":0,"16":0,"17":0,"18":0,"19":0,"20":0,"21":0,"22":0,"23":0,"24":0,"25":0,"26":0,"27":0,"28":0,"29":0,"30":0,"31":0,"32":0},"f":{"0":0,"1":0,"2":0,"3":0},"b":{"0":[0,0],"1":[0,0],"2":[0,0],"3":[0],"4":[0,0]}}
,"/Users/apple/resume-ninja/app/auth/reset-password/page.tsx": {"path":"/Users/apple/resume-ninja/app/auth/reset-password/page.tsx","statementMap":{"0":{"start":{"line":168,"column":24},"end":{"line":168,"column":null}},"1":{"start":{"line":5,"column":29},"end":{"line":5,"column":null}},"2":{"start":{"line":6,"column":23},"end":{"line":6,"column":null}},"3":{"start":{"line":7,"column":74},"end":{"line":7,"column":null}},"4":{"start":{"line":8,"column":22},"end":{"line":8,"column":null}},"5":{"start":{"line":9,"column":22},"end":{"line":9,"column":null}},"6":{"start":{"line":10,"column":17},"end":{"line":10,"column":null}},"7":{"start":{"line":11,"column":18},"end":{"line":11,"column":null}},"8":{"start":{"line":12,"column":43},"end":{"line":12,"column":null}},"9":{"start":{"line":13,"column":46},"end":{"line":13,"column":null}},"10":{"start":{"line":14,"column":48},"end":{"line":14,"column":null}},"11":{"start":{"line":17,"column":34},"end":{"line":17,"column":null}},"12":{"start":{"line":18,"column":48},"end":{"line":18,"column":null}},"13":{"start":{"line":19,"column":28},"end":{"line":19,"column":null}},"14":{"start":{"line":20,"column":36},"end":{"line":20,"column":null}},"15":{"start":{"line":21,"column":36},"end":{"line":21,"column":null}},"16":{"start":{"line":22,"column":17},"end":{"line":22,"column":null}},"17":{"start":{"line":23,"column":23},"end":{"line":23,"column":null}},"18":{"start":{"line":25,"column":2},"end":{"line":31,"column":null}},"19":{"start":{"line":27,"column":23},"end":{"line":27,"column":null}},"20":{"start":{"line":28,"column":4},"end":{"line":30,"column":null}},"21":{"start":{"line":29,"column":6},"end":{"line":29,"column":null}},"22":{"start":{"line":33,"column":30},"end":{"line":62,"column":null}},"23":{"start":{"line":34,"column":4},"end":{"line":34,"column":null}},"24":{"start":{"line":35,"column":21},"end":{"line":35,"column":null}},"25":{"start":{"line":36,"column":4},"end":{"line":36,"column":null}},"26":{"start":{"line":37,"column":4},"end":{"line":37,"column":null}},"27":{"start":{"line":39,"column":4},"end":{"line":43,"column":null}},"28":{"start":{"line":40,"column":6},"end":{"line":40,"column":null}},"29":{"start":{"line":41,"column":6},"end":{"line":41,"column":null}},"30":{"start":{"line":42,"column":6},"end":{"line":42,"column":null}},"31":{"start":{"line":45,"column":4},"end":{"line":49,"column":null}},"32":{"start":{"line":46,"column":6},"end":{"line":46,"column":null}},"33":{"start":{"line":47,"column":6},"end":{"line":47,"column":null}},"34":{"start":{"line":48,"column":6},"end":{"line":48,"column":null}},"35":{"start":{"line":51,"column":4},"end":{"line":61,"column":null}},"36":{"start":{"line":52,"column":24},"end":{"line":54,"column":null}},"37":{"start":{"line":55,"column":6},"end":{"line":55,"column":null}},"38":{"start":{"line":55,"column":17},"end":{"line":55,"column":null}},"39":{"start":{"line":56,"column":6},"end":{"line":56,"column":null}},"40":{"start":{"line":58,"column":6},"end":{"line":58,"column":null}},"41":{"start":{"line":60,"column":6},"end":{"line":60,"column":null}},"42":{"start":{"line":64,"column":2},"end":{"line":96,"column":null}},"43":{"start":{"line":128,"column":35},"end":{"line":128,"column":null}},"44":{"start":{"line":139,"column":35},"end":{"line":139,"column":null}}},"fnMap":{"0":{"name":"ResetPasswordForm","decl":{"start":{"line":16,"column":9},"end":{"line":16,"column":null}},"loc":{"start":{"line":16,"column":9},"end":{"line":166,"column":null}}},"1":{"name":"(anonymous_3)","decl":{"start":{"line":25,"column":12},"end":{"line":25,"column":null}},"loc":{"start":{"line":25,"column":12},"end":{"line":31,"column":5}}},"2":{"name":"(anonymous_4)","decl":{"start":{"line":33,"column":30},"end":{"line":33,"column":37}},"loc":{"start":{"line":33,"column":37},"end":{"line":62,"column":null}}},"3":{"name":"(anonymous_5)","decl":{"start":{"line":128,"column":28},"end":{"line":128,"column":29}},"loc":{"start":{"line":128,"column":35},"end":{"line":128,"column":null}}},"4":{"name":"(anonymous_6)","decl":{"start":{"line":139,"column":28},"end":{"line":139,"column":29}},"loc":{"start":{"line":139,"column":35},"end":{"line":139,"column":null}}},"5":{"name":"ResetPasswordPage","decl":{"start":{"line":168,"column":24},"end":{"line":168,"column":null}},"loc":{"start":{"line":168,"column":24},"end":{"line":178,"column":null}}}},"branchMap":{"0":{"loc":{"start":{"line":28,"column":4},"end":{"line":30,"column":null}},"type":"if","locations":[{"start":{"line":28,"column":4},"end":{"line":30,"column":null}},{"start":{},"end":{}}]},"1":{"loc":{"start":{"line":39,"column":4},"end":{"line":43,"column":null}},"type":"if","locations":[{"start":{"line":39,"column":4},"end":{"line":43,"column":null}},{"start":{},"end":{}}]},"2":{"loc":{"start":{"line":45,"column":4},"end":{"line":49,"column":null}},"type":"if","locations":[{"start":{"line":45,"column":4},"end":{"line":49,"column":null}},{"start":{},"end":{}}]},"3":{"loc":{"start":{"line":55,"column":6},"end":{"line":55,"column":null}},"type":"if","locations":[{"start":{"line":55,"column":6},"end":{"line":55,"column":null}},{"start":{},"end":{}}]},"4":{"loc":{"start":{"line":58,"column":15},"end":{"line":58,"column":null}},"type":"cond-expr","locations":[{"start":{"line":58,"column":40},"end":{"line":58,"column":53}},{"start":{"line":58,"column":56},"end":{"line":58,"column":null}}]},"5":{"loc":{"start":{"line":64,"column":2},"end":{"line":96,"column":null}},"type":"if","locations":[{"start":{"line":64,"column":2},"end":{"line":96,"column":null}},{"start":{},"end":{}}]},"6":{"loc":{"start":{"line":143,"column":15},"end":{"line":143,"column":24}},"type":"binary-expr","locations":[{"start":{"line":143,"column":15},"end":{"line":143,"column":24}}]},"7":{"loc":{"start":{"line":145,"column":17},"end":{"line":151,"column":null}},"type":"cond-expr","locations":[{"start":{"line":146,"column":18},"end":{"line":151,"column":null}},{"start":{"line":151,"column":18},"end":{"line":151,"column":null}}]}},"s":{"0":0,"1":0,"2":0,"3":0,"4":0,"5":0,"6":0,"7":0,"8":0,"9":0,"10":0,"11":0,"12":0,"13":0,"14":0,"15":0,"16":0,"17":0,"18":0,"19":0,"20":0,"21":0,"22":0,"23":0,"24":0,"25":0,"26":0,"27":0,"28":0,"29":0,"30":0,"31":0,"32":0,"33":0,"34":0,"35":0,"36":0,"37":0,"38":0,"39":0,"40":0,"41":0,"42":0,"43":0,"44":0},"f":{"0":0,"1":0,"2":0,"3":0,"4":0,"5":0},"b":{"0":[0,0],"1":[0,0],"2":[0,0],"3":[0,0],"4":[0,0],"5":[0,0],"6":[0],"7":[0,0]}}
,"/Users/apple/resume-ninja/app/auth/sign-up/page.tsx": {"path":"/Users/apple/resume-ninja/app/auth/sign-up/page.tsx","statementMap":{"0":{"start":{"line":16,"column":24},"end":{"line":16,"column":null}},"1":{"start":{"line":5,"column":29},"end":{"line":5,"column":null}},"2":{"start":{"line":6,"column":23},"end":{"line":6,"column":null}},"3":{"start":{"line":7,"column":74},"end":{"line":7,"column":null}},"4":{"start":{"line":8,"column":22},"end":{"line":8,"column":null}},"5":{"start":{"line":9,"column":22},"end":{"line":9,"column":null}},"6":{"start":{"line":10,"column":17},"end":{"line":10,"column":null}},"7":{"start":{"line":11,"column":18},"end":{"line":11,"column":null}},"8":{"start":{"line":12,"column":26},"end":{"line":12,"column":null}},"9":{"start":{"line":13,"column":25},"end":{"line":13,"column":null}},"10":{"start":{"line":14,"column":24},"end":{"line":14,"column":null}},"11":{"start":{"line":17,"column":34},"end":{"line":17,"column":null}},"12":{"start":{"line":18,"column":28},"end":{"line":18,"column":null}},"13":{"start":{"line":19,"column":34},"end":{"line":19,"column":null}},"14":{"start":{"line":20,"column":48},"end":{"line":20,"column":null}},"15":{"start":{"line":21,"column":28},"end":{"line":21,"column":null}},"16":{"start":{"line":22,"column":36},"end":{"line":22,"column":null}},"17":{"start":{"line":23,"column":17},"end":{"line":23,"column":null}},"18":{"start":{"line":25,"column":23},"end":{"line":61,"column":null}},"19":{"start":{"line":26,"column":4},"end":{"line":26,"column":null}},"20":{"start":{"line":27,"column":21},"end":{"line":27,"column":null}},"21":{"start":{"line":28,"column":4},"end":{"line":28,"column":null}},"22":{"start":{"line":29,"column":4},"end":{"line":29,"column":null}},"23":{"start":{"line":31,"column":4},"end":{"line":35,"column":null}},"24":{"start":{"line":32,"column":6},"end":{"line":32,"column":null}},"25":{"start":{"line":33,"column":6},"end":{"line":33,"column":null}},"26":{"start":{"line":34,"column":6},"end":{"line":34,"column":null}},"27":{"start":{"line":37,"column":4},"end":{"line":41,"column":null}},"28":{"start":{"line":38,"column":6},"end":{"line":38,"column":null}},"29":{"start":{"line":39,"column":6},"end":{"line":39,"column":null}},"30":{"start":{"line":40,"column":6},"end":{"line":40,"column":null}},"31":{"start":{"line":43,"column":4},"end":{"line":60,"column":null}},"32":{"start":{"line":44,"column":24},"end":{"line":53,"column":null}},"33":{"start":{"line":54,"column":6},"end":{"line":54,"column":null}},"34":{"start":{"line":54,"column":17},"end":{"line":54,"column":null}},"35":{"start":{"line":55,"column":6},"end":{"line":55,"column":null}},"36":{"start":{"line":57,"column":6},"end":{"line":57,"column":null}},"37":{"start":{"line":59,"column":6},"end":{"line":59,"column":null}},"38":{"start":{"line":91,"column":35},"end":{"line":91,"column":null}},"39":{"start":{"line":103,"column":35},"end":{"line":103,"column":null}},"40":{"start":{"line":114,"column":35},"end":{"line":114,"column":null}},"41":{"start":{"line":125,"column":35},"end":{"line":125,"column":null}}},"fnMap":{"0":{"name":"SignUpPage","decl":{"start":{"line":16,"column":24},"end":{"line":16,"column":null}},"loc":{"start":{"line":16,"column":24},"end":{"line":152,"column":null}}},"1":{"name":"(anonymous_3)","decl":{"start":{"line":25,"column":23},"end":{"line":25,"column":30}},"loc":{"start":{"line":25,"column":30},"end":{"line":61,"column":null}}},"2":{"name":"(anonymous_4)","decl":{"start":{"line":91,"column":28},"end":{"line":91,"column":29}},"loc":{"start":{"line":91,"column":35},"end":{"line":91,"column":null}}},"3":{"name":"(anonymous_5)","decl":{"start":{"line":103,"column":28},"end":{"line":103,"column":29}},"loc":{"start":{"line":103,"column":35},"end":{"line":103,"column":null}}},"4":{"name":"(anonymous_6)","decl":{"start":{"line":114,"column":28},"end":{"line":114,"column":29}},"loc":{"start":{"line":114,"column":35},"end":{"line":114,"column":null}}},"5":{"name":"(anonymous_7)","decl":{"start":{"line":125,"column":28},"end":{"line":125,"column":29}},"loc":{"start":{"line":125,"column":35},"end":{"line":125,"column":null}}}},"branchMap":{"0":{"loc":{"start":{"line":31,"column":4},"end":{"line":35,"column":null}},"type":"if","locations":[{"start":{"line":31,"column":4},"end":{"line":35,"column":null}},{"start":{},"end":{}}]},"1":{"loc":{"start":{"line":37,"column":4},"end":{"line":41,"column":null}},"type":"if","locations":[{"start":{"line":37,"column":4},"end":{"line":41,"column":null}},{"start":{},"end":{}}]},"2":{"loc":{"start":{"line":48,"column":27},"end":{"line":48,"column":117}},"type":"binary-expr","locations":[{"start":{"line":48,"column":27},"end":{"line":48,"column":76}},{"start":{"line":48,"column":80},"end":{"line":48,"column":117}}]},"3":{"loc":{"start":{"line":54,"column":6},"end":{"line":54,"column":null}},"type":"if","locations":[{"start":{"line":54,"column":6},"end":{"line":54,"column":null}},{"start":{},"end":{}}]},"4":{"loc":{"start":{"line":57,"column":15},"end":{"line":57,"column":null}},"type":"cond-expr","locations":[{"start":{"line":57,"column":40},"end":{"line":57,"column":53}},{"start":{"line":57,"column":56},"end":{"line":57,"column":null}}]},"5":{"loc":{"start":{"line":129,"column":15},"end":{"line":129,"column":24}},"type":"binary-expr","locations":[{"start":{"line":129,"column":15},"end":{"line":129,"column":24}}]},"6":{"loc":{"start":{"line":131,"column":17},"end":{"line":137,"column":null}},"type":"cond-expr","locations":[{"start":{"line":132,"column":18},"end":{"line":137,"column":null}},{"start":{"line":137,"column":18},"end":{"line":137,"column":null}}]}},"s":{"0":0,"1":0,"2":0,"3":0,"4":0,"5":0,"6":0,"7":0,"8":0,"9":0,"10":0,"11":0,"12":0,"13":0,"14":0,"15":0,"16":0,"17":0,"18":0,"19":0,"20":0,"21":0,"22":0,"23":0,"24":0,"25":0,"26":0,"27":0,"28":0,"29":0,"30":0,"31":0,"32":0,"33":0,"34":0,"35":0,"36":0,"37":0,"38":0,"39":0,"40":0,"41":0},"f":{"0":0,"1":0,"2":0,"3":0,"4":0,"5":0},"b":{"0":[0,0],"1":[0,0],"2":[0,0],"3":[0,0],"4":[0,0],"5":[0],"6":[0,0]}}
,"/Users/apple/resume-ninja/app/auth/sign-up-success/page.tsx": {"path":"/Users/apple/resume-ninja/app/auth/sign-up-success/page.tsx","statementMap":{"0":{"start":{"line":7,"column":24},"end":{"line":7,"column":null}},"1":{"start":{"line":1,"column":74},"end":{"line":1,"column":null}},"2":{"start":{"line":2,"column":23},"end":{"line":2,"column":null}},"3":{"start":{"line":3,"column":17},"end":{"line":3,"column":null}},"4":{"start":{"line":4,"column":18},"end":{"line":4,"column":null}},"5":{"start":{"line":5,"column":34},"end":{"line":5,"column":null}}},"fnMap":{"0":{"name":"SignUpSuccessPage","decl":{"start":{"line":7,"column":24},"end":{"line":7,"column":null}},"loc":{"start":{"line":7,"column":24},"end":{"line":46,"column":null}}}},"branchMap":{},"s":{"0":0,"1":0,"2":0,"3":0,"4":0,"5":0},"f":{"0":0},"b":{}}
,"/Users/apple/resume-ninja/app/dashboard/error.tsx": {"path":"/Users/apple/resume-ninja/app/dashboard/error.tsx","statementMap":{"0":{"start":{"line":9,"column":24},"end":{"line":9,"column":39}},"1":{"start":{"line":3,"column":26},"end":{"line":3,"column":null}},"2":{"start":{"line":4,"column":17},"end":{"line":4,"column":null}},"3":{"start":{"line":5,"column":23},"end":{"line":5,"column":null}},"4":{"start":{"line":6,"column":74},"end":{"line":6,"column":null}},"5":{"start":{"line":7,"column":47},"end":{"line":7,"column":null}},"6":{"start":{"line":16,"column":2},"end":{"line":18,"column":null}},"7":{"start":{"line":17,"column":4},"end":{"line":17,"column":null}}},"fnMap":{"0":{"name":"DashboardError","decl":{"start":{"line":9,"column":24},"end":{"line":9,"column":39}},"loc":{"start":{"line":15,"column":1},"end":{"line":47,"column":null}}},"1":{"name":"(anonymous_3)","decl":{"start":{"line":16,"column":12},"end":{"line":16,"column":null}},"loc":{"start":{"line":16,"column":12},"end":{"line":18,"column":5}}}},"branchMap":{},"s":{"0":0,"1":0,"2":0,"3":0,"4":0,"5":0,"6":0,"7":0},"f":{"0":0,"1":0},"b":{}}
,"/Users/apple/resume-ninja/app/dashboard/page.tsx": {"path":"/Users/apple/resume-ninja/app/dashboard/page.tsx","statementMap":{"0":{"start":{"line":13,"column":30},"end":{"line":13,"column":null}},"1":{"start":{"line":1,"column":25},"end":{"line":1,"column":null}},"2":{"start":{"line":2,"column":17},"end":{"line":2,"column":null}},"3":{"start":{"line":3,"column":18},"end":{"line":3,"column":null}},"4":{"start":{"line":4,"column":29},"end":{"line":4,"column":null}},"5":{"start":{"line":5,"column":23},"end":{"line":5,"column":null}},"6":{"start":{"line":6,"column":74},"end":{"line":6,"column":null}},"7":{"start":{"line":7,"column":24},"end":{"line":7,"column":null}},"8":{"start":{"line":8,"column":31},"end":{"line":8,"column":null}},"9":{"start":{"line":9,"column":31},"end":{"line":9,"column":null}},"10":{"start":{"line":10,"column":29},"end":{"line":10,"column":null}},"11":{"start":{"line":11,"column":35},"end":{"line":11,"column":null}},"12":{"start":{"line":14,"column":19},"end":{"line":14,"column":null}},"13":{"start":{"line":19,"column":6},"end":{"line":19,"column":null}},"14":{"start":{"line":20,"column":2},"end":{"line":22,"column":null}},"15":{"start":{"line":21,"column":4},"end":{"line":21,"column":null}},"16":{"start":{"line":24,"column":28},"end":{"line":24,"column":null}}},"fnMap":{"0":{"name":"DashboardPage","decl":{"start":{"line":13,"column":30},"end":{"line":13,"column":null}},"loc":{"start":{"line":13,"column":30},"end":{"line":121,"column":null}}}},"branchMap":{"0":{"loc":{"start":{"line":20,"column":2},"end":{"line":22,"column":null}},"type":"if","locations":[{"start":{"line":20,"column":2},"end":{"line":22,"column":null}},{"start":{},"end":{}}]},"1":{"loc":{"start":{"line":20,"column":6},"end":{"line":20,"column":22}},"type":"binary-expr","locations":[{"start":{"line":20,"column":6},"end":{"line":20,"column":15}},{"start":{"line":20,"column":15},"end":{"line":20,"column":22}}]},"2":{"loc":{"start":{"line":42,"column":35},"end":{"line":42,"column":58}},"type":"binary-expr","locations":[{"start":{"line":42,"column":35},"end":{"line":42,"column":55}},{"start":{"line":42,"column":55},"end":{"line":42,"column":58}}]},"3":{"loc":{"start":{"line":42,"column":64},"end":{"line":42,"column":null}},"type":"binary-expr","locations":[{"start":{"line":42,"column":64},"end":{"line":42,"column":94}},{"start":{"line":42,"column":94},"end":{"line":42,"column":null}}]},"4":{"loc":{"start":{"line":52,"column":25},"end":{"line":52,"column":null}},"type":"cond-expr","locations":[{"start":{"line":52,"column":46},"end":{"line":52,"column":70}},{"start":{"line":52,"column":73},"end":{"line":52,"column":null}}]}},"s":{"0":0,"1":0,"2":0,"3":0,"4":0,"5":0,"6":0,"7":0,"8":0,"9":0,"10":0,"11":0,"12":0,"13":0,"14":0,"15":0,"16":0},"f":{"0":0},"b":{"0":[0,0],"1":[0,0],"2":[0,0],"3":[0,0],"4":[0,0]}}
,"/Users/apple/resume-ninja/app/dashboard/analysis/[id]/page.tsx": {"path":"/Users/apple/resume-ninja/app/dashboard/analysis/[id]/page.tsx","statementMap":{"0":{"start":{"line":17,"column":30},"end":{"line":17,"column":43}},"1":{"start":{"line":1,"column":35},"end":{"line":1,"column":null}},"2":{"start":{"line":2,"column":17},"end":{"line":2,"column":null}},"3":{"start":{"line":3,"column":18},"end":{"line":3,"column":null}},"4":{"start":{"line":4,"column":29},"end":{"line":4,"column":null}},"5":{"start":{"line":5,"column":23},"end":{"line":5,"column":null}},"6":{"start":{"line":6,"column":74},"end":{"line":6,"column":null}},"7":{"start":{"line":7,"column":22},"end":{"line":7,"column":null}},"8":{"start":{"line":8,"column":24},"end":{"line":8,"column":null}},"9":{"start":{"line":9,"column":29},"end":{"line":9,"column":null}},"10":{"start":{"line":10,"column":93},"end":{"line":10,"column":null}},"11":{"start":{"line":11,"column":19},"end":{"line":11,"column":null}},"12":{"start":{"line":18,"column":17},"end":{"line":18,"column":null}},"13":{"start":{"line":19,"column":19},"end":{"line":19,"column":null}},"14":{"start":{"line":24,"column":6},"end":{"line":24,"column":null}},"15":{"start":{"line":25,"column":2},"end":{"line":27,"column":null}},"16":{"start":{"line":26,"column":4},"end":{"line":26,"column":null}},"17":{"start":{"line":29,"column":28},"end":{"line":33,"column":null}},"18":{"start":{"line":35,"column":29},"end":{"line":45,"column":null}},"19":{"start":{"line":47,"column":2},"end":{"line":49,"column":null}},"20":{"start":{"line":48,"column":4},"end":{"line":48,"column":null}},"21":{"start":{"line":51,"column":25},"end":{"line":51,"column":49}},"22":{"start":{"line":59,"column":16},"end":{"line":59,"column":null}},"23":{"start":{"line":60,"column":21},"end":{"line":60,"column":null}},"24":{"start":{"line":61,"column":19},"end":{"line":61,"column":null}},"25":{"start":{"line":147,"column":18},"end":{"line":147,"column":null}},"26":{"start":{"line":179,"column":24},"end":{"line":179,"column":40}},"27":{"start":{"line":191,"column":24},"end":{"line":191,"column":40}},"28":{"start":{"line":213,"column":18},"end":{"line":213,"column":116}},"29":{"start":{"line":215,"column":18},"end":{"line":219,"column":null}},"30":{"start":{"line":221,"column":16},"end":{"line":222,"column":31}}},"fnMap":{"0":{"name":"AnalysisPage","decl":{"start":{"line":17,"column":30},"end":{"line":17,"column":43}},"loc":{"start":{"line":17,"column":72},"end":{"line":244,"column":null}}},"1":{"name":"(anonymous_3)","decl":{"start":{"line":146,"column":51},"end":{"line":146,"column":52}},"loc":{"start":{"line":147,"column":18},"end":{"line":147,"column":null}}},"2":{"name":"(anonymous_4)","decl":{"start":{"line":178,"column":70},"end":{"line":178,"column":71}},"loc":{"start":{"line":179,"column":24},"end":{"line":179,"column":40}}},"3":{"name":"(anonymous_5)","decl":{"start":{"line":190,"column":72},"end":{"line":190,"column":73}},"loc":{"start":{"line":191,"column":24},"end":{"line":191,"column":40}}},"4":{"name":"(anonymous_6)","decl":{"start":{"line":211,"column":41},"end":{"line":211,"column":42}},"loc":{"start":{"line":211,"column":49},"end":{"line":237,"column":null}}}},"branchMap":{"0":{"loc":{"start":{"line":25,"column":2},"end":{"line":27,"column":null}},"type":"if","locations":[{"start":{"line":25,"column":2},"end":{"line":27,"column":null}},{"start":{},"end":{}}]},"1":{"loc":{"start":{"line":25,"column":6},"end":{"line":25,"column":22}},"type":"binary-expr","locations":[{"start":{"line":25,"column":6},"end":{"line":25,"column":15}},{"start":{"line":25,"column":15},"end":{"line":25,"column":22}}]},"2":{"loc":{"start":{"line":47,"column":2},"end":{"line":49,"column":null}},"type":"if","locations":[{"start":{"line":47,"column":2},"end":{"line":49,"column":null}},{"start":{},"end":{}}]},"3":{"loc":{"start":{"line":59,"column":16},"end":{"line":59,"column":null}},"type":"binary-expr","locations":[{"start":{"line":59,"column":16},"end":{"line":59,"column":34}},{"start":{"line":59,"column":38},"end":{"line":59,"column":null}}]},"4":{"loc":{"start":{"line":60,"column":21},"end":{"line":60,"column":null}},"type":"cond-expr","locations":[{"start":{"line":60,"column":35},"end":{"line":60,"column":52}},{"start":{"line":60,"column":52},"end":{"line":60,"column":null}}]},"5":{"loc":{"start":{"line":60,"column":52},"end":{"line":60,"column":null}},"type":"cond-expr","locations":[{"start":{"line":60,"column":66},"end":{"line":60,"column":83}},{"start":{"line":60,"column":83},"end":{"line":60,"column":null}}]},"6":{"loc":{"start":{"line":61,"column":19},"end":{"line":61,"column":null}},"type":"binary-expr","locations":[{"start":{"line":61,"column":19},"end":{"line":61,"column":100}},{"start":{"line":61,"column":100},"end":{"line":61,"column":null}}]},"7":{"loc":{"start":{"line":79,"column":35},"end":{"line":79,"column":58}},"type":"binary-expr","locations":[{"start":{"line":79,"column":35},"end":{"line":79,"column":55}},{"start":{"line":79,"column":55},"end":{"line":79,"column":58}}]},"8":{"loc":{"start":{"line":79,"column":64},"end":{"line":79,"column":null}},"type":"binary-expr","locations":[{"start":{"line":79,"column":64},"end":{"line":79,"column":94}},{"start":{"line":79,"column":94},"end":{"line":79,"column":null}}]},"9":{"loc":{"start":{"line":105,"column":17},"end":{"line":105,"column":41}},"type":"binary-expr","locations":[{"start":{"line":105,"column":17},"end":{"line":105,"column":41}}]},"10":{"loc":{"start":{"line":114,"column":13},"end":{"line":114,"column":39}},"type":"binary-expr","locations":[{"start":{"line":114,"column":13},"end":{"line":114,"column":39}}]},"11":{"loc":{"start":{"line":131,"column":13},"end":{"line":131,"column":null}},"type":"binary-expr","locations":[{"start":{"line":131,"column":13},"end":{"line":131,"column":null}}]},"12":{"loc":{"start":{"line":139,"column":11},"end":{"line":139,"column":null}},"type":"binary-expr","locations":[{"start":{"line":139,"column":11},"end":{"line":139,"column":null}}]},"13":{"loc":{"start":{"line":167,"column":11},"end":{"line":167,"column":null}},"type":"binary-expr","locations":[{"start":{"line":167,"column":11},"end":{"line":167,"column":null}}]},"14":{"loc":{"start":{"line":174,"column":17},"end":{"line":174,"column":null}},"type":"binary-expr","locations":[{"start":{"line":174,"column":17},"end":{"line":174,"column":null}}]},"15":{"loc":{"start":{"line":186,"column":17},"end":{"line":186,"column":null}},"type":"binary-expr","locations":[{"start":{"line":186,"column":17},"end":{"line":186,"column":null}}]},"16":{"loc":{"start":{"line":204,"column":9},"end":{"line":204,"column":35}},"type":"binary-expr","locations":[{"start":{"line":204,"column":9},"end":{"line":204,"column":35}},{"start":{"line":204,"column":35},"end":{"line":204,"column":null}}]},"17":{"loc":{"start":{"line":213,"column":18},"end":{"line":213,"column":116}},"type":"cond-expr","locations":[{"start":{"line":213,"column":50},"end":{"line":213,"column":57}},{"start":{"line":213,"column":60},"end":{"line":213,"column":116}}]},"18":{"loc":{"start":{"line":213,"column":60},"end":{"line":213,"column":116}},"type":"cond-expr","locations":[{"start":{"line":213,"column":89},"end":{"line":213,"column":102}},{"start":{"line":213,"column":105},"end":{"line":213,"column":116}}]},"19":{"loc":{"start":{"line":215,"column":18},"end":{"line":219,"column":null}},"type":"cond-expr","locations":[{"start":{"line":216,"column":22},"end":{"line":216,"column":null}},{"start":{"line":217,"column":22},"end":{"line":219,"column":null}}]},"20":{"loc":{"start":{"line":217,"column":22},"end":{"line":219,"column":null}},"type":"cond-expr","locations":[{"start":{"line":218,"column":24},"end":{"line":218,"column":null}},{"start":{"line":219,"column":24},"end":{"line":219,"column":null}}]}},"s":{"0":0,"1":0,"2":0,"3":0,"4":0,"5":0,"6":0,"7":0,"8":0,"9":0,"10":0,"11":0,"12":0,"13":0,"14":0,"15":0,"16":0,"17":0,"18":0,"19":0,"20":0,"21":0,"22":0,"23":0,"24":0,"25":0,"26":0,"27":0,"28":0,"29":0,"30":0},"f":{"0":0,"1":0,"2":0,"3":0,"4":0},"b":{"0":[0,0],"1":[0,0],"2":[0,0],"3":[0,0],"4":[0,0],"5":[0,0],"6":[0,0],"7":[0,0],"8":[0,0],"9":[0],"10":[0],"11":[0],"12":[0],"13":[0],"14":[0],"15":[0],"16":[0,0],"17":[0,0],"18":[0,0],"19":[0,0],"20":[0,0]}}
,"/Users/apple/resume-ninja/app/dashboard/history/page.tsx": {"path":"/Users/apple/resume-ninja/app/dashboard/history/page.tsx","statementMap":{"0":{"start":{"line":13,"column":30},"end":{"line":13,"column":null}},"1":{"start":{"line":1,"column":25},"end":{"line":1,"column":null}},"2":{"start":{"line":2,"column":17},"end":{"line":2,"column":null}},"3":{"start":{"line":3,"column":18},"end":{"line":3,"column":null}},"4":{"start":{"line":4,"column":29},"end":{"line":4,"column":null}},"5":{"start":{"line":5,"column":23},"end":{"line":5,"column":null}},"6":{"start":{"line":6,"column":74},"end":{"line":6,"column":null}},"7":{"start":{"line":7,"column":22},"end":{"line":7,"column":null}},"8":{"start":{"line":8,"column":24},"end":{"line":8,"column":null}},"9":{"start":{"line":9,"column":29},"end":{"line":9,"column":null}},"10":{"start":{"line":10,"column":61},"end":{"line":10,"column":null}},"11":{"start":{"line":11,"column":19},"end":{"line":11,"column":null}},"12":{"start":{"line":14,"column":19},"end":{"line":14,"column":null}},"13":{"start":{"line":19,"column":6},"end":{"line":19,"column":null}},"14":{"start":{"line":20,"column":2},"end":{"line":22,"column":null}},"15":{"start":{"line":21,"column":4},"end":{"line":21,"column":null}},"16":{"start":{"line":24,"column":28},"end":{"line":28,"column":null}},"17":{"start":{"line":30,"column":29},"end":{"line":44,"column":null}},"18":{"start":{"line":97,"column":32},"end":{"line":97,"column":null}},"19":{"start":{"line":99,"column":20},"end":{"line":103,"column":null}},"20":{"start":{"line":105,"column":20},"end":{"line":105,"column":null}},"21":{"start":{"line":106,"column":39},"end":{"line":106,"column":67}},"22":{"start":{"line":108,"column":18},"end":{"line":110,"column":null}}},"fnMap":{"0":{"name":"HistoryPage","decl":{"start":{"line":13,"column":30},"end":{"line":13,"column":null}},"loc":{"start":{"line":13,"column":30},"end":{"line":164,"column":null}}},"1":{"name":"(anonymous_3)","decl":{"start":{"line":96,"column":30},"end":{"line":96,"column":31}},"loc":{"start":{"line":96,"column":31},"end":{"line":156,"column":null}}}},"branchMap":{"0":{"loc":{"start":{"line":20,"column":2},"end":{"line":22,"column":null}},"type":"if","locations":[{"start":{"line":20,"column":2},"end":{"line":22,"column":null}},{"start":{},"end":{}}]},"1":{"loc":{"start":{"line":20,"column":6},"end":{"line":20,"column":22}},"type":"binary-expr","locations":[{"start":{"line":20,"column":6},"end":{"line":20,"column":15}},{"start":{"line":20,"column":15},"end":{"line":20,"column":22}}]},"2":{"loc":{"start":{"line":62,"column":35},"end":{"line":62,"column":58}},"type":"binary-expr","locations":[{"start":{"line":62,"column":35},"end":{"line":62,"column":55}},{"start":{"line":62,"column":55},"end":{"line":62,"column":58}}]},"3":{"loc":{"start":{"line":62,"column":64},"end":{"line":62,"column":null}},"type":"binary-expr","locations":[{"start":{"line":62,"column":64},"end":{"line":62,"column":94}},{"start":{"line":62,"column":94},"end":{"line":62,"column":null}}]},"4":{"loc":{"start":{"line":84,"column":14},"end":{"line":95,"column":15}},"type":"cond-expr","locations":[{"start":{"line":84,"column":14},"end":{"line":95,"column":15}}]},"5":{"loc":{"start":{"line":83,"column":13},"end":{"line":83,"column":null}},"type":"binary-expr","locations":[{"start":{"line":83,"column":13},"end":{"line":83,"column":26}},{"start":{"line":83,"column":26},"end":{"line":83,"column":null}}]},"6":{"loc":{"start":{"line":97,"column":32},"end":{"line":97,"column":null}},"type":"binary-expr","locations":[{"start":{"line":97,"column":32},"end":{"line":97,"column":50}},{"start":{"line":97,"column":54},"end":{"line":97,"column":null}}]},"7":{"loc":{"start":{"line":99,"column":20},"end":{"line":103,"column":null}},"type":"cond-expr","locations":[{"start":{"line":100,"column":24},"end":{"line":100,"column":null}},{"start":{"line":101,"column":24},"end":{"line":103,"column":null}}]},"8":{"loc":{"start":{"line":101,"column":24},"end":{"line":103,"column":null}},"type":"cond-expr","locations":[{"start":{"line":102,"column":26},"end":{"line":102,"column":null}},{"start":{"line":103,"column":26},"end":{"line":103,"column":null}}]},"9":{"loc":{"start":{"line":105,"column":20},"end":{"line":105,"column":null}},"type":"binary-expr","locations":[{"start":{"line":105,"column":20},"end":{"line":105,"column":101}},{"start":{"line":105,"column":101},"end":{"line":105,"column":null}}]},"10":{"loc":{"start":{"line":125,"column":31},"end":{"line":125,"column":null}},"type":"binary-expr","locations":[{"start":{"line":125,"column":31},"end":{"line":125,"column":53}},{"start":{"line":125,"column":57},"end":{"line":125,"column":null}}]},"11":{"loc":{"start":{"line":127,"column":29},"end":{"line":127,"column":53}},"type":"binary-expr","locations":[{"start":{"line":127,"column":29},"end":{"line":127,"column":53}}]},"12":{"loc":{"start":{"line":132,"column":29},"end":{"line":132,"column":45}},"type":"binary-expr","locations":[{"start":{"line":132,"column":29},"end":{"line":132,"column":45}}]},"13":{"loc":{"start":{"line":147,"column":27},"end":{"line":147,"column":null}},"type":"binary-expr","locations":[{"start":{"line":147,"column":27},"end":{"line":147,"column":null}}]}},"s":{"0":0,"1":0,"2":0,"3":0,"4":0,"5":0,"6":0,"7":0,"8":0,"9":0,"10":0,"11":0,"12":0,"13":0,"14":0,"15":0,"16":0,"17":0,"18":0,"19":0,"20":0,"21":0,"22":0},"f":{"0":0,"1":0},"b":{"0":[0,0],"1":[0,0],"2":[0,0],"3":[0,0],"4":[0],"5":[0,0],"6":[0,0],"7":[0,0],"8":[0,0],"9":[0,0],"10":[0,0],"11":[0],"12":[0],"13":[0]}}
,"/Users/apple/resume-ninja/app/faq/metadata.ts": {"path":"/Users/apple/resume-ninja/app/faq/metadata.ts","statementMap":{"0":{"start":{"line":3,"column":13},"end":{"line":3,"column":34}},"1":{"start":{"line":3,"column":34},"end":{"line":17,"column":null}}},"fnMap":{},"branchMap":{},"s":{"0":0,"1":0},"f":{},"b":{}}
,"/Users/apple/resume-ninja/app/faq/page.tsx": {"path":"/Users/apple/resume-ninja/app/faq/page.tsx","statementMap":{"0":{"start":{"line":72,"column":24},"end":{"line":72,"column":null}},"1":{"start":{"line":3,"column":25},"end":{"line":3,"column":null}},"2":{"start":{"line":4,"column":57},"end":{"line":4,"column":null}},"3":{"start":{"line":5,"column":23},"end":{"line":5,"column":null}},"4":{"start":{"line":6,"column":17},"end":{"line":6,"column":null}},"5":{"start":{"line":7,"column":42},"end":{"line":7,"column":null}},"6":{"start":{"line":16,"column":16},"end":{"line":43,"column":null}},"7":{"start":{"line":17,"column":30},"end":{"line":17,"column":null}},"8":{"start":{"line":22,"column":23},"end":{"line":22,"column":null}},"9":{"start":{"line":51,"column":12},"end":{"line":51,"column":24}},"10":{"start":{"line":59,"column":10},"end":{"line":59,"column":null}},"11":{"start":{"line":61,"column":14},"end":{"line":61,"column":26}}},"fnMap":{"0":{"name":"(anonymous_2)","decl":{"start":{"line":16,"column":16},"end":{"line":16,"column":17}},"loc":{"start":{"line":16,"column":81},"end":{"line":43,"column":null}}},"1":{"name":"(anonymous_3)","decl":{"start":{"line":22,"column":17},"end":{"line":22,"column":23}},"loc":{"start":{"line":22,"column":23},"end":{"line":22,"column":null}}},"2":{"name":"(anonymous_5)","decl":{"start":{"line":50,"column":23},"end":{"line":50,"column":24}},"loc":{"start":{"line":51,"column":12},"end":{"line":51,"column":24}}},"3":{"name":"(anonymous_6)","decl":{"start":{"line":58,"column":18},"end":{"line":58,"column":19}},"loc":{"start":{"line":59,"column":10},"end":{"line":59,"column":null}}},"4":{"name":"(anonymous_7)","decl":{"start":{"line":60,"column":21},"end":{"line":60,"column":22}},"loc":{"start":{"line":61,"column":14},"end":{"line":61,"column":26}}},"5":{"name":"FAQPage","decl":{"start":{"line":72,"column":24},"end":{"line":72,"column":null}},"loc":{"start":{"line":72,"column":24},"end":{"line":449,"column":null}}}},"branchMap":{"0":{"loc":{"start":{"line":16,"column":46},"end":{"line":16,"column":65}},"type":"default-arg","locations":[{"start":{"line":16,"column":60},"end":{"line":16,"column":65}}]},"1":{"loc":{"start":{"line":29,"column":18},"end":{"line":29,"column":57}},"type":"cond-expr","locations":[{"start":{"line":29,"column":18},"end":{"line":29,"column":57}}]},"2":{"loc":{"start":{"line":35,"column":66},"end":{"line":35,"column":127}},"type":"cond-expr","locations":[{"start":{"line":35,"column":75},"end":{"line":35,"column":106}},{"start":{"line":35,"column":106},"end":{"line":35,"column":127}}]}},"s":{"0":0,"1":0,"2":0,"3":0,"4":0,"5":0,"6":0,"7":0,"8":0,"9":0,"10":0,"11":0},"f":{"0":0,"1":0,"2":0,"3":0,"4":0,"5":0},"b":{"0":[0],"1":[0],"2":[0,0]}}
[...]
:89,"column":30},"end":{"line":89,"column":31}},"loc":{"start":{"line":89,"column":37},"end":{"line":89,"column":52}}},"3":{"name":"(anonymous_4)","decl":{"start":{"line":108,"column":8},"end":{"line":108,"column":9}},"loc":{"start":{"line":108,"column":17},"end":{"line":113,"column":5}}}},"branchMap":{"0":{"loc":{"start":{"line":50,"column":4},"end":{"line":60,"column":null}},"type":"cond-expr","locations":[{"start":{"line":51,"column":8},"end":{"line":59,"column":3}},{"start":{"line":60,"column":8},"end":{"line":60,"column":null}}]},"1":{"loc":{"start":{"line":53,"column":12},"end":{"line":53,"column":47}},"type":"binary-expr","locations":[{"start":{"line":53,"column":12},"end":{"line":53,"column":31}},{"start":{"line":53,"column":35},"end":{"line":53,"column":47}}]},"2":{"loc":{"start":{"line":56,"column":10},"end":{"line":56,"column":115}},"type":"cond-expr","locations":[{"start":{"line":56,"column":36},"end":{"line":56,"column":109}},{"start":{"line":56,"column":112},"end":{"line":56,"column":115}}]},"3":{"loc":{"start":{"line":64,"column":4},"end":{"line":69,"column":null}},"type":"cond-expr","locations":[{"start":{"line":65,"column":8},"end":{"line":68,"column":3}},{"start":{"line":69,"column":8},"end":{"line":69,"column":null}}]},"4":{"loc":{"start":{"line":73,"column":4},"end":{"line":99,"column":null}},"type":"cond-expr","locations":[{"start":{"line":74,"column":8},"end":{"line":98,"column":3}},{"start":{"line":99,"column":8},"end":{"line":99,"column":null}}]},"5":{"loc":{"start":{"line":81,"column":35},"end":{"line":81,"column":55}},"type":"binary-expr","locations":[{"start":{"line":81,"column":35},"end":{"line":81,"column":48}},{"start":{"line":81,"column":52},"end":{"line":81,"column":55}}]},"6":{"loc":{"start":{"line":81,"column":60},"end":{"line":81,"column":85}},"type":"binary-expr","locations":[{"start":{"line":81,"column":60},"end":{"line":81,"column":71}},{"start":{"line":81,"column":75},"end":{"line":81,"column":85}}]},"7":{"loc":{"start":{"line":86,"column":10},"end":{"line":92,"column":null}},"type":"cond-expr","locations":[{"start":{"line":87,"column":14},"end":{"line":91,"column":9}},{"start":{"line":92,"column":14},"end":{"line":92,"column":null}}]},"8":{"loc":{"start":{"line":103,"column":4},"end":{"line":117,"column":null}},"type":"cond-expr","locations":[{"start":{"line":104,"column":8},"end":{"line":116,"column":3}},{"start":{"line":117,"column":8},"end":{"line":117,"column":null}}]},"9":{"loc":{"start":{"line":110,"column":31},"end":{"line":110,"column":65}},"type":"cond-expr","locations":[{"start":{"line":110,"column":43},"end":{"line":110,"column":59}},{"start":{"line":110,"column":62},"end":{"line":110,"column":65}}]},"10":{"loc":{"start":{"line":111,"column":28},"end":{"line":111,"column":81}},"type":"cond-expr","locations":[{"start":{"line":111,"column":49},"end":{"line":111,"column":75}},{"start":{"line":111,"column":78},"end":{"line":111,"column":81}}]},"11":{"loc":{"start":{"line":121,"column":4},"end":{"line":126,"column":null}},"type":"cond-expr","locations":[{"start":{"line":122,"column":8},"end":{"line":125,"column":3}},{"start":{"line":126,"column":8},"end":{"line":126,"column":null}}]}},"s":{"0":0,"1":0,"2":0,"3":0,"4":0},"f":{"0":0,"1":0,"2":0,"3":0},"b":{"0":[0,0],"1":[0,0],"2":[0,0],"3":[0,0],"4":[0,0],"5":[0,0],"6":[0,0],"7":[0,0],"8":[0,0],"9":[0,0],"10":[0,0],"11":[0,0]}}
,"/Users/apple/resume-ninja/lib/templates/generator.ts": {"path":"/Users/apple/resume-ninja/lib/templates/generator.ts","statementMap":{"0":{"start":{"line":30,"column":16},"end":{"line":30,"column":31}},"1":{"start":{"line":10,"column":16},"end":{"line":10,"column":31}},"2":{"start":{"line":54,"column":16},"end":{"line":54,"column":28}},"3":{"start":{"line":2,"column":57},"end":{"line":2,"column":null}},"4":{"start":{"line":3,"column":35},"end":{"line":3,"column":null}},"5":{"start":{"line":4,"column":38},"end":{"line":4,"column":null}},"6":{"start":{"line":5,"column":38},"end":{"line":5,"column":null}},"7":{"start":{"line":11,"column":2},"end":{"line":14,"column":null}},"8":{"start":{"line":13,"column":4},"end":{"line":13,"column":null}},"9":{"start":{"line":17,"column":2},"end":{"line":27,"column":null}},"10":{"start":{"line":19,"column":6},"end":{"line":19,"column":null}},"11":{"start":{"line":21,"column":6},"end":{"line":21,"column":null}},"12":{"start":{"line":23,"column":6},"end":{"line":23,"column":null}},"13":{"start":{"line":26,"column":6},"end":{"line":26,"column":null}},"14":{"start":{"line":31,"column":20},"end":{"line":35,"column":null}},"15":{"start":{"line":37,"column":21},"end":{"line":41,"column":null}},"16":{"start":{"line":43,"column":15},"end":{"line":43,"column":null}},"17":{"start":{"line":44,"column":14},"end":{"line":44,"column":null}},"18":{"start":{"line":45,"column":12},"end":{"line":45,"column":null}},"19":{"start":{"line":46,"column":2},"end":{"line":46,"column":null}},"20":{"start":{"line":47,"column":2},"end":{"line":47,"column":null}},"21":{"start":{"line":48,"column":2},"end":{"line":48,"column":null}},"22":{"start":{"line":49,"column":2},"end":{"line":49,"column":null}},"23":{"start":{"line":50,"column":2},"end":{"line":50,"column":null}},"24":{"start":{"line":51,"column":2},"end":{"line":51,"column":null}},"25":{"start":{"line":55,"column":22},"end":{"line":55,"column":null}},"26":{"start":{"line":56,"column":2},"end":{"line":62,"column":null}},"27":{"start":{"line":57,"column":4},"end":{"line":57,"column":null}},"28":{"start":{"line":58,"column":4},"end":{"line":58,"column":null}},"29":{"start":{"line":59,"column":4},"end":{"line":61,"column":null}},"30":{"start":{"line":60,"column":6},"end":{"line":60,"column":null}}},"fnMap":{"0":{"name":"generateResume","decl":{"start":{"line":10,"column":16},"end":{"line":10,"column":31}},"loc":{"start":{"line":10,"column":109},"end":{"line":28,"column":null}}},"1":{"name":"downloadResume","decl":{"start":{"line":30,"column":16},"end":{"line":30,"column":31}},"loc":{"start":{"line":30,"column":86},"end":{"line":52,"column":null}}},"2":{"name":"printResume","decl":{"start":{"line":54,"column":16},"end":{"line":54,"column":28}},"loc":{"start":{"line":54,"column":40},"end":{"line":63,"column":null}}},"3":{"name":"(anonymous_7)","decl":{"start":{"line":59,"column":25},"end":{"line":59,"column":null}},"loc":{"start":{"line":59,"column":25},"end":{"line":61,"column":null}}}},"branchMap":{"0":{"loc":{"start":{"line":11,"column":2},"end":{"line":14,"column":null}},"type":"if","locations":[{"start":{"line":11,"column":2},"end":{"line":14,"column":null}},{"start":{},"end":{}}]},"1":{"loc":{"start":{"line":17,"column":2},"end":{"line":27,"column":null}},"type":"switch","locations":[{"start":{"line":18,"column":4},"end":{"line":19,"column":null}},{"start":{"line":20,"column":4},"end":{"line":21,"column":null}},{"start":{"line":22,"column":4},"end":{"line":23,"column":null}},{"start":{"line":24,"column":4},"end":{"line":24,"column":null}},{"start":{"line":25,"column":4},"end":{"line":26,"column":null}}]},"2":{"loc":{"start":{"line":56,"column":2},"end":{"line":62,"column":null}},"type":"if","locations":[{"start":{"line":56,"column":2},"end":{"line":62,"column":null}},{"start":{},"end":{}}]}},"s":{"0":0,"1":0,"2":0,"3":0,"4":0,"5":0,"6":0,"7":0,"8":0,"9":0,"10":0,"11":0,"12":0,"13":0,"14":0,"15":0,"16":0,"17":0,"18":0,"19":0,"20":0,"21":0,"22":0,"23":0,"24":0,"25":0,"26":0,"27":0,"28":0,"29":0,"30":0},"f":{"0":0,"1":0,"2":0,"3":0},"b":{"0":[0,0],"1":[0,0,0,0,0],"2":[0,0]}}
,"/Users/apple/resume-ninja/lib/templates/index.ts": {"path":"/Users/apple/resume-ninja/lib/templates/index.ts","statementMap":{"0":{"start":{"line":10,"column":13},"end":{"line":10,"column":43}},"1":{"start":{"line":49,"column":16},"end":{"line":49,"column":38}},"2":{"start":{"line":45,"column":16},"end":{"line":45,"column":28}},"3":{"start":{"line":10,"column":43},"end":{"line":43,"column":null}},"4":{"start":{"line":46,"column":2},"end":{"line":46,"column":null}},"5":{"start":{"line":46,"column":31},"end":{"line":46,"column":null}},"6":{"start":{"line":50,"column":20},"end":{"line":50,"column":null}},"7":{"start":{"line":51,"column":24},"end":{"line":51,"column":null}},"8":{"start":{"line":53,"column":2},"end":{"line":56,"column":null}},"9":{"start":{"line":54,"column":30},"end":{"line":54,"column":null}},"10":{"start":{"line":55,"column":4},"end":{"line":55,"column":null}}},"fnMap":{"0":{"name":"getTemplate","decl":{"start":{"line":45,"column":16},"end":{"line":45,"column":28}},"loc":{"start":{"line":45,"column":38},"end":{"line":47,"column":null}}},"1":{"name":"(anonymous_5)","decl":{"start":{"line":46,"column":24},"end":{"line":46,"column":25}},"loc":{"start":{"line":46,"column":31},"end":{"line":46,"column":null}}},"2":{"name":"getAvailableTemplates","decl":{"start":{"line":49,"column":16},"end":{"line":49,"column":38}},"loc":{"start":{"line":49,"column":50},"end":{"line":57,"column":null}}},"3":{"name":"(anonymous_7)","decl":{"start":{"line":53,"column":26},"end":{"line":53,"column":27}},"loc":{"start":{"line":53,"column":27},"end":{"line":56,"column":null}}}},"branchMap":{"0":{"loc":{"start":{"line":51,"column":24},"end":{"line":51,"column":null}},"type":"binary-expr","locations":[{"start":{"line":51,"column":24},"end":{"line":51,"column":65}},{"start":{"line":51,"column":69},"end":{"line":51,"column":null}}]},"1":{"loc":{"start":{"line":54,"column":30},"end":{"line":54,"column":null}},"type":"binary-expr","locations":[{"start":{"line":54,"column":30},"end":{"line":54,"column":73}},{"start":{"line":54,"column":77},"end":{"line":54,"column":null}}]}},"s":{"0":0,"1":0,"2":0,"3":0,"4":0,"5":0,"6":0,"7":0,"8":0,"9":0,"10":0},"f":{"0":0,"1":0,"2":0,"3":0},"b":{"0":[0,0],"1":[0,0]}}
,"/Users/apple/resume-ninja/lib/templates/modern.tsx": {"path":"/Users/apple/resume-ninja/lib/templates/modern.tsx","statementMap":{"0":{"start":{"line":3,"column":16},"end":{"line":3,"column":35}},"1":{"start":{"line":4,"column":2},"end":{"line":136,"column":null}},"2":{"start":{"line":80,"column":17},"end":{"line":99,"column":5}},"3":{"start":{"line":93,"column":37},"end":{"line":93,"column":52}},"4":{"start":{"line":112,"column":17},"end":{"line":118,"column":5}},"5":{"start":{"line":130,"column":33},"end":{"line":130,"column":66}}},"fnMap":{"0":{"name":"generateModernHTML","decl":{"start":{"line":3,"column":16},"end":{"line":3,"column":35}},"loc":{"start":{"line":3,"column":67},"end":{"line":137,"column":null}}},"1":{"name":"(anonymous_2)","decl":{"start":{"line":80,"column":8},"end":{"line":80,"column":9}},"loc":{"start":{"line":80,"column":17},"end":{"line":99,"column":5}}},"2":{"name":"(anonymous_3)","decl":{"start":{"line":93,"column":30},"end":{"line":93,"column":31}},"loc":{"start":{"line":93,"column":37},"end":{"line":93,"column":52}}},"3":{"name":"(anonymous_4)","decl":{"start":{"line":112,"column":8},"end":{"line":112,"column":9}},"loc":{"start":{"line":112,"column":17},"end":{"line":118,"column":5}}},"4":{"name":"(anonymous_5)","decl":{"start":{"line":130,"column":26},"end":{"line":130,"column":27}},"loc":{"start":{"line":130,"column":33},"end":{"line":130,"column":66}}}},"branchMap":{"0":{"loc":{"start":{"line":52,"column":4},"end":{"line":62,"column":null}},"type":"cond-expr","locations":[{"start":{"line":53,"column":8},"end":{"line":61,"column":3}},{"start":{"line":62,"column":8},"end":{"line":62,"column":null}}]},"1":{"loc":{"start":{"line":54,"column":10},"end":{"line":54,"column":45}},"type":"binary-expr","locations":[{"start":{"line":54,"column":10},"end":{"line":54,"column":29}},{"start":{"line":54,"column":33},"end":{"line":54,"column":45}}]},"2":{"loc":{"start":{"line":57,"column":8},"end":{"line":57,"column":94}},"type":"cond-expr","locations":[{"start":{"line":57,"column":34},"end":{"line":57,"column":88}},{"start":{"line":57,"column":91},"end":{"line":57,"column":94}}]},"3":{"loc":{"start":{"line":58,"column":8},"end":{"line":58,"column":93}},"type":"cond-expr","locations":[{"start":{"line":58,"column":33},"end":{"line":58,"column":87}},{"start":{"line":58,"column":90},"end":{"line":58,"column":93}}]},"4":{"loc":{"start":{"line":66,"column":4},"end":{"line":71,"column":null}},"type":"cond-expr","locations":[{"start":{"line":67,"column":8},"end":{"line":70,"column":3}},{"start":{"line":71,"column":8},"end":{"line":71,"column":null}}]},"5":{"loc":{"start":{"line":75,"column":4},"end":{"line":103,"column":null}},"type":"cond-expr","locations":[{"start":{"line":76,"column":8},"end":{"line":102,"column":3}},{"start":{"line":103,"column":8},"end":{"line":103,"column":null}}]},"6":{"loc":{"start":{"line":87,"column":35},"end":{"line":87,"column":55}},"type":"binary-expr","locations":[{"start":{"line":87,"column":35},"end":{"line":87,"column":48}},{"start":{"line":87,"column":52},"end":{"line":87,"column":55}}]},"7":{"loc":{"start":{"line":87,"column":60},"end":{"line":87,"column":85}},"type":"binary-expr","locations":[{"start":{"line":87,"column":60},"end":{"line":87,"column":71}},{"start":{"line":87,"column":75},"end":{"line":87,"column":85}}]},"8":{"loc":{"start":{"line":90,"column":10},"end":{"line":96,"column":null}},"type":"cond-expr","locations":[{"start":{"line":91,"column":14},"end":{"line":95,"column":9}},{"start":{"line":96,"column":14},"end":{"line":96,"column":null}}]},"9":{"loc":{"start":{"line":107,"column":4},"end":{"line":122,"column":null}},"type":"cond-expr","locations":[{"start":{"line":108,"column":8},"end":{"line":121,"column":3}},{"start":{"line":122,"column":8},"end":{"line":122,"column":null}}]},"10":{"loc":{"start":{"line":114,"column":48},"end":{"line":114,"column":84}},"type":"cond-expr","locations":[{"start":{"line":114,"column":60},"end":{"line":114,"column":78}},{"start":{"line":114,"column":81},"end":{"line":114,"column":84}}]},"11":{"loc":{"start":{"line":116,"column":10},"end":{"line":116,"column":93}},"type":"cond-expr","locations":[{"start":{"line":116,"column":31},"end":{"line":116,"column":87}},{"start":{"line":116,"column":90},"end":{"line":116,"column":93}}]},"12":{"loc":{"start":{"line":126,"column":4},"end":{"line":133,"column":null}},"type":"cond-expr","locations":[{"start":{"line":127,"column":8},"end":{"line":132,"column":3}},{"start":{"line":133,"column":8},"end":{"line":133,"column":null}}]}},"s":{"0":0,"1":0,"2":0,"3":0,"4":0,"5":0},"f":{"0":0,"1":0,"2":0,"3":0,"4":0},"b":{"0":[0,0],"1":[0,0],"2":[0,0],"3":[0,0],"4":[0,0],"5":[0,0],"6":[0,0],"7":[0,0],"8":[0,0],"9":[0,0],"10":[0,0],"11":[0,0],"12":[0,0]}}
,"/Users/apple/resume-ninja/lib/templates/technical.tsx": {"path":"/Users/apple/resume-ninja/lib/templates/technical.tsx","statementMap":{"0":{"start":{"line":3,"column":16},"end":{"line":3,"column":38}},"1":{"start":{"line":4,"column":2},"end":{"line":139,"column":null}},"2":{"start":{"line":70,"column":35},"end":{"line":70,"column":68}},"3":{"start":{"line":95,"column":19},"end":{"line":111,"column":7}},"4":{"start":{"line":105,"column":39},"end":{"line":105,"column":54}},"5":{"start":{"line":126,"column":19},"end":{"line":131,"column":7}}},"fnMap":{"0":{"name":"generateTechnicalHTML","decl":{"start":{"line":3,"column":16},"end":{"line":3,"column":38}},"loc":{"start":{"line":3,"column":70},"end":{"line":140,"column":null}}},"1":{"name":"(anonymous_2)","decl":{"start":{"line":70,"column":28},"end":{"line":70,"column":29}},"loc":{"start":{"line":70,"column":35},"end":{"line":70,"column":68}}},"2":{"name":"(anonymous_3)","decl":{"start":{"line":95,"column":10},"end":{"line":95,"column":11}},"loc":{"start":{"line":95,"column":19},"end":{"line":111,"column":7}}},"3":{"name":"(anonymous_4)","decl":{"start":{"line":105,"column":32},"end":{"line":105,"column":33}},"loc":{"start":{"line":105,"column":39},"end":{"line":105,"column":54}}},"4":{"name":"(anonymous_5)","decl":{"start":{"line":126,"column":10},"end":{"line":126,"column":11}},"loc":{"start":{"line":126,"column":19},"end":{"line":131,"column":7}}}},"branchMap":{"0":{"loc":{"start":{"line":50,"column":4},"end":{"line":61,"column":null}},"type":"cond-expr","locations":[{"start":{"line":51,"column":8},"end":{"line":60,"column":3}},{"start":{"line":61,"column":8},"end":{"line":61,"column":null}}]},"1":{"loc":{"start":{"line":52,"column":10},"end":{"line":52,"column":45}},"type":"binary-expr","locations":[{"start":{"line":52,"column":10},"end":{"line":52,"column":29}},{"start":{"line":52,"column":33},"end":{"line":52,"column":45}}]},"2":{"loc":{"start":{"line":54,"column":8},"end":{"line":54,"column":35}},"type":"binary-expr","locations":[{"start":{"line":54,"column":8},"end":{"line":54,"column":28}},{"start":{"line":54,"column":32},"end":{"line":54,"column":35}}]},"3":{"loc":{"start":{"line":55,"column":8},"end":{"line":55,"column":64}},"type":"cond-expr","locations":[{"start":{"line":55,"column":31},"end":{"line":55,"column":58}},{"start":{"line":55,"column":61},"end":{"line":55,"column":64}}]},"4":{"loc":{"start":{"line":56,"column":8},"end":{"line":56,"column":70}},"type":"cond-expr","locations":[{"start":{"line":56,"column":34},"end":{"line":56,"column":64}},{"start":{"line":56,"column":67},"end":{"line":56,"column":70}}]},"5":{"loc":{"start":{"line":57,"column":8},"end":{"line":57,"column":93}},"type":"cond-expr","locations":[{"start":{"line":57,"column":34},"end":{"line":57,"column":87}},{"start":{"line":57,"column":90},"end":{"line":57,"column":93}}]},"6":{"loc":{"start":{"line":58,"column":8},"end":{"line":58,"column":99}},"type":"cond-expr","locations":[{"start":{"line":58,"column":33},"end":{"line":58,"column":93}},{"start":{"line":58,"column":96},"end":{"line":58,"column":99}}]},"7":{"loc":{"start":{"line":65,"column":4},"end":{"line":74,"column":null}},"type":"cond-expr","locations":[{"start":{"line":66,"column":8},"end":{"line":73,"column":3}},{"start":{"line":74,"column":8},"end":{"line":74,"column":null}}]},"8":{"loc":{"start":{"line":78,"column":4},"end":{"line":85,"column":null}},"type":"cond-expr","locations":[{"start":{"line":79,"column":8},"end":{"line":84,"column":3}},{"start":{"line":85,"column":8},"end":{"line":85,"column":null}}]},"9":{"loc":{"start":{"line":89,"column":4},"end":{"line":116,"column":null}},"type":"cond-expr","locations":[{"start":{"line":90,"column":8},"end":{"line":115,"column":3}},{"start":{"line":116,"column":8},"end":{"line":116,"column":null}}]},"10":{"loc":{"start":{"line":99,"column":36},"end":{"line":99,"column":56}},"type":"binary-expr","locations":[{"start":{"line":99,"column":36},"end":{"line":99,"column":49}},{"start":{"line":99,"column":53},"end":{"line":99,"column":56}}]},"11":{"loc":{"start":{"line":99,"column":61},"end":{"line":99,"column":86}},"type":"binary-expr","locations":[{"start":{"line":99,"column":61},"end":{"line":99,"column":72}},{"start":{"line":99,"column":76},"end":{"line":99,"column":86}}]},"12":{"loc":{"start":{"line":102,"column":12},"end":{"line":108,"column":null}},"type":"cond-expr","locations":[{"start":{"line":103,"column":16},"end":{"line":107,"column":11}},{"start":{"line":108,"column":16},"end":{"line":108,"column":null}}]},"13":{"loc":{"start":{"line":120,"column":4},"end":{"line":136,"column":null}},"type":"cond-expr","locations":[{"start":{"line":121,"column":8},"end":{"line":135,"column":3}},{"start":{"line":136,"column":8},"end":{"line":136,"column":null}}]},"14":{"loc":{"start":{"line":128,"column":33},"end":{"line":128,"column":68}},"type":"cond-expr","locations":[{"start":{"line":128,"column":45},"end":{"line":128,"column":62}},{"start":{"line":128,"column":65},"end":{"line":128,"column":68}}]},"15":{"loc":{"start":{"line":129,"column":31},"end":{"line":129,"column":83}},"type":"cond-expr","locations":[{"start":{"line":129,"column":52},"end":{"line":129,"column":77}},{"start":{"line":129,"column":80},"end":{"line":129,"column":83}}]}},"s":{"0":0,"1":0,"2":0,"3":0,"4":0,"5":0},"f":{"0":0,"1":0,"2":0,"3":0,"4":0},"b":{"0":[0,0],"1":[0,0],"2":[0,0],"3":[0,0],"4":[0,0],"5":[0,0],"6":[0,0],"7":[0,0],"8":[0,0],"9":[0,0],"10":[0,0],"11":[0,0],"12":[0,0],"13":[0,0],"14":[0,0],"15":[0,0]}}
}
