TN:
SF:app/error.tsx
FN:10,Error
FN:17,(anonymous_3)
FNF:2
FNH:0
FNDA:0,Error
FNDA:0,(anonymous_3)
DA:3,0
DA:4,0
DA:5,0
DA:6,0
DA:7,0
DA:8,0
DA:10,0
DA:17,0
DA:18,0
LF:9
LH:0
BRDA:43,0,0,0
BRF:1
BRH:0
end_of_record
TN:
SF:app/layout.tsx
FN:42,RootLayout
FNF:1
FNH:0
FNDA:0,RootLayout
DA:3,0
DA:4,0
DA:5,0
DA:6,0
DA:8,0
DA:9,0
DA:11,0
DA:38,0
DA:42,0
LF:9
LH:0
BRF:0
BRH:0
end_of_record
TN:
SF:app/not-found.tsx
FN:7,NotFound
FNF:1
FNH:0
FNDA:0,NotFound
DA:1,0
DA:2,0
DA:3,0
DA:4,0
DA:5,0
DA:7,0
LF:6
LH:0
BRF:0
BRH:0
end_of_record
TN:
SF:app/page.tsx
FN:10,HomePage
FNF:1
FNH:0
FNDA:0,HomePage
DA:1,0
DA:2,0
DA:3,0
DA:4,0
DA:5,0
DA:6,0
DA:7,0
DA:8,0
DA:10,0
LF:9
LH:0
BRF:0
BRH:0
end_of_record
TN:
SF:app/api/analyze/route.ts
FN:14,POST
FN:94,(anonymous_4)
FNF:2
FNH:0
FNDA:0,POST
FNDA:0,(anonymous_4)
DA:1,0
DA:2,0
DA:3,0
DA:4,0
DA:5,0
DA:6,0
DA:7,0
DA:8,0
DA:9,0
DA:10,0
DA:12,0
DA:14,0
DA:15,0
DA:17,0
DA:19,0
DA:20,0
DA:24,0
DA:25,0
DA:26,0
DA:28,0
DA:29,0
DA:42,0
DA:43,0
DA:45,0
DA:47,0
DA:48,0
DA:55,0
DA:58,0
DA:60,0
DA:61,0
DA:68,0
DA:72,0
DA:79,0
DA:83,0
DA:88,0
DA:95,0
DA:97,0
DA:98,0
DA:100,0
DA:101,0
DA:112,0
DA:122,0
DA:124,0
DA:125,0
LF:44
LH:0
BRDA:19,0,0,0
BRDA:19,0,1,0
BRDA:24,1,0,0
BRDA:24,1,1,0
BRDA:24,2,0,0
BRDA:24,2,1,0
BRDA:28,3,0,0
BRDA:28,3,1,0
BRDA:42,4,0,0
BRDA:42,4,1,0
BRDA:47,5,0,0
BRDA:47,5,1,0
BRDA:50,6,0,0
BRDA:50,6,1,0
BRDA:60,7,0,0
BRDA:60,7,1,0
BRDA:63,8,0,0
BRDA:63,8,1,0
BRDA:74,9,0,0
BRDA:74,9,1,0
BRDA:79,10,0,0
BRDA:79,10,1,0
BRDA:95,11,0,0
BRDA:95,11,1,0
BRDA:97,12,0,0
BRDA:97,12,1,0
BRDA:102,13,0,0
BRDA:102,13,1,0
BRDA:104,14,0,0
BRDA:104,14,1,0
BRDA:114,15,0,0
BRDA:114,15,1,0
BRF:32
BRH:0
end_of_record
TN:
SF:app/api/billing/checkout/route.ts
FN:5,POST
FN:17,(anonymous_2)
FNF:2
FNH:0
FNDA:0,POST
FNDA:0,(anonymous_2)
DA:1,0
DA:2,0
DA:3,0
DA:5,0
DA:6,0
DA:7,0
DA:11,0
DA:13,0
DA:14,0
DA:17,0
DA:18,0
DA:19,0
DA:20,0
DA:23,0
DA:24,0
DA:25,0
DA:26,0
DA:29,0
DA:31,0
DA:43,0
DA:45,0
DA:46,0
LF:22
LH:0
BRDA:13,0,0,0
BRDA:13,0,1,0
BRDA:13,1,0,0
BRDA:13,1,1,0
BRDA:19,2,0,0
BRDA:19,2,1,0
BRDA:19,3,0,0
BRDA:19,3,1,0
BRDA:19,3,2,0
BRDA:25,4,0,0
BRDA:25,4,1,0
BRDA:34,5,0,0
BRDA:34,5,1,0
BRF:13
BRH:0
end_of_record
TN:
SF:app/api/billing/webhook/route.ts
FN:8,POST
FNF:1
FNH:0
FNDA:0,POST
DA:1,0
DA:2,0
DA:3,0
DA:4,0
DA:6,0
DA:8,0
DA:9,0
DA:10,0
DA:11,0
DA:13,0
DA:14,0
DA:17,0
DA:20,0
DA:21,0
DA:22,0
DA:24,0
DA:25,0
DA:28,0
DA:29,0
DA:31,0
DA:32,0
DA:33,0
DA:34,0
DA:36,0
DA:37,0
DA:40,0
DA:43,0
DA:44,0
DA:45,0
DA:48,0
DA:49,0
DA:57,0
DA:61,0
DA:64,0
DA:66,0
DA:67,0
LF:36
LH:0
BRDA:13,0,0,0
BRDA:13,0,1,0
BRDA:13,1,0,0
BRDA:13,1,1,0
BRDA:13,1,2,0
BRDA:29,2,0,0
BRDA:29,2,1,0
BRDA:29,2,2,0
BRDA:29,2,3,0
BRDA:29,2,4,0
BRDA:33,3,0,0
BRDA:33,3,1,0
BRDA:34,4,0,0
BRDA:34,4,1,0
BRDA:37,5,0,0
BRDA:37,5,1,0
BRDA:44,6,0,0
BRDA:44,6,1,0
BRF:18
BRH:0
end_of_record
TN:
SF:app/api/optimize/route.ts
FN:12,POST
FN:72,(anonymous_4)
FNF:2
FNH:0
FNDA:0,POST
FNDA:0,(anonymous_4)
DA:1,0
DA:2,0
DA:3,0
DA:4,0
DA:5,0
DA:6,0
DA:7,0
DA:8,0
DA:10,0
DA:12,0
DA:13,0
DA:14,0
DA:16,0
DA:17,0
DA:20,0
DA:21,0
DA:23,0
DA:25,0
DA:26,0
DA:33,0
DA:36,0
DA:38,0
DA:39,0
DA:46,0
DA:49,0
DA:56,0
DA:60,0
DA:66,0
DA:73,0
DA:74,0
DA:76,0
DA:77,0
DA:83,0
DA:93,0
DA:95,0
DA:96,0
LF:36
LH:0
BRDA:16,0,0,0
BRDA:16,0,1,0
BRDA:25,1,0,0
BRDA:25,1,1,0
BRDA:38,2,0,0
BRDA:38,2,1,0
BRDA:56,3,0,0
BRDA:56,3,1,0
BRDA:62,4,0,0
BRDA:62,4,1,0
BRDA:73,5,0,0
BRDA:73,5,1,0
BRDA:73,6,0,0
BRDA:73,6,1,0
BRF:14
BRH:0
end_of_record
TN:
SF:app/api/user/history/route.ts
FN:4,GET
FNF:1
FNH:0
FNDA:0,GET
DA:1,0
DA:2,0
DA:4,0
DA:5,0
DA:6,0
DA:11,0
DA:13,0
DA:14,0
DA:17,0
DA:18,0
DA:19,0
DA:26,0
DA:48,0
DA:49,0
DA:50,0
DA:53,0
DA:60,0
DA:61,0
LF:18
LH:0
BRDA:13,0,0,0
BRDA:13,0,1,0
BRDA:13,1,0,0
BRDA:13,1,1,0
BRDA:18,2,0,0
BRDA:18,2,1,0
BRDA:19,3,0,0
BRDA:19,3,1,0
BRDA:48,4,0,0
BRDA:48,4,1,0
BRF:10
BRH:0
end_of_record
TN:
SF:app/api/user/profile/route.ts
FN:4,GET
FNF:1
FNH:0
FNDA:0,GET
DA:1,0
DA:2,0
DA:4,0
DA:5,0
DA:6,0
DA:11,0
DA:13,0
DA:14,0
DA:17,0
DA:23,0
DA:24,0
DA:27,0
DA:29,0
DA:30,0
LF:14
LH:0
BRDA:13,0,0,0
BRDA:13,0,1,0
BRDA:13,1,0,0
BRDA:13,1,1,0
BRDA:23,2,0,0
BRDA:23,2,1,0
BRF:6
BRH:0
end_of_record
TN:
SF:app/api/user/stats/route.ts
FN:5,GET
FN:29,(anonymous_2)
FNF:2
FNH:0
FNDA:0,GET
FNDA:0,(anonymous_2)
DA:1,0
DA:2,0
DA:3,0
DA:5,0
DA:6,0
DA:7,0
DA:12,0
DA:14,0
DA:15,0
DA:18,0
DA:21,0
DA:28,0
DA:29,0
DA:32,0
DA:37,0
DA:38,0
LF:16
LH:0
BRDA:14,0,0,0
BRDA:14,0,1,0
BRDA:14,1,0,0
BRDA:14,1,1,0
BRDA:28,2,0,0
BRDA:28,2,1,0
BRDA:28,3,0,0
BRDA:28,3,1,0
BRDA:29,4,0,0
BRDA:29,4,1,0
BRF:10
BRH:0
end_of_record
TN:
SF:app/auth/layout.tsx
FN:8,AuthLayout
FNF:1
FNH:0
FNDA:0,AuthLayout
DA:3,0
DA:8,0
LF:2
LH:0
BRF:0
BRH:0
end_of_record
TN:
SF:app/auth/error/page.tsx
FN:7,AuthErrorPage
FNF:1
FNH:0
FNDA:0,AuthErrorPage
DA:1,0
DA:2,0
DA:3,0
DA:4,0
DA:5,0
DA:7,0
DA:12,0
LF:7
LH:0
BRDA:36,0,0,0
BRF:1
BRH:0
end_of_record
TN:
SF:app/auth/forgot-password/page.tsx
FN:16,ForgotPasswordPage
FN:23,(anonymous_3)
FN:110,(anonymous_4)
FNF:3
FNH:0
FNDA:0,ForgotPasswordPage
FNDA:0,(anonymous_3)
FNDA:0,(anonymous_4)
DA:5,0
DA:6,0
DA:7,0
DA:8,0
DA:9,0
DA:10,0
DA:11,0
DA:12,0
DA:13,0
DA:14,0
DA:16,0
DA:17,0
DA:18,0
DA:19,0
DA:20,0
DA:21,0
DA:23,0
DA:24,0
DA:25,0
DA:26,0
DA:27,0
DA:29,0
DA:30,0
DA:33,0
DA:34,0
DA:36,0
DA:38,0
DA:42,0
DA:110,0
LF:29
LH:0
BRDA:33,0,0,0
BRDA:33,0,1,0
BRDA:36,1,0,0
BRDA:36,1,1,0
BRDA:42,2,0,0
BRDA:42,2,1,0
BRDA:114,3,0,0
BRDA:116,4,0,0
BRDA:116,4,1,0
BRF:9
BRH:0
end_of_record
TN:
SF:app/auth/login/loading.tsx
FN:1,Loading
FNF:1
FNH:0
FNDA:0,Loading
DA:1,0
DA:2,0
LF:2
LH:0
BRF:0
BRH:0
end_of_record
TN:
SF:app/auth/login/page.tsx
FN:16,LoginPage
FN:25,(anonymous_3)
FN:75,(anonymous_4)
FN:86,(anonymous_5)
FNF:4
FNH:0
FNDA:0,LoginPage
FNDA:0,(anonymous_3)
FNDA:0,(anonymous_4)
FNDA:0,(anonymous_5)
DA:5,0
DA:6,0
DA:7,0
DA:8,0
DA:9,0
DA:10,0
DA:11,0
DA:12,0
DA:13,0
DA:14,0
DA:16,0
DA:17,0
DA:18,0
DA:19,0
DA:20,0
DA:21,0
DA:22,0
DA:23,0
DA:25,0
DA:26,0
DA:27,0
DA:28,0
DA:29,0
DA:31,0
DA:32,0
DA:36,0
DA:37,0
DA:38,0
DA:40,0
DA:42,0
DA:75,0
DA:86,0
LF:32
LH:0
BRDA:23,0,0,0
BRDA:23,0,1,0
BRDA:36,1,0,0
BRDA:36,1,1,0
BRDA:40,2,0,0
BRDA:40,2,1,0
BRDA:90,3,0,0
BRDA:92,4,0,0
BRDA:92,4,1,0
BRF:9
BRH:0
end_of_record
TN:
SF:app/auth/reset-password/page.tsx
FN:16,ResetPasswordForm
FN:25,(anonymous_3)
FN:33,(anonymous_4)
FN:128,(anonymous_5)
FN:139,(anonymous_6)
FN:168,ResetPasswordPage
FNF:6
FNH:0
FNDA:0,ResetPasswordForm
FNDA:0,(anonymous_3)
FNDA:0,(anonymous_4)
FNDA:0,(anonymous_5)
FNDA:0,(anonymous_6)
FNDA:0,ResetPasswordPage
DA:5,0
DA:6,0
DA:7,0
DA:8,0
DA:9,0
DA:10,0
DA:11,0
DA:12,0
DA:13,0
DA:14,0
DA:17,0
DA:18,0
DA:19,0
DA:20,0
DA:21,0
DA:22,0
DA:23,0
DA:25,0
DA:27,0
DA:28,0
DA:29,0
DA:33,0
DA:34,0
DA:35,0
DA:36,0
DA:37,0
DA:39,0
DA:40,0
DA:41,0
DA:42,0
DA:45,0
DA:46,0
DA:47,0
DA:48,0
DA:51,0
DA:52,0
DA:55,0
DA:56,0
DA:58,0
DA:60,0
DA:64,0
DA:128,0
DA:139,0
DA:168,0
LF:44
LH:0
BRDA:28,0,0,0
BRDA:28,0,1,0
BRDA:39,1,0,0
BRDA:39,1,1,0
BRDA:45,2,0,0
BRDA:45,2,1,0
BRDA:55,3,0,0
BRDA:55,3,1,0
BRDA:58,4,0,0
BRDA:58,4,1,0
BRDA:64,5,0,0
BRDA:64,5,1,0
BRDA:143,6,0,0
BRDA:145,7,0,0
BRDA:145,7,1,0
BRF:15
BRH:0
end_of_record
TN:
SF:app/auth/sign-up/page.tsx
FN:16,SignUpPage
FN:25,(anonymous_3)
FN:91,(anonymous_4)
FN:103,(anonymous_5)
FN:114,(anonymous_6)
FN:125,(anonymous_7)
FNF:6
FNH:0
FNDA:0,SignUpPage
FNDA:0,(anonymous_3)
FNDA:0,(anonymous_4)
FNDA:0,(anonymous_5)
FNDA:0,(anonymous_6)
FNDA:0,(anonymous_7)
DA:5,0
DA:6,0
DA:7,0
DA:8,0
DA:9,0
DA:10,0
DA:11,0
DA:12,0
DA:13,0
DA:14,0
DA:16,0
DA:17,0
DA:18,0
DA:19,0
DA:20,0
DA:21,0
DA:22,0
DA:23,0
DA:25,0
DA:26,0
DA:27,0
DA:28,0
DA:29,0
DA:31,0
DA:32,0
DA:33,0
DA:34,0
DA:37,0
DA:38,0
DA:39,0
DA:40,0
DA:43,0
DA:44,0
DA:54,0
DA:55,0
DA:57,0
DA:59,0
DA:91,0
DA:103,0
DA:114,0
DA:125,0
LF:41
LH:0
BRDA:31,0,0,0
BRDA:31,0,1,0
BRDA:37,1,0,0
BRDA:37,1,1,0
BRDA:48,2,0,0
BRDA:48,2,1,0
BRDA:54,3,0,0
BRDA:54,3,1,0
BRDA:57,4,0,0
BRDA:57,4,1,0
BRDA:129,5,0,0
BRDA:131,6,0,0
BRDA:131,6,1,0
BRF:13
BRH:0
end_of_record
TN:
SF:app/auth/sign-up-success/page.tsx
FN:7,SignUpSuccessPage
FNF:1
FNH:0
FNDA:0,SignUpSuccessPage
DA:1,0
DA:2,0
DA:3,0
DA:4,0
DA:5,0
DA:7,0
LF:6
LH:0
BRF:0
BRH:0
end_of_record
TN:
SF:app/dashboard/error.tsx
FN:9,DashboardError
FN:16,(anonymous_3)
FNF:2
FNH:0
FNDA:0,DashboardError
FNDA:0,(anonymous_3)
DA:3,0
DA:4,0
DA:5,0
DA:6,0
DA:7,0
DA:9,0
DA:16,0
DA:17,0
LF:8
LH:0
BRF:0
BRH:0
end_of_record
TN:
SF:app/dashboard/page.tsx
FN:13,DashboardPage
FNF:1
FNH:0
FNDA:0,DashboardPage
DA:1,0
DA:2,0
DA:3,0
DA:4,0
DA:5,0
DA:6,0
DA:7,0
DA:8,0
DA:9,0
DA:10,0
DA:11,0
DA:13,0
DA:14,0
DA:19,0
DA:20,0
DA:21,0
DA:24,0
LF:17
LH:0
BRDA:20,0,0,0
BRDA:20,0,1,0
BRDA:20,1,0,0
BRDA:20,1,1,0
BRDA:42,2,0,0
BRDA:42,2,1,0
BRDA:42,3,0,0
BRDA:42,3,1,0
BRDA:52,4,0,0
BRDA:52,4,1,0
BRF:10
BRH:0
end_of_record
TN:
SF:app/dashboard/analysis/[id]/page.tsx
FN:17,AnalysisPage
FN:146,(anonymous_3)
FN:178,(anonymous_4)
FN:190,(anonymous_5)
FN:211,(anonymous_6)
FNF:5
FNH:0
FNDA:0,AnalysisPage
FNDA:0,(anonymous_3)
FNDA:0,(anonymous_4)
FNDA:0,(anonymous_5)
FNDA:0,(anonymous_6)
DA:1,0
DA:2,0
DA:3,0
DA:4,0
DA:5,0
DA:6,0
DA:7,0
DA:8,0
DA:9,0
DA:10,0
DA:11,0
DA:17,0
DA:18,0
DA:19,0
DA:24,0
DA:25,0
DA:26,0
DA:29,0
DA:35,0
DA:47,0
DA:48,0
DA:51,0
DA:59,0
DA:60,0
DA:61,0
DA:147,0
DA:179,0
DA:191,0
DA:213,0
DA:215,0
DA:221,0
LF:31
LH:0
BRDA:25,0,0,0
BRDA:25,0,1,0
BRDA:25,1,0,0
BRDA:25,1,1,0
BRDA:47,2,0,0
BRDA:47,2,1,0
BRDA:59,3,0,0
BRDA:59,3,1,0
BRDA:60,4,0,0
BRDA:60,4,1,0
BRDA:60,5,0,0
BRDA:60,5,1,0
BRDA:61,6,0,0
BRDA:61,6,1,0
BRDA:79,7,0,0
BRDA:79,7,1,0
BRDA:79,8,0,0
BRDA:79,8,1,0
BRDA:105,9,0,0
BRDA:114,10,0,0
BRDA:131,11,0,0
BRDA:139,12,0,0
BRDA:167,13,0,0
BRDA:174,14,0,0
BRDA:186,15,0,0
BRDA:204,16,0,0
BRDA:204,16,1,0
BRDA:213,17,0,0
BRDA:213,17,1,0
BRDA:213,18,0,0
BRDA:213,18,1,0
BRDA:215,19,0,0
BRDA:215,19,1,0
BRDA:217,20,0,0
BRDA:217,20,1,0
BRF:35
BRH:0
end_of_record
TN:
SF:app/dashboard/history/page.tsx
FN:13,HistoryPage
FN:96,(anonymous_3)
FNF:2
FNH:0
FNDA:0,HistoryPage
FNDA:0,(anonymous_3)
DA:1,0
DA:2,0
DA:3,0
DA:4,0
DA:5,0
DA:6,0
DA:7,0
DA:8,0
DA:9,0
DA:10,0
DA:11,0
DA:13,0
DA:14,0
DA:19,0
DA:20,0
DA:21,0
DA:24,0
DA:30,0
DA:97,0
DA:99,0
DA:105,0
DA:106,0
DA:108,0
LF:23
LH:0
BRDA:20,0,0,0
BRDA:20,0,1,0
BRDA:20,1,0,0
BRDA:20,1,1,0
BRDA:62,2,0,0
BRDA:62,2,1,0
BRDA:62,3,0,0
BRDA:62,3,1,0
BRDA:84,4,0,0
BRDA:83,5,0,0
BRDA:83,5,1,0
BRDA:97,6,0,0
BRDA:97,6,1,0
BRDA:99,7,0,0
BRDA:99,7,1,0
BRDA:101,8,0,0
BRDA:101,8,1,0
BRDA:105,9,0,0
BRDA:105,9,1,0
BRDA:125,10,0,0
BRDA:125,10,1,0
BRDA:127,11,0,0
BRDA:132,12,0,0
BRDA:147,13,0,0
BRF:24
BRH:0
end_of_record
TN:
SF:app/faq/metadata.ts
FNF:0
FNH:0
DA:3,0
LF:1
LH:0
BRF:0
BRH:0
end_of_record
TN:
SF:app/faq/page.tsx
FN:16,(anonymous_2)
FN:22,(anonymous_3)
FN:50,(anonymous_5)
FN:58,(anonymous_6)
FN:60,(anonymous_7)
FN:72,FAQPage
FNF:6
FNH:0
FNDA:0,(anonymous_2)
FNDA:0,(anonymous_3)
FNDA:0,(anonymous_5)
FNDA:0,(anonymous_6)
FNDA:0,(anonymous_7)
FNDA:0,FAQPage
DA:3,0
DA:4,0
DA:5,0
DA:6,0
DA:7,0
DA:16,0
DA:17,0
DA:22,0
DA:51,0
DA:59,0
DA:61,0
DA:72,0
LF:12
LH:0
BRDA:16,0,0,0
BRDA:29,1,0,0
BRDA:35,2,0,0
BRDA:35,2,1,0
BRF:4
BRH:0
end_of_record
TN:
SF:app/optimize/error.tsx
FN:9,OptimizeError
FN:16,(anonymous_3)
FNF:2
FNH:0
FNDA:0,OptimizeError
FNDA:0,(anonymous_3)
DA:3,0
DA:4,0
DA:5,0
DA:6,0
DA:7,0
DA:9,0
DA:16,0
DA:17,0
DA:20,0
DA:21,0
LF:10
LH:0
BRDA:20,0,0,0
BRDA:20,0,1,0
BRDA:21,1,0,0
BRDA:21,1,1,0
BRDA:31,2,0,0
BRDA:31,2,1,0
BRDA:31,3,0,0
BRDA:31,3,1,0
BRDA:34,4,0,0
BRDA:34,4,1,0
BRDA:36,5,0,0
BRDA:36,5,1,0
BRDA:43,6,0,0
BRDA:49,7,0,0
BRF:14
BRH:0
end_of_record
TN:
SF:app/optimize/page.tsx
FN:13,OptimizePage
FN:19,(anonymous_3)
FN:26,(anonymous_4)
FN:114,(anonymous_5)
FNF:4
FNH:0
FNDA:0,OptimizePage
FNDA:0,(anonymous_3)
FNDA:0,(anonymous_4)
FNDA:0,(anonymous_5)
DA:3,0
DA:4,0
DA:5,0
DA:6,0
DA:7,0
DA:8,0
DA:9,0
DA:10,0
DA:11,0
DA:13,0
DA:14,0
DA:15,0
DA:16,0
DA:18,0
DA:20,0
DA:21,0
DA:26,0
DA:27,0
DA:28,0
DA:29,0
DA:32,0
DA:33,0
DA:115,0
LF:23
LH:0
BRDA:21,0,0,0
BRDA:21,0,1,0
BRDA:32,1,0,0
BRDA:32,1,1,0
BRDA:33,2,0,0
BRDA:33,2,1,0
BRDA:50,3,0,0
BRDA:61,4,0,0
BRDA:75,5,0,0
BRDA:98,6,0,0
BRDA:98,6,1,0
BRDA:128,7,0,0
BRDA:128,7,1,0
BRDA:130,8,0,0
BRDA:130,8,1,0
BRF:15
BRH:0
end_of_record
TN:
SF:app/pricing/page.tsx
FN:19,startCheckout
FN:26,(anonymous_3)
FN:33,PricingPage
FN:63,(anonymous_5)
FN:93,(anonymous_6)
FN:134,(anonymous_7)
FN:150,(anonymous_8)
FNF:7
FNH:0
FNDA:0,startCheckout
FNDA:0,(anonymous_3)
FNDA:0,PricingPage
FNDA:0,(anonymous_5)
FNDA:0,(anonymous_6)
FNDA:0,(anonymous_7)
FNDA:0,(anonymous_8)
DA:3,0
DA:4,0
DA:5,0
DA:6,0
DA:7,0
DA:20,0
DA:25,0
DA:26,0
DA:27,0
DA:29,0
DA:30,0
DA:33,0
DA:34,0
DA:36,0
DA:64,0
DA:65,0
DA:66,0
DA:68,0
DA:94,0
DA:95,0
DA:96,0
DA:98,0
DA:135,0
DA:151,0
LF:24
LH:0
BRDA:25,0,0,0
BRDA:25,0,1,0
BRDA:27,1,0,0
BRDA:27,1,1,0
BRDA:30,2,0,0
BRDA:30,2,1,0
BRDA:73,3,0,0
BRDA:73,3,1,0
BRDA:103,4,0,0
BRDA:103,4,1,0
BRDA:137,5,0,0
BRDA:137,5,1,0
BRDA:139,6,0,0
BRF:13
BRH:0
end_of_record
TN:
SF:app/whitepaper/page.tsx
FN:19,WhitepaperPage
FNF:1
FNH:0
FNDA:0,WhitepaperPage
DA:3,0
DA:19,0
LF:2
LH:0
BRF:0
BRH:0
end_of_record
TN:
SF:components/analysis-results.tsx
FN:20,AnalysisResults
FN:69,(anonymous_2)
FN:90,(anonymous_3)
FN:160,SectionSummary
FNF:4
FNH:0
FNDA:0,AnalysisResults
FNDA:0,(anonymous_2)
FNDA:0,(anonymous_3)
FNDA:0,SectionSummary
DA:3,0
DA:5,0
DA:6,0
DA:7,0
DA:8,0
DA:9,0
DA:10,0
DA:11,0
DA:20,0
DA:21,0
DA:70,0
DA:91,0
LF:12
LH:0
BRDA:26,0,0,0
BRDA:26,0,1,0
BRDA:38,1,0,0
BRDA:38,1,1,0
BRDA:69,2,0,0
BRDA:69,2,1,0
BRDA:75,3,0,0
BRDA:75,3,1,0
BRDA:90,4,0,0
BRDA:90,4,1,0
BRDA:96,5,0,0
BRDA:96,5,1,0
BRDA:109,6,0,0
BRDA:109,6,1,0
BRDA:110,7,0,0
BRDA:110,7,1,0
BRDA:114,8,0,0
BRDA:114,8,1,0
BRDA:115,9,0,0
BRDA:115,9,1,0
BRDA:119,10,0,0
BRDA:119,10,1,0
BRDA:120,11,0,0
BRDA:120,11,1,0
BRDA:124,12,0,0
BRDA:124,12,1,0
BRDA:125,13,0,0
BRDA:125,13,1,0
BRDA:132,14,0,0
BRDA:132,14,1,0
BRDA:137,15,0,0
BRDA:137,15,1,0
BRDA:138,16,0,0
BRDA:138,16,1,0
BRDA:139,17,0,0
BRDA:139,17,1,0
BRF:36
BRH:0
end_of_record
TN:
SF:components/ats-score-card.tsx
FN:15,ATSScoreCard
FN:16,(anonymous_2)
FN:23,(anonymous_3)
FN:30,(anonymous_4)
FN:84,(anonymous_5)
FNF:5
FNH:0
FNDA:0,ATSScoreCard
FNDA:0,(anonymous_2)
FNDA:0,(anonymous_3)
FNDA:0,(anonymous_4)
FNDA:0,(anonymous_5)
DA:3,0
DA:15,0
DA:16,0
DA:17,0
DA:18,0
DA:19,0
DA:20,0
DA:23,0
DA:24,0
DA:25,0
DA:26,0
DA:27,0
DA:30,0
DA:31,0
DA:32,0
DA:33,0
DA:34,0
DA:37,0
DA:85,0
LF:19
LH:0
BRDA:17,0,0,0
BRDA:17,0,1,0
BRDA:18,1,0,0
BRDA:18,1,1,0
BRDA:19,2,0,0
BRDA:19,2,1,0
BRDA:24,3,0,0
BRDA:24,3,1,0
BRDA:25,4,0,0
BRDA:25,4,1,0
BRDA:26,5,0,0
BRDA:26,5,1,0
BRDA:31,6,0,0
BRDA:31,6,1,0
BRDA:32,7,0,0
BRDA:32,7,1,0
BRDA:33,8,0,0
BRDA:33,8,1,0
BRDA:38,9,0,0
BRDA:38,9,1,0
BRDA:39,10,0,0
BRDA:39,10,1,0
BRDA:40,11,0,0
BRDA:40,11,1,0
BRDA:41,12,0,0
BRDA:41,12,1,0
BRDA:74,13,0,0
BRDA:74,13,1,0
BRDA:76,14,0,0
BRDA:76,14,1,0
BRF:30
BRH:0
end_of_record
TN:
SF:components/credits-badge.tsx
FN:10,CreditsBadge
FNF:1
FNH:0
FNDA:0,CreditsBadge
DA:1,0
DA:2,0
DA:3,0
DA:10,0
DA:11,0
LF:5
LH:0
BRDA:11,0,0,0
BRDA:11,0,1,0
BRDA:14,1,0,0
BRDA:14,1,1,0
BRDA:16,2,0,0
BRDA:16,2,1,0
BRF:6
BRH:0
end_of_record
TN:
SF:components/cta.tsx
FN:5,CTA
FNF:1
FNH:0
FNDA:0,CTA
DA:1,0
DA:2,0
DA:3,0
DA:5,0
LF:4
LH:0
BRF:0
BRH:0
end_of_record
TN:
SF:components/dashboard-stats.tsx
FN:9,DashboardStats
FN:27,(anonymous_2)
FN:30,(anonymous_3)
FN:54,(anonymous_4)
FN:66,(anonymous_5)
FN:83,cn
FNF:6
FNH:0
FNDA:0,DashboardStats
FNDA:0,(anonymous_2)
FNDA:0,(anonymous_3)
FNDA:0,(anonymous_4)
FNDA:0,(anonymous_5)
FNDA:0,cn
DA:1,0
DA:2,0
DA:3,0
DA:9,0
DA:10,0
DA:13,0
DA:18,0
DA:26,0
DA:27,0
DA:30,0
DA:32,0
DA:55,0
DA:56,0
DA:57,0
DA:67,0
DA:84,0
LF:16
LH:0
BRDA:26,0,0,0
BRDA:26,0,1,0
BRDA:26,1,0,0
BRDA:26,1,1,0
BRDA:27,2,0,0
BRDA:27,2,1,0
BRDA:30,3,0,0
BRDA:30,3,1,0
BRDA:30,4,0,0
BRDA:30,4,1,0
BRDA:35,5,0,0
BRDA:35,5,1,0
BRDA:41,6,0,0
BRDA:41,6,1,0
BRDA:54,7,0,0
BRDA:54,7,1,0
BRDA:57,8,0,0
BRDA:57,8,1,0
BRF:18
BRH:0
end_of_record
TN:
SF:components/features.tsx
FN:37,Features
FN:51,(anonymous_2)
FNF:2
FNH:0
FNDA:0,Features
FNDA:0,(anonymous_2)
DA:1,0
DA:2,0
DA:4,0
DA:37,0
DA:52,0
LF:5
LH:0
BRF:0
BRH:0
end_of_record
TN:
SF:components/footer.tsx
FN:4,Footer
FNF:1
FNH:0
FNDA:0,Footer
DA:1,0
DA:2,0
DA:4,0
LF:3
LH:0
BRF:0
BRH:0
end_of_record
TN:
SF:components/header.tsx
FN:7,Header
FNF:1
FNH:0
FNDA:0,Header
DA:1,0
DA:2,0
DA:3,0
DA:4,0
DA:5,0
DA:7,0
DA:8,0
DA:11,0
LF:8
LH:0
BRDA:44,0,0,0
BRF:1
BRH:0
end_of_record
TN:
SF:components/hero.tsx
FN:6,Hero
FNF:1
FNH:0
FNDA:0,Hero
DA:1,0
DA:2,0
DA:3,0
DA:4,0
DA:6,0
LF:5
LH:0
BRF:0
BRH:0
end_of_record
TN:
SF:components/homepage-faq.tsx
FN:14,(anonymous_1)
FN:20,(anonymous_2)
FN:43,HomepageFAQ
FNF:3
FNH:0
FNDA:0,(anonymous_1)
FNDA:0,(anonymous_2)
FNDA:0,HomepageFAQ
DA:3,0
DA:4,0
DA:5,0
DA:14,0
DA:15,0
DA:20,0
DA:43,0
LF:7
LH:0
BRDA:14,0,0,0
BRDA:27,1,0,0
BRDA:33,2,0,0
BRDA:33,2,1,0
BRF:4
BRH:0
end_of_record
TN:
SF:components/how-it-works.tsx
FN:26,HowItWorks
FN:38,(anonymous_2)
FNF:2
FNH:0
FNDA:0,HowItWorks
FNDA:0,(anonymous_2)
DA:1,0
DA:3,0
DA:26,0
DA:39,0
LF:4
LH:0
BRDA:48,0,0,0
BRF:1
BRH:0
end_of_record
TN:
SF:components/issues-panel.tsx
FN:17,IssuesPanel
FN:18,(anonymous_2)
FN:19,(anonymous_3)
FN:20,(anonymous_4)
FN:72,IssueSection
FN:104,(anonymous_6)
FNF:6
FNH:0
FNDA:0,IssuesPanel
FNDA:0,(anonymous_2)
FNDA:0,(anonymous_3)
FNDA:0,(anonymous_4)
FNDA:0,IssueSection
FNDA:0,(anonymous_6)
DA:3,0
DA:4,0
DA:17,0
DA:18,0
DA:19,0
DA:20,0
DA:22,0
DA:105,0
LF:8
LH:0
BRDA:22,0,0,0
BRDA:22,0,1,0
BRDA:36,1,0,0
BRDA:47,2,0,0
BRDA:58,3,0,0
BRF:5
BRH:0
end_of_record
TN:
SF:components/job-description-input.tsx
FN:16,JobDescriptionInput
FN:23,(anonymous_2)
FN:51,(anonymous_3)
FN:56,(anonymous_4)
FNF:4
FNH:0
FNDA:0,JobDescriptionInput
FNDA:0,(anonymous_2)
FNDA:0,(anonymous_3)
FNDA:0,(anonymous_4)
DA:3,0
DA:4,0
DA:5,0
DA:6,0
DA:7,0
DA:8,0
DA:16,0
DA:17,0
DA:23,0
DA:51,0
DA:56,0
LF:11
LH:0
BRDA:36,0,0,0
BRDA:42,1,0,0
BRDA:54,2,0,0
BRF:3
BRH:0
end_of_record
TN:
SF:components/keywords-panel.tsx
FN:12,KeywordsPanel
FN:28,(anonymous_2)
FN:54,(anonymous_3)
FN:76,(anonymous_4)
FNF:4
FNH:0
FNDA:0,KeywordsPanel
FNDA:0,(anonymous_2)
FNDA:0,(anonymous_3)
FNDA:0,(anonymous_4)
DA:3,0
DA:4,0
DA:12,0
DA:29,0
DA:55,0
DA:77,0
LF:6
LH:0
BRDA:28,0,0,0
BRDA:40,1,0,0
BRDA:76,2,0,0
BRF:3
BRH:0
end_of_record
TN:
SF:components/optimize-panel.tsx
FN:18,OptimizePanel
FN:26,(anonymous_2)
FN:103,(anonymous_3)
FN:117,(anonymous_4)
FN:139,(anonymous_5)
FNF:5
FNH:0
FNDA:0,OptimizePanel
FNDA:0,(anonymous_2)
FNDA:0,(anonymous_3)
FNDA:0,(anonymous_4)
FNDA:0,(anonymous_5)
DA:3,0
DA:4,0
DA:5,0
DA:6,0
DA:7,0
DA:8,0
DA:9,0
DA:18,0
DA:19,0
DA:21,0
DA:26,0
DA:27,0
DA:34,0
DA:37,0
DA:103,0
DA:118,0
DA:139,0
LF:17
LH:0
BRDA:42,0,0,0
BRDA:42,0,1,0
BRDA:67,1,0,0
BRDA:80,2,0,0
BRDA:90,3,0,0
BRDA:90,3,1,0
BRDA:113,4,0,0
BRDA:113,4,1,0
BRDA:128,5,0,0
BRDA:138,6,0,0
BRDA:138,6,1,0
BRF:11
BRH:0
end_of_record
TN:
SF:components/protected-route.tsx
FN:13,ProtectedRoute
FN:17,(anonymous_2)
FNF:2
FNH:0
FNDA:0,ProtectedRoute
FNDA:0,(anonymous_2)
DA:3,0
DA:4,0
DA:5,0
DA:6,0
DA:13,0
DA:14,0
DA:15,0
DA:17,0
DA:18,0
DA:19,0
DA:23,0
DA:31,0
DA:32,0
LF:13
LH:0
BRDA:18,0,0,0
BRDA:18,0,1,0
BRDA:18,1,0,0
BRDA:18,1,1,0
BRDA:23,2,0,0
BRDA:23,2,1,0
BRDA:31,3,0,0
BRDA:31,3,1,0
BRDA:32,4,0,0
BRDA:32,4,1,0
BRF:10
BRH:0
end_of_record
TN:
SF:components/recent-analyses.tsx
FN:12,RecentAnalyses
FN:47,(anonymous_3)
FNF:2
FNH:0
FNDA:0,RecentAnalyses
FNDA:0,(anonymous_3)
DA:1,0
DA:2,0
DA:3,0
DA:4,0
DA:5,0
DA:6,0
DA:12,0
DA:13,0
DA:15,0
DA:30,0
DA:48,0
DA:49,0
DA:51,0
DA:53,0
LF:14
LH:0
BRDA:30,0,0,0
BRDA:30,0,1,0
BRDA:30,1,0,0
BRDA:30,1,1,0
BRDA:48,2,0,0
BRDA:48,2,1,0
BRDA:49,3,0,0
BRDA:49,3,1,0
BRDA:49,4,0,0
BRDA:49,4,1,0
BRDA:51,5,0,0
BRDA:51,5,1,0
BRDA:67,6,0,0
BRDA:90,7,0,0
BRF:14
BRH:0
end_of_record
TN:
SF:components/resume-downloader.tsx
FN:16,ResumeDownloader
FN:21,(anonymous_2)
FN:27,(anonymous_3)
FN:33,(anonymous_4)
FN:64,(anonymous_5)
FN:72,(anonymous_6)
FNF:6
FNH:0
FNDA:0,ResumeDownloader
FNDA:0,(anonymous_2)
FNDA:0,(anonymous_3)
FNDA:0,(anonymous_4)
FNDA:0,(anonymous_5)
FNDA:0,(anonymous_6)
DA:3,0
DA:5,0
DA:6,0
DA:7,0
DA:8,0
DA:16,0
DA:17,0
DA:19,0
DA:21,0
DA:22,0
DA:23,0
DA:24,0
DA:27,0
DA:28,0
DA:29,0
DA:30,0
DA:33,0
DA:34,0
DA:35,0
DA:36,0
DA:39,0
DA:64,0
DA:73,0
LF:23
LH:0
BRDA:82,0,0,0
BRF:1
BRH:0
end_of_record
TN:
SF:components/resume-dropzone.tsx
FN:17,ResumeDropzone
FN:23,(anonymous_2)
FN:51,(anonymous_3)
FN:70,(anonymous_4)
FNF:4
FNH:0
FNDA:0,ResumeDropzone
FNDA:0,(anonymous_2)
FNDA:0,(anonymous_3)
FNDA:0,(anonymous_4)
DA:3,0
DA:4,0
DA:5,0
DA:6,0
DA:7,0
DA:8,0
DA:9,0
DA:17,0
DA:18,0
DA:19,0
DA:20,0
DA:22,0
DA:24,0
DA:25,0
DA:26,0
DA:27,0
DA:30,0
DA:31,0
DA:32,0
DA:34,0
DA:35,0
DA:36,0
DA:37,0
DA:39,0
DA:41,0
DA:42,0
DA:44,0
DA:50,0
DA:52,0
DA:53,0
DA:59,0
DA:70,0
DA:71,0
DA:72,0
DA:75,0
LF:35
LH:0
BRDA:25,0,0,0
BRDA:25,0,1,0
BRDA:26,1,0,0
BRDA:26,1,1,0
BRDA:36,2,0,0
BRDA:36,2,1,0
BRDA:36,3,0,0
BRDA:36,3,1,0
BRDA:41,4,0,0
BRDA:41,4,1,0
BRDA:52,5,0,0
BRDA:52,5,1,0
BRDA:67,6,0,0
BRDA:67,6,1,0
BRDA:75,7,0,0
BRDA:75,7,1,0
BRDA:80,8,0,0
BRDA:84,9,0,0
BRDA:84,9,1,0
BRDA:85,10,0,0
BRDA:85,10,1,0
BRDA:94,11,0,0
BRDA:94,11,1,0
BRDA:104,12,0,0
BRDA:110,13,0,0
BRDA:110,13,1,0
BRDA:113,14,0,0
BRDA:122,15,0,0
BRF:28
BRH:0
end_of_record
TN:
SF:components/resume-preview.tsx
FN:11,ResumePreview
FN:80,(anonymous_2)
FN:91,(anonymous_3)
FN:113,(anonymous_4)
FN:135,(anonymous_5)
FNF:5
FNH:0
FNDA:0,ResumePreview
FNDA:0,(anonymous_2)
FNDA:0,(anonymous_3)
FNDA:0,(anonymous_4)
FNDA:0,(anonymous_5)
DA:4,0
DA:5,0
DA:11,0
DA:12,0
DA:81,0
DA:92,0
DA:114,0
DA:136,0
LF:8
LH:0
BRDA:23,0,0,0
BRDA:23,0,1,0
BRDA:25,1,0,0
BRDA:31,2,0,0
BRDA:37,3,0,0
BRDA:43,4,0,0
BRDA:49,5,0,0
BRDA:62,6,0,0
BRDA:73,7,0,0
BRDA:73,7,1,0
BRDA:85,8,0,0
BRDA:85,8,1,0
BRDA:89,9,0,0
BRDA:89,9,1,0
BRDA:106,10,0,0
BRDA:106,10,1,0
BRDA:120,11,0,0
BRDA:128,12,0,0
BRDA:128,12,1,0
BRF:19
BRH:0
end_of_record
TN:
SF:components/stats.tsx
FN:1,Stats
FN:13,(anonymous_2)
FNF:2
FNH:0
FNDA:0,Stats
FNDA:0,(anonymous_2)
DA:1,0
DA:2,0
DA:14,0
LF:3
LH:0
BRF:0
BRH:0
end_of_record
TN:
SF:components/template-selector.tsx
FN:15,TemplateSelector
FN:19,(anonymous_3)
FN:26,(anonymous_4)
FN:38,(anonymous_5)
FNF:4
FNH:0
FNDA:0,TemplateSelector
FNDA:0,(anonymous_3)
FNDA:0,(anonymous_4)
FNDA:0,(anonymous_5)
DA:2,0
DA:3,0
DA:4,0
DA:5,0
DA:6,0
DA:7,0
DA:15,0
DA:16,0
DA:17,0
DA:19,0
DA:20,0
DA:21,0
DA:27,0
DA:28,0
DA:30,0
DA:38,0
LF:16
LH:0
BRDA:17,0,0,0
BRDA:17,0,1,0
BRDA:20,1,0,0
BRDA:20,1,1,0
BRDA:35,2,0,0
BRDA:35,2,1,0
BRDA:36,3,0,0
BRDA:36,3,1,0
BRDA:38,4,0,0
BRDA:38,4,1,0
BRDA:43,5,0,0
BRDA:43,5,1,0
BRDA:44,6,0,0
BRDA:52,7,0,0
BRF:14
BRH:0
end_of_record
TN:
SF:components/theme-provider.tsx
FN:9,ThemeProvider
FNF:1
FNH:0
FNDA:0,ThemeProvider
DA:3,0
DA:7,0
DA:9,0
LF:3
LH:0
BRF:0
BRH:0
end_of_record
TN:
SF:components/user-nav.tsx
FN:24,UserNav
FN:29,(anonymous_3)
FNF:2
FNH:0
FNDA:0,UserNav
FNDA:0,(anonymous_3)
DA:3,0
DA:4,0
DA:5,0
DA:7,0
DA:8,0
DA:16,0
DA:17,0
DA:18,0
DA:24,0
DA:25,0
DA:26,0
DA:27,0
DA:29,0
DA:30,0
DA:31,0
DA:32,0
DA:33,0
DA:36,0
LF:18
LH:0
BRDA:36,0,0,0
BRDA:36,0,1,0
BRDA:79,1,0,0
BRF:3
BRH:0
end_of_record
TN:
SF:components/ui/accordion.tsx
FN:9,Accordion
FN:15,AccordionItem
FN:28,AccordionTrigger
FN:50,AccordionContent
FNF:4
FNH:0
FNDA:0,Accordion
FNDA:0,AccordionItem
FNDA:0,AccordionTrigger
FNDA:0,AccordionContent
DA:3,0
DA:4,0
DA:5,0
DA:7,0
DA:66,0
LF:5
LH:0
BRF:0
BRH:0
end_of_record
TN:
SF:components/ui/alert-dialog.tsx
FN:9,AlertDialog
FN:15,AlertDialogTrigger
FN:23,AlertDialogPortal
FN:31,AlertDialogOverlay
FN:47,AlertDialogContent
FN:66,AlertDialogHeader
FN:79,AlertDialogFooter
FN:95,AlertDialogTitle
FN:108,AlertDialogDescription
FN:121,AlertDialogAction
FN:133,AlertDialogCancel
FNF:11
FNH:0
FNDA:0,AlertDialog
FNDA:0,AlertDialogTrigger
FNDA:0,AlertDialogPortal
FNDA:0,AlertDialogOverlay
FNDA:0,AlertDialogContent
FNDA:0,AlertDialogHeader
FNDA:0,AlertDialogFooter
FNDA:0,AlertDialogTitle
FNDA:0,AlertDialogDescription
FNDA:0,AlertDialogAction
FNDA:0,AlertDialogCancel
DA:3,0
DA:4,0
DA:6,0
DA:7,0
DA:146,0
DA:147,0
DA:148,0
DA:149,0
DA:150,0
DA:151,0
DA:152,0
DA:153,0
DA:154,0
DA:155,0
DA:156,0
LF:15
LH:0
BRF:0
BRH:0
end_of_record
TN:
SF:components/ui/alert.tsx
FN:22,Alert
FN:37,AlertTitle
FN:50,AlertDescription
FNF:3
FNH:0
FNDA:0,Alert
FNDA:0,AlertTitle
FNDA:0,AlertDescription
DA:1,0
DA:2,0
DA:4,0
DA:6,0
DA:66,0
LF:5
LH:0
BRF:0
BRH:0
end_of_record
TN:
SF:components/ui/aspect-ratio.tsx
FN:5,AspectRatio
FNF:1
FNH:0
FNDA:0,AspectRatio
DA:3,0
DA:11,0
LF:2
LH:0
BRF:0
BRH:0
end_of_record
TN:
SF:components/ui/avatar.tsx
FN:8,Avatar
FN:24,AvatarImage
FN:37,AvatarFallback
FNF:3
FNH:0
FNDA:0,Avatar
FNDA:0,AvatarImage
FNDA:0,AvatarFallback
DA:3,0
DA:4,0
DA:6,0
DA:53,0
LF:4
LH:0
BRF:0
BRH:0
end_of_record
TN:
SF:components/ui/badge.tsx
FN:28,Badge
FNF:1
FNH:0
FNDA:0,Badge
DA:1,0
DA:2,0
DA:3,0
DA:5,0
DA:7,0
DA:35,0
DA:46,0
LF:7
LH:0
BRDA:31,0,0,0
BRDA:35,1,0,0
BRDA:35,1,1,0
BRF:3
BRH:0
end_of_record
TN:
SF:components/ui/breadcrumb.tsx
FN:7,Breadcrumb
FN:11,BreadcrumbList
FN:24,BreadcrumbItem
FN:34,BreadcrumbLink
FN:52,BreadcrumbPage
FN:65,BreadcrumbSeparator
FN:83,BreadcrumbEllipsis
FNF:7
FNH:0
FNDA:0,Breadcrumb
FNDA:0,BreadcrumbList
FNDA:0,BreadcrumbItem
FNDA:0,BreadcrumbLink
FNDA:0,BreadcrumbPage
FNDA:0,BreadcrumbSeparator
FNDA:0,BreadcrumbEllipsis
DA:1,0
DA:2,0
DA:3,0
DA:5,0
DA:41,0
DA:102,0
DA:103,0
DA:104,0
DA:105,0
DA:106,0
DA:107,0
DA:108,0
LF:12
LH:0
BRDA:41,0,0,0
BRDA:41,0,1,0
BRDA:78,1,0,0
BRDA:78,1,1,0
BRF:4
BRH:0
end_of_record
TN:
SF:components/ui/button-group.tsx
FN:24,ButtonGroup
FN:40,ButtonGroupText
FN:60,ButtonGroupSeparator
FNF:3
FNH:0
FNDA:0,ButtonGroup
FNDA:0,ButtonGroupText
FNDA:0,ButtonGroupSeparator
DA:1,0
DA:2,0
DA:4,0
DA:5,0
DA:7,0
DA:47,0
DA:79,0
DA:80,0
DA:81,0
DA:82,0
LF:10
LH:0
BRDA:42,0,0,0
BRDA:47,1,0,0
BRDA:47,1,1,0
BRDA:62,2,0,0
BRF:4
BRH:0
end_of_record
TN:
SF:components/ui/button.tsx
FN:39,Button
FNF:1
FNH:0
FNDA:0,Button
DA:1,0
DA:2,0
DA:3,0
DA:5,0
DA:7,0
DA:49,0
DA:60,0
LF:7
LH:0
BRDA:43,0,0,0
BRDA:49,1,0,0
BRDA:49,1,1,0
BRF:3
BRH:0
end_of_record
TN:
SF:components/ui/calendar.tsx
FN:14,Calendar
FN:39,(anonymous_7)
FN:128,(anonymous_8)
FN:138,(anonymous_9)
FN:159,(anonymous_10)
FN:175,CalendarDayButton
FN:184,(anonymous_12)
FNF:7
FNH:0
FNDA:0,Calendar
FNDA:0,(anonymous_7)
FNDA:0,(anonymous_8)
FNDA:0,(anonymous_9)
FNDA:0,(anonymous_10)
FNDA:0,CalendarDayButton
FNDA:0,(anonymous_12)
DA:3,0
DA:8,0
DA:9,0
DA:11,0
DA:12,0
DA:26,0
DA:40,0
DA:139,0
DA:145,0
DA:181,0
DA:183,0
DA:184,0
DA:185,0
DA:213,0
LF:14
LH:0
BRDA:17,0,0,0
BRDA:18,1,0,0
BRDA:19,2,0,0
BRDA:82,3,0,0
BRDA:82,3,1,0
BRDA:139,4,0,0
BRDA:139,4,1,0
BRDA:145,5,0,0
BRDA:145,5,1,0
BRDA:185,6,0,0
BRDA:185,6,1,0
BRDA:195,7,0,0
BRDA:195,7,1,0
BRDA:195,7,2,0
BRDA:195,7,3,0
BRF:15
BRH:0
end_of_record
TN:
SF:components/ui/card.tsx
FN:5,Card
FN:18,CardHeader
FN:31,CardTitle
FN:41,CardDescription
FN:51,CardAction
FN:64,CardContent
FN:74,CardFooter
FNF:7
FNH:0
FNDA:0,Card
FNDA:0,CardHeader
FNDA:0,CardTitle
FNDA:0,CardDescription
FNDA:0,CardAction
FNDA:0,CardContent
FNDA:0,CardFooter
DA:1,0
DA:3,0
DA:85,0
DA:86,0
DA:87,0
DA:88,0
DA:89,0
DA:90,0
DA:91,0
LF:9
LH:0
BRF:0
BRH:0
end_of_record
TN:
SF:components/ui/carousel.tsx
FN:35,useCarousel
FN:45,Carousel
FN:64,(anonymous_12)
FN:70,(anonymous_13)
FN:74,(anonymous_14)
FN:79,(anonymous_15)
FN:91,(anonymous_16)
FN:96,(anonymous_17)
FN:102,(anonymous_18)
FN:135,CarouselContent
FN:156,CarouselItem
FN:174,CarouselPrevious
FN:204,CarouselNext
FNF:13
FNH:0
FNDA:0,useCarousel
FNDA:0,Carousel
FNDA:0,(anonymous_12)
FNDA:0,(anonymous_13)
FNDA:0,(anonymous_14)
FNDA:0,(anonymous_15)
FNDA:0,(anonymous_16)
FNDA:0,(anonymous_17)
FNDA:0,(anonymous_18)
FNDA:0,CarouselContent
FNDA:0,CarouselItem
FNDA:0,CarouselPrevious
FNDA:0,CarouselNext
DA:3,0
DA:6,0
DA:7,0
DA:9,0
DA:10,0
DA:33,0
DA:36,0
DA:38,0
DA:39,0
DA:42,0
DA:54,0
DA:61,0
DA:62,0
DA:64,0
DA:65,0
DA:66,0
DA:67,0
DA:70,0
DA:71,0
DA:74,0
DA:75,0
DA:78,0
DA:80,0
DA:81,0
DA:82,0
DA:83,0
DA:84,0
DA:85,0
DA:91,0
DA:92,0
DA:93,0
DA:96,0
DA:97,0
DA:98,0
DA:99,0
DA:100,0
DA:102,0
DA:103,0
DA:136,0
DA:157,0
DA:180,0
DA:210,0
DA:236,0
DA:237,0
DA:238,0
DA:239,0
DA:240,0
LF:47
LH:0
BRDA:38,0,0,0
BRDA:38,0,1,0
BRDA:46,1,0,0
BRDA:57,2,0,0
BRDA:57,2,1,0
BRDA:65,3,0,0
BRDA:65,3,1,0
BRDA:80,4,0,0
BRDA:80,4,1,0
BRDA:83,5,0,0
BRDA:83,5,1,0
BRDA:92,6,0,0
BRDA:92,6,1,0
BRDA:92,7,0,0
BRDA:92,7,1,0
BRDA:97,8,0,0
BRDA:97,8,1,0
BRDA:114,9,0,0
BRDA:114,9,1,0
BRDA:114,10,0,0
BRDA:114,10,1,0
BRDA:147,11,0,0
BRDA:147,11,1,0
BRDA:166,12,0,0
BRDA:166,12,1,0
BRDA:176,13,0,0
BRDA:177,14,0,0
BRDA:189,15,0,0
BRDA:189,15,1,0
BRDA:206,16,0,0
BRDA:207,17,0,0
BRDA:219,18,0,0
BRDA:219,18,1,0
BRF:33
BRH:0
end_of_record
TN:
SF:components/ui/chart.tsx
FN:27,useChart
FN:37,ChartContainer
FN:72,(anonymous_12)
FN:74,(anonymous_13)
FN:86,(anonymous_14)
FN:89,(anonymous_15)
FN:107,ChartTooltipContent
FN:131,(anonymous_17)
FN:182,(anonymous_18)
FN:253,ChartLegendContent
FN:278,(anonymous_20)
FN:308,getPayloadConfigFromPayload
FNF:12
FNH:0
FNDA:0,useChart
FNDA:0,ChartContainer
FNDA:0,(anonymous_12)
FNDA:0,(anonymous_13)
FNDA:0,(anonymous_14)
FNDA:0,(anonymous_15)
FNDA:0,ChartTooltipContent
FNDA:0,(anonymous_17)
FNDA:0,(anonymous_18)
FNDA:0,ChartLegendContent
FNDA:0,(anonymous_20)
FNDA:0,getPayloadConfigFromPayload
DA:3,0
DA:4,0
DA:6,0
DA:9,0
DA:25,0
DA:28,0
DA:30,0
DA:31,0
DA:34,0
DA:49,0
DA:50,0
DA:72,0
DA:73,0
DA:74,0
DA:77,0
DA:78,0
DA:86,0
DA:91,0
DA:93,0
DA:105,0
DA:129,0
DA:131,0
DA:132,0
DA:133,0
DA:136,0
DA:137,0
DA:138,0
DA:140,0
DA:144,0
DA:152,0
DA:153,0
DA:167,0
DA:168,0
DA:171,0
DA:183,0
DA:184,0
DA:185,0
DA:187,0
DA:251,0
DA:264,0
DA:266,0
DA:267,0
DA:279,0
DA:280,0
DA:282,0
DA:313,0
DA:314,0
DA:318,0
DA:324,0
DA:326,0
DA:330,0
DA:331,0
DA:336,0
DA:341,0
DA:347,0
DA:348,0
DA:349,0
DA:350,0
DA:351,0
DA:352,0
LF:60
LH:0
BRDA:30,0,0,0
BRDA:30,0,1,0
BRDA:50,1,0,0
BRDA:50,1,1,0
BRDA:74,2,0,0
BRDA:74,2,1,0
BRDA:77,3,0,0
BRDA:77,3,1,0
BRDA:91,4,0,0
BRDA:91,4,1,0
BRDA:93,5,0,0
BRDA:93,5,1,0
BRDA:111,6,0,0
BRDA:112,7,0,0
BRDA:113,8,0,0
BRDA:132,9,0,0
BRDA:132,9,1,0
BRDA:132,10,0,0
BRDA:132,10,1,0
BRDA:137,11,0,0
BRDA:137,11,1,0
BRDA:137,11,2,0
BRDA:137,11,3,0
BRDA:140,12,0,0
BRDA:140,12,1,0
BRDA:140,13,0,0
BRDA:140,13,1,0
BRDA:141,14,0,0
BRDA:141,14,1,0
BRDA:144,15,0,0
BRDA:144,15,1,0
BRDA:152,16,0,0
BRDA:152,16,1,0
BRDA:167,17,0,0
BRDA:167,17,1,0
BRDA:167,18,0,0
BRDA:167,18,1,0
BRDA:171,19,0,0
BRDA:171,19,1,0
BRDA:180,20,0,0
BRDA:180,20,1,0
BRDA:183,21,0,0
BRDA:183,21,1,0
BRDA:183,21,2,0
BRDA:183,21,3,0
BRDA:185,22,0,0
BRDA:185,22,1,0
BRDA:185,22,2,0
BRDA:192,23,0,0
BRDA:192,23,1,0
BRDA:196,24,0,0
BRDA:195,25,0,0
BRDA:195,25,1,0
BRDA:195,25,2,0
BRDA:200,26,0,0
BRDA:202,27,0,0
BRDA:211,28,0,0
BRDA:211,28,1,0
BRDA:226,29,0,0
BRDA:226,29,1,0
BRDA:230,30,0,0
BRDA:230,30,1,0
BRDA:232,31,0,0
BRDA:232,31,1,0
BRDA:235,32,0,0
BRDA:255,33,0,0
BRDA:257,34,0,0
BRDA:266,35,0,0
BRDA:266,35,1,0
BRDA:274,36,0,0
BRDA:274,36,1,0
BRDA:279,37,0,0
BRDA:279,37,1,0
BRDA:279,37,2,0
BRDA:290,38,0,0
BRDA:289,39,0,0
BRDA:289,39,1,0
BRDA:313,40,0,0
BRDA:313,40,1,0
BRDA:313,41,0,0
BRDA:313,41,1,0
BRDA:318,42,0,0
BRDA:318,42,1,0
BRDA:318,43,0,0
BRDA:318,43,1,0
BRDA:318,43,2,0
BRDA:326,44,0,0
BRDA:326,44,1,0
BRDA:327,45,0,0
BRDA:327,45,1,0
BRDA:331,46,0,0
BRDA:331,46,1,0
BRDA:332,47,0,0
BRDA:332,47,1,0
BRDA:332,47,2,0
BRDA:341,48,0,0
BRDA:341,48,1,0
BRF:97
BRH:0
end_of_record
TN:
SF:components/ui/checkbox.tsx
FN:9,Checkbox
FNF:1
FNH:0
FNDA:0,Checkbox
DA:3,0
DA:4,0
DA:5,0
DA:7,0
DA:32,0
LF:5
LH:0
BRF:0
BRH:0
end_of_record
TN:
SF:components/ui/collapsible.tsx
FN:5,Collapsible
FN:11,CollapsibleTrigger
FN:22,CollapsibleContent
FNF:3
FNH:0
FNDA:0,Collapsible
FNDA:0,CollapsibleTrigger
FNDA:0,CollapsibleContent
DA:3,0
DA:33,0
LF:2
LH:0
BRF:0
BRH:0
end_of_record
TN:
SF:components/ui/command.tsx
FN:16,Command
FN:32,CommandDialog
FN:63,CommandInput
FN:85,CommandList
FN:101,CommandEmpty
FN:113,CommandGroup
FN:129,CommandSeparator
FN:142,CommandItem
FN:158,CommandShortcut
FNF:9
FNH:0
FNDA:0,Command
FNDA:0,CommandDialog
FNDA:0,CommandInput
FNDA:0,CommandList
FNDA:0,CommandEmpty
FNDA:0,CommandGroup
FNDA:0,CommandSeparator
FNDA:0,CommandItem
FNDA:0,CommandShortcut
DA:3,0
DA:4,0
DA:5,0
DA:7,0
DA:14,0
DA:175,0
DA:176,0
DA:177,0
DA:178,0
DA:179,0
DA:180,0
DA:181,0
DA:182,0
DA:183,0
LF:14
LH:0
BRDA:33,0,0,0
BRDA:34,1,0,0
BRDA:37,2,0,0
BRF:3
BRH:0
end_of_record
TN:
SF:components/ui/context-menu.tsx
FN:9,ContextMenu
FN:15,ContextMenuTrigger
FN:23,ContextMenuGroup
FN:31,ContextMenuPortal
FN:39,ContextMenuSub
FN:45,ContextMenuRadioGroup
FN:56,ContextMenuSubTrigger
FN:80,ContextMenuSubContent
FN:96,ContextMenuContent
FN:114,ContextMenuItem
FN:137,ContextMenuCheckboxItem
FN:163,ContextMenuRadioItem
FN:187,ContextMenuLabel
FN:207,ContextMenuSeparator
FN:220,ContextMenuShortcut
FNF:15
FNH:0
FNDA:0,ContextMenu
FNDA:0,ContextMenuTrigger
FNDA:0,ContextMenuGroup
FNDA:0,ContextMenuPortal
FNDA:0,ContextMenuSub
FNDA:0,ContextMenuRadioGroup
FNDA:0,ContextMenuSubTrigger
FNDA:0,ContextMenuSubContent
FNDA:0,ContextMenuContent
FNDA:0,ContextMenuItem
FNDA:0,ContextMenuCheckboxItem
FNDA:0,ContextMenuRadioItem
FNDA:0,ContextMenuLabel
FNDA:0,ContextMenuSeparator
FNDA:0,ContextMenuShortcut
DA:3,0
DA:4,0
DA:5,0
DA:7,0
DA:237,0
DA:238,0
DA:239,0
DA:240,0
DA:241,0
DA:242,0
DA:243,0
DA:244,0
DA:245,0
DA:246,0
DA:247,0
DA:248,0
DA:249,0
DA:250,0
DA:251,0
LF:19
LH:0
BRDA:117,0,0,0
BRF:1
BRH:0
end_of_record
TN:
SF:components/ui/dialog.tsx
FN:9,Dialog
FN:15,DialogTrigger
FN:21,DialogPortal
FN:27,DialogClose
FN:33,DialogOverlay
FN:49,DialogContent
FN:83,DialogHeader
FN:93,DialogFooter
FN:106,DialogTitle
FN:119,DialogDescription
FNF:10
FNH:0
FNDA:0,Dialog
FNDA:0,DialogTrigger
FNDA:0,DialogPortal
FNDA:0,DialogClose
FNDA:0,DialogOverlay
FNDA:0,DialogContent
FNDA:0,DialogHeader
FNDA:0,DialogFooter
FNDA:0,DialogTitle
FNDA:0,DialogDescription
DA:3,0
DA:4,0
DA:5,0
DA:7,0
DA:133,0
DA:134,0
DA:135,0
DA:136,0
DA:137,0
DA:138,0
DA:139,0
DA:140,0
DA:141,0
DA:142,0
LF:14
LH:0
BRDA:52,0,0,0
BRDA:69,1,0,0
BRF:2
BRH:0
end_of_record
TN:
SF:components/ui/drawer.tsx
FN:8,Drawer
FN:14,DrawerTrigger
FN:20,DrawerPortal
FN:26,DrawerClose
FN:32,DrawerOverlay
FN:48,DrawerContent
FN:75,DrawerHeader
FN:88,DrawerFooter
FN:98,DrawerTitle
FN:111,DrawerDescription
FNF:10
FNH:0
FNDA:0,Drawer
FNDA:0,DrawerTrigger
FNDA:0,DrawerPortal
FNDA:0,DrawerClose
FNDA:0,DrawerOverlay
FNDA:0,DrawerContent
FNDA:0,DrawerHeader
FNDA:0,DrawerFooter
FNDA:0,DrawerTitle
FNDA:0,DrawerDescription
DA:3,0
DA:4,0
DA:6,0
DA:125,0
DA:126,0
DA:127,0
DA:128,0
DA:129,0
DA:130,0
DA:131,0
DA:132,0
DA:133,0
DA:134,0
LF:13
LH:0
BRF:0
BRH:0
end_of_record
TN:
SF:components/ui/dropdown-menu.tsx
FN:9,DropdownMenu
FN:15,DropdownMenuPortal
FN:23,DropdownMenuTrigger
FN:34,DropdownMenuContent
FN:54,DropdownMenuGroup
FN:62,DropdownMenuItem
FN:85,DropdownMenuCheckboxItem
FN:111,DropdownMenuRadioGroup
FN:122,DropdownMenuRadioItem
FN:146,DropdownMenuLabel
FN:166,DropdownMenuSeparator
FN:179,DropdownMenuShortcut
FN:195,DropdownMenuSub
FN:201,DropdownMenuSubTrigger
FN:225,DropdownMenuSubContent
FNF:15
FNH:0
FNDA:0,DropdownMenu
FNDA:0,DropdownMenuPortal
FNDA:0,DropdownMenuTrigger
FNDA:0,DropdownMenuContent
FNDA:0,DropdownMenuGroup
FNDA:0,DropdownMenuItem
FNDA:0,DropdownMenuCheckboxItem
FNDA:0,DropdownMenuRadioGroup
FNDA:0,DropdownMenuRadioItem
FNDA:0,DropdownMenuLabel
FNDA:0,DropdownMenuSeparator
FNDA:0,DropdownMenuShortcut
FNDA:0,DropdownMenuSub
FNDA:0,DropdownMenuSubTrigger
FNDA:0,DropdownMenuSubContent
DA:3,0
DA:4,0
DA:5,0
DA:7,0
DA:242,0
DA:243,0
DA:244,0
DA:245,0
DA:246,0
DA:247,0
DA:248,0
DA:249,0
DA:250,0
DA:251,0
DA:252,0
DA:253,0
DA:254,0
DA:255,0
DA:256,0
LF:19
LH:0
BRDA:36,0,0,0
BRDA:65,1,0,0
BRF:2
BRH:0
end_of_record
TN:
SF:components/ui/empty.tsx
FN:5,Empty
FN:18,EmptyHeader
FN:46,EmptyMedia
FN:61,EmptyTitle
FN:71,EmptyDescription
FN:84,EmptyContent
FNF:6
FNH:0
FNDA:0,Empty
FNDA:0,EmptyHeader
FNDA:0,EmptyMedia
FNDA:0,EmptyTitle
FNDA:0,EmptyDescription
FNDA:0,EmptyContent
DA:1,0
DA:3,0
DA:31,0
DA:98,0
DA:99,0
DA:100,0
DA:101,0
DA:102,0
DA:103,0
LF:9
LH:0
BRDA:48,0,0,0
BRF:1
BRH:0
end_of_record
TN:
SF:components/ui/field.tsx
FN:10,FieldSet
FN:24,FieldLegend
FN:44,FieldGroup
FN:81,Field
FN:97,FieldContent
FN:110,FieldLabel
FN:128,FieldTitle
FN:141,FieldDescription
FN:156,FieldSeparator
FN:186,FieldError
FN:194,(anonymous_21)
FN:210,(anonymous_22)
FNF:12
FNH:0
FNDA:0,FieldSet
FNDA:0,FieldLegend
FNDA:0,FieldGroup
FNDA:0,Field
FNDA:0,FieldContent
FNDA:0,FieldLabel
FNDA:0,FieldTitle
FNDA:0,FieldDescription
FNDA:0,FieldSeparator
FNDA:0,FieldError
FNDA:0,(anonymous_21)
FNDA:0,(anonymous_22)
DA:3,0
DA:4,0
DA:6,0
DA:7,0
DA:8,0
DA:57,0
DA:194,0
DA:195,0
DA:196,0
DA:199,0
DA:200,0
DA:203,0
DA:204,0
DA:211,0
DA:217,0
DA:218,0
DA:234,0
DA:235,0
DA:236,0
DA:237,0
DA:238,0
DA:239,0
DA:240,0
DA:241,0
DA:242,0
DA:243,0
LF:26
LH:0
BRDA:26,0,0,0
BRDA:83,1,0,0
BRDA:174,2,0,0
BRDA:195,3,0,0
BRDA:195,3,1,0
BRDA:199,4,0,0
BRDA:199,4,1,0
BRDA:203,5,0,0
BRDA:203,5,1,0
BRDA:203,6,0,0
BRDA:203,6,1,0
BRDA:211,7,0,0
BRDA:211,7,1,0
BRDA:217,8,0,0
BRDA:217,8,1,0
BRF:15
BRH:0
end_of_record
TN:
SF:components/ui/form.tsx
FN:32,(anonymous_12)
FN:45,(anonymous_13)
FN:76,FormItem
FN:90,FormLabel
FN:107,FormControl
FN:125,FormDescription
FN:138,FormMessage
FNF:7
FNH:0
FNDA:0,(anonymous_12)
FNDA:0,(anonymous_13)
FNDA:0,FormItem
FNDA:0,FormLabel
FNDA:0,FormControl
FNDA:0,FormDescription
FNDA:0,FormMessage
DA:3,0
DA:5,0
DA:14,0
DA:16,0
DA:17,0
DA:19,0
DA:28,0
DA:32,0
DA:45,0
DA:46,0
DA:47,0
DA:48,0
DA:49,0
DA:50,0
DA:52,0
DA:53,0
DA:56,0
DA:58,0
DA:72,0
DA:77,0
DA:94,0
DA:108,0
DA:126,0
DA:139,0
DA:140,0
DA:142,0
DA:143,0
DA:159,0
DA:160,0
DA:161,0
DA:162,0
DA:163,0
DA:164,0
DA:165,0
DA:166,0
LF:35
LH:0
BRDA:52,0,0,0
BRDA:52,0,1,0
BRDA:115,1,0,0
BRDA:115,1,1,0
BRDA:140,2,0,0
BRDA:140,2,1,0
BRDA:140,3,0,0
BRDA:140,3,1,0
BRDA:142,4,0,0
BRDA:142,4,1,0
BRF:10
BRH:0
end_of_record
TN:
SF:components/ui/hover-card.tsx
FN:8,HoverCard
FN:14,HoverCardTrigger
FN:22,HoverCardContent
FNF:3
FNH:0
FNDA:0,HoverCard
FNDA:0,HoverCardTrigger
FNDA:0,HoverCardContent
DA:3,0
DA:4,0
DA:6,0
DA:44,0
LF:4
LH:0
BRDA:24,0,0,0
BRDA:25,1,0,0
BRF:2
BRH:0
end_of_record
TN:
SF:components/ui/input-group.tsx
FN:10,InputGroup
FN:59,InputGroupAddon
FN:70,(anonymous_9)
FN:99,InputGroupButton
FN:118,InputGroupText
FN:130,InputGroupInput
FN:146,InputGroupTextarea
FNF:7
FNH:0
FNDA:0,InputGroup
FNDA:0,InputGroupAddon
FNDA:0,(anonymous_9)
FNDA:0,InputGroupButton
FNDA:0,InputGroupText
FNDA:0,InputGroupInput
FNDA:0,InputGroupTextarea
DA:3,0
DA:5,0
DA:6,0
DA:7,0
DA:8,0
DA:38,0
DA:71,0
DA:72,0
DA:74,0
DA:81,0
DA:163,0
DA:164,0
DA:165,0
DA:166,0
DA:167,0
DA:168,0
LF:16
LH:0
BRDA:61,0,0,0
BRDA:71,1,0,0
BRDA:71,1,1,0
BRDA:101,2,0,0
BRDA:102,3,0,0
BRDA:103,4,0,0
BRF:6
BRH:0
end_of_record
TN:
SF:components/ui/input-otp.tsx
FN:9,InputOTP
FN:29,InputOTPGroup
FN:39,InputOTPSlot
FN:69,InputOTPSeparator
FNF:4
FNH:0
FNDA:0,InputOTP
FNDA:0,InputOTPGroup
FNDA:0,InputOTPSlot
FNDA:0,InputOTPSeparator
DA:3,0
DA:4,0
DA:5,0
DA:7,0
DA:46,0
DA:47,0
DA:77,0
LF:7
LH:0
BRDA:47,0,0,0
BRDA:47,0,1,0
BRDA:60,1,0,0
BRF:3
BRH:0
end_of_record
TN:
SF:components/ui/input.tsx
FN:5,Input
FNF:1
FNH:0
FNDA:0,Input
DA:1,0
DA:3,0
DA:21,0
LF:3
LH:0
BRF:0
BRH:0
end_of_record
TN:
SF:components/ui/item.tsx
FN:8,ItemGroup
FN:19,ItemSeparator
FN:54,Item
FN:91,ItemMedia
FN:106,ItemContent
FN:119,ItemTitle
FN:132,ItemDescription
FN:146,ItemActions
FN:156,ItemHeader
FN:169,ItemFooter
FNF:10
FNH:0
FNDA:0,ItemGroup
FNDA:0,ItemSeparator
FNDA:0,Item
FNDA:0,ItemMedia
FNDA:0,ItemContent
FNDA:0,ItemTitle
FNDA:0,ItemDescription
FNDA:0,ItemActions
FNDA:0,ItemHeader
FNDA:0,ItemFooter
DA:1,0
DA:2,0
DA:3,0
DA:5,0
DA:6,0
DA:33,0
DA:62,0
DA:74,0
DA:183,0
DA:184,0
DA:185,0
DA:186,0
DA:187,0
DA:188,0
DA:189,0
DA:190,0
DA:191,0
DA:192,0
LF:18
LH:0
BRDA:56,0,0,0
BRDA:57,1,0,0
BRDA:58,2,0,0
BRDA:62,3,0,0
BRDA:62,3,1,0
BRDA:93,4,0,0
BRF:6
BRH:0
end_of_record
TN:
SF:components/ui/kbd.tsx
FN:3,Kbd
FN:18,KbdGroup
FNF:2
FNH:0
FNDA:0,Kbd
FNDA:0,KbdGroup
DA:1,0
DA:28,0
LF:2
LH:0
BRF:0
BRH:0
end_of_record
TN:
SF:components/ui/label.tsx
FN:8,Label
FNF:1
FNH:0
FNDA:0,Label
DA:3,0
DA:4,0
DA:6,0
DA:24,0
LF:4
LH:0
BRF:0
BRH:0
end_of_record
TN:
SF:components/ui/menubar.tsx
FN:9,Menubar
FN:25,MenubarMenu
FN:31,MenubarGroup
FN:37,MenubarPortal
FN:43,MenubarRadioGroup
FN:51,MenubarTrigger
FN:67,MenubarContent
FN:91,MenubarItem
FN:114,MenubarCheckboxItem
FN:140,MenubarRadioItem
FN:164,MenubarLabel
FN:184,MenubarSeparator
FN:197,MenubarShortcut
FN:213,MenubarSub
FN:219,MenubarSubTrigger
FN:243,MenubarSubContent
FNF:16
FNH:0
FNDA:0,Menubar
FNDA:0,MenubarMenu
FNDA:0,MenubarGroup
FNDA:0,MenubarPortal
FNDA:0,MenubarRadioGroup
FNDA:0,MenubarTrigger
FNDA:0,MenubarContent
FNDA:0,MenubarItem
FNDA:0,MenubarCheckboxItem
FNDA:0,MenubarRadioItem
FNDA:0,MenubarLabel
FNDA:0,MenubarSeparator
FNDA:0,MenubarShortcut
FNDA:0,MenubarSub
FNDA:0,MenubarSubTrigger
FNDA:0,MenubarSubContent
DA:3,0
DA:4,0
DA:5,0
DA:7,0
DA:260,0
DA:261,0
DA:262,0
DA:263,0
DA:264,0
DA:265,0
DA:266,0
DA:267,0
DA:268,0
DA:269,0
DA:270,0
DA:271,0
DA:272,0
DA:273,0
DA:274,0
DA:275,0
LF:20
LH:0
BRDA:69,0,0,0
BRDA:70,1,0,0
BRDA:71,2,0,0
BRDA:94,3,0,0
BRF:4
BRH:0
end_of_record
TN:
SF:components/ui/navigation-menu.tsx
FN:8,NavigationMenu
FN:32,NavigationMenuList
FN:48,NavigationMenuItem
FN:65,NavigationMenuTrigger
FN:85,NavigationMenuContent
FN:102,NavigationMenuViewport
FN:122,NavigationMenuLink
FN:138,NavigationMenuIndicator
FNF:8
FNH:0
FNDA:0,NavigationMenu
FNDA:0,NavigationMenuList
FNDA:0,NavigationMenuItem
FNDA:0,NavigationMenuTrigger
FNDA:0,NavigationMenuContent
FNDA:0,NavigationMenuViewport
FNDA:0,NavigationMenuLink
FNDA:0,NavigationMenuIndicator
DA:1,0
DA:2,0
DA:3,0
DA:4,0
DA:6,0
DA:61,0
DA:157,0
DA:158,0
DA:159,0
DA:160,0
DA:161,0
DA:162,0
DA:163,0
DA:164,0
DA:165,0
LF:15
LH:0
BRDA:11,0,0,0
BRDA:27,1,0,0
BRDA:27,1,1,0
BRF:3
BRH:0
end_of_record
TN:
SF:components/ui/pagination.tsx
FN:11,Pagination
FN:23,PaginationContent
FN:36,PaginationItem
FN:45,PaginationLink
FN:68,PaginationPrevious
FN:85,PaginationNext
FN:102,PaginationEllipsis
FNF:7
FNH:0
FNDA:0,Pagination
FNDA:0,PaginationContent
FNDA:0,PaginationItem
FNDA:0,PaginationLink
FNDA:0,PaginationPrevious
FNDA:0,PaginationNext
FNDA:0,PaginationEllipsis
DA:1,0
DA:6,0
DA:8,0
DA:9,0
DA:120,0
DA:121,0
DA:122,0
DA:123,0
DA:124,0
DA:125,0
DA:126,0
LF:11
LH:0
BRDA:48,0,0,0
BRDA:53,1,0,0
BRDA:53,1,1,0
BRDA:58,2,0,0
BRDA:58,2,1,0
BRF:5
BRH:0
end_of_record
TN:
SF:components/ui/popover.tsx
FN:8,Popover
FN:14,PopoverTrigger
FN:20,PopoverContent
FN:42,PopoverAnchor
FNF:4
FNH:0
FNDA:0,Popover
FNDA:0,PopoverTrigger
FNDA:0,PopoverContent
FNDA:0,PopoverAnchor
DA:3,0
DA:4,0
DA:6,0
DA:48,0
LF:4
LH:0
BRDA:22,0,0,0
BRDA:23,1,0,0
BRF:2
BRH:0
end_of_record
TN:
SF:components/ui/progress.tsx
FN:8,Progress
FNF:1
FNH:0
FNDA:0,Progress
DA:3,0
DA:4,0
DA:6,0
DA:31,0
LF:4
LH:0
BRDA:25,0,0,0
BRDA:25,0,1,0
BRF:2
BRH:0
end_of_record
TN:
SF:components/ui/radio-group.tsx
FN:9,RadioGroup
FN:22,RadioGroupItem
FNF:2
FNH:0
FNDA:0,RadioGroup
FNDA:0,RadioGroupItem
DA:3,0
DA:4,0
DA:5,0
DA:7,0
DA:45,0
LF:5
LH:0
BRF:0
BRH:0
end_of_record
TN:
SF:components/ui/resizable.tsx
FN:9,ResizablePanelGroup
FN:25,ResizablePanel
FN:31,ResizableHandle
FNF:3
FNH:0
FNDA:0,ResizablePanelGroup
FNDA:0,ResizablePanel
FNDA:0,ResizableHandle
DA:3,0
DA:4,0
DA:5,0
DA:7,0
DA:56,0
LF:5
LH:0
BRDA:47,0,0,0
BRF:1
BRH:0
end_of_record
TN:
SF:components/ui/scroll-area.tsx
FN:8,ScrollArea
FN:31,ScrollBar
FNF:2
FNH:0
FNDA:0,ScrollArea
FNDA:0,ScrollBar
DA:3,0
DA:4,0
DA:6,0
DA:58,0
LF:4
LH:0
BRDA:33,0,0,0
BRDA:42,1,0,0
BRDA:42,1,1,0
BRDA:44,2,0,0
BRDA:44,2,1,0
BRF:5
BRH:0
end_of_record
TN:
SF:components/ui/select.tsx
FN:9,Select
FN:15,SelectGroup
FN:21,SelectValue
FN:27,SelectTrigger
FN:53,SelectContent
FN:88,SelectLabel
FN:101,SelectItem
FN:125,SelectSeparator
FN:138,SelectScrollUpButton
FN:156,SelectScrollDownButton
FNF:10
FNH:0
FNDA:0,Select
FNDA:0,SelectGroup
FNDA:0,SelectValue
FNDA:0,SelectTrigger
FNDA:0,SelectContent
FNDA:0,SelectLabel
FNDA:0,SelectItem
FNDA:0,SelectSeparator
FNDA:0,SelectScrollUpButton
FNDA:0,SelectScrollDownButton
DA:3,0
DA:4,0
DA:5,0
DA:7,0
DA:175,0
DA:176,0
DA:177,0
DA:178,0
DA:179,0
DA:180,0
DA:181,0
DA:182,0
DA:183,0
DA:184,0
LF:14
LH:0
BRDA:29,0,0,0
BRDA:56,1,0,0
BRDA:65,2,0,0
BRDA:65,2,1,0
BRDA:76,3,0,0
BRDA:76,3,1,0
BRF:6
BRH:0
end_of_record
TN:
SF:components/ui/separator.tsx
FN:8,Separator
FNF:1
FNH:0
FNDA:0,Separator
DA:3,0
DA:4,0
DA:6,0
DA:28,0
LF:4
LH:0
BRDA:10,0,0,0
BRDA:11,1,0,0
BRF:2
BRH:0
end_of_record
TN:
SF:components/ui/sheet.tsx
FN:9,Sheet
FN:13,SheetTrigger
FN:19,SheetClose
FN:25,SheetPortal
FN:31,SheetOverlay
FN:47,SheetContent
FN:84,SheetHeader
FN:94,SheetFooter
FN:104,SheetTitle
FN:117,SheetDescription
FNF:10
FNH:0
FNDA:0,Sheet
FNDA:0,SheetTrigger
FNDA:0,SheetClose
FNDA:0,SheetPortal
FNDA:0,SheetOverlay
FNDA:0,SheetContent
FNDA:0,SheetHeader
FNDA:0,SheetFooter
FNDA:0,SheetTitle
FNDA:0,SheetDescription
DA:3,0
DA:4,0
DA:5,0
DA:7,0
DA:131,0
DA:132,0
DA:133,0
DA:134,0
DA:135,0
DA:136,0
DA:137,0
DA:138,0
LF:12
LH:0
BRDA:50,0,0,0
BRDA:62,1,0,0
BRDA:62,1,1,0
BRDA:64,2,0,0
BRDA:64,2,1,0
BRDA:66,3,0,0
BRDA:66,3,1,0
BRDA:68,4,0,0
BRDA:68,4,1,0
BRF:9
BRH:0
end_of_record
TN:
SF:components/ui/sidebar.tsx
FN:47,useSidebar
FN:56,SidebarProvider
FN:77,(anonymous_30)
FN:92,(anonymous_31)
FN:93,(anonymous_32)
FN:93,(anonymous_33)
FN:97,(anonymous_34)
FN:98,(anonymous_35)
FN:109,(anonymous_36)
FN:117,(anonymous_37)
FN:154,Sidebar
FN:256,SidebarTrigger
FN:270,(anonymous_40)
FN:282,SidebarRail
FN:307,SidebarInset
FN:321,SidebarInput
FN:335,SidebarHeader
FN:346,SidebarFooter
FN:357,SidebarSeparator
FN:371,SidebarContent
FN:385,SidebarGroup
FN:396,SidebarGroupLabel
FN:417,SidebarGroupAction
FN:440,SidebarGroupContent
FN:454,SidebarMenu
FN:465,SidebarMenuItem
FN:498,SidebarMenuButton
FN:548,SidebarMenuAction
FN:580,SidebarMenuBadge
FN:602,SidebarMenuSkeleton
FN:610,(anonymous_58)
FN:640,SidebarMenuSub
FN:655,SidebarMenuSubItem
FN:669,SidebarMenuSubButton
FNF:34
FNH:0
FNDA:0,useSidebar
FNDA:0,SidebarProvider
FNDA:0,(anonymous_30)
FNDA:0,(anonymous_31)
FNDA:0,(anonymous_32)
FNDA:0,(anonymous_33)
FNDA:0,(anonymous_34)
FNDA:0,(anonymous_35)
FNDA:0,(anonymous_36)
FNDA:0,(anonymous_37)
FNDA:0,Sidebar
FNDA:0,SidebarTrigger
FNDA:0,(anonymous_40)
FNDA:0,SidebarRail
FNDA:0,SidebarInset
FNDA:0,SidebarInput
FNDA:0,SidebarHeader
FNDA:0,SidebarFooter
FNDA:0,SidebarSeparator
FNDA:0,SidebarContent
FNDA:0,SidebarGroup
FNDA:0,SidebarGroupLabel
FNDA:0,SidebarGroupAction
FNDA:0,SidebarGroupContent
FNDA:0,SidebarMenu
FNDA:0,SidebarMenuItem
FNDA:0,SidebarMenuButton
FNDA:0,SidebarMenuAction
FNDA:0,SidebarMenuBadge
FNDA:0,SidebarMenuSkeleton
FNDA:0,(anonymous_58)
FNDA:0,SidebarMenuSub
FNDA:0,SidebarMenuSubItem
FNDA:0,SidebarMenuSubButton
DA:3,0
DA:4,0
DA:5,0
DA:6,0
DA:8,0
DA:9,0
DA:10,0
DA:11,0
DA:12,0
DA:19,0
DA:20,0
DA:26,0
DA:28,0
DA:29,0
DA:30,0
DA:31,0
DA:32,0
DA:33,0
DA:45,0
DA:48,0
DA:49,0
DA:50,0
DA:53,0
DA:69,0
DA:70,0
DA:74,0
DA:75,0
DA:76,0
DA:78,0
DA:79,0
DA:80,0
DA:82,0
DA:86,0
DA:92,0
DA:93,0
DA:97,0
DA:98,0
DA:99,0
DA:103,0
DA:104,0
DA:108,0
DA:109,0
DA:114,0
DA:116,0
DA:117,0
DA:166,0
DA:168,0
DA:183,0
DA:261,0
DA:271,0
DA:272,0
DA:283,0
DA:401,0
DA:422,0
DA:476,0
DA:511,0
DA:512,0
DA:525,0
DA:526,0
DA:529,0
DA:530,0
DA:557,0
DA:610,0
DA:611,0
DA:680,0
DA:702,0
DA:703,0
DA:704,0
DA:705,0
DA:706,0
DA:707,0
DA:708,0
DA:709,0
DA:710,0
DA:711,0
DA:712,0
DA:713,0
DA:714,0
DA:715,0
DA:716,0
DA:717,0
DA:718,0
DA:719,0
DA:720,0
DA:721,0
DA:722,0
DA:723,0
DA:724,0
DA:725,0
LF:89
LH:0
BRDA:49,0,0,0
BRDA:49,0,1,0
BRDA:57,1,0,0
BRDA:75,2,0,0
BRDA:75,2,1,0
BRDA:78,3,0,0
BRDA:78,3,1,0
BRDA:79,4,0,0
BRDA:79,4,1,0
BRDA:93,5,0,0
BRDA:93,5,1,0
BRDA:99,6,0,0
BRDA:99,6,1,0
BRDA:100,7,0,0
BRDA:100,7,1,0
BRDA:100,7,2,0
BRDA:114,8,0,0
BRDA:114,8,1,0
BRDA:155,9,0,0
BRDA:156,10,0,0
BRDA:157,11,0,0
BRDA:168,12,0,0
BRDA:168,12,1,0
BRDA:183,13,0,0
BRDA:183,13,1,0
BRDA:212,14,0,0
BRDA:212,14,1,0
BRDA:224,15,0,0
BRDA:224,15,1,0
BRDA:224,16,0,0
BRDA:224,16,1,0
BRDA:233,17,0,0
BRDA:233,17,1,0
BRDA:237,18,0,0
BRDA:237,18,1,0
BRDA:237,19,0,0
BRDA:237,19,1,0
BRDA:398,20,0,0
BRDA:401,21,0,0
BRDA:401,21,1,0
BRDA:419,22,0,0
BRDA:422,23,0,0
BRDA:422,23,1,0
BRDA:499,24,0,0
BRDA:500,25,0,0
BRDA:501,26,0,0
BRDA:502,27,0,0
BRDA:511,28,0,0
BRDA:511,28,1,0
BRDA:525,29,0,0
BRDA:525,29,1,0
BRDA:529,30,0,0
BRDA:529,30,1,0
BRDA:541,31,0,0
BRDA:541,31,1,0
BRDA:550,32,0,0
BRDA:551,33,0,0
BRDA:557,34,0,0
BRDA:557,34,1,0
BRDA:571,35,0,0
BRDA:571,35,1,0
BRDA:604,36,0,0
BRDA:621,37,0,0
BRDA:670,38,0,0
BRDA:671,39,0,0
BRDA:672,40,0,0
BRDA:680,41,0,0
BRDA:680,41,1,0
BRDA:691,42,0,0
BRDA:691,42,1,0
BRDA:692,43,0,0
BRDA:692,43,1,0
BRF:72
BRH:0
end_of_record
TN:
SF:components/ui/skeleton.tsx
FN:3,Skeleton
FNF:1
FNH:0
FNDA:0,Skeleton
DA:1,0
DA:13,0
LF:2
LH:0
BRF:0
BRH:0
end_of_record
TN:
SF:components/ui/slider.tsx
FN:8,Slider
FN:17,(anonymous_5)
FN:52,(anonymous_6)
FNF:3
FNH:0
FNDA:0,Slider
FNDA:0,(anonymous_5)
FNDA:0,(anonymous_6)
DA:3,0
DA:4,0
DA:6,0
DA:16,0
DA:18,0
DA:53,0
DA:63,0
LF:7
LH:0
BRDA:12,0,0,0
BRDA:13,1,0,0
BRDA:18,2,0,0
BRDA:18,2,1,0
BRDA:20,3,0,0
BRDA:20,3,1,0
BRF:6
BRH:0
end_of_record
TN:
SF:components/ui/sonner.tsx
FN:6,(anonymous_1)
FNF:1
FNH:0
FNDA:0,(anonymous_1)
DA:3,0
DA:4,0
DA:6,0
DA:7,0
DA:25,0
LF:5
LH:0
BRDA:7,0,0,0
BRF:1
BRH:0
end_of_record
TN:
SF:components/ui/spinner.tsx
FN:5,Spinner
FNF:1
FNH:0
FNDA:0,Spinner
DA:1,0
DA:3,0
DA:16,0
LF:3
LH:0
BRF:0
BRH:0
end_of_record
TN:
SF:components/ui/switch.tsx
FN:8,Switch
FNF:1
FNH:0
FNDA:0,Switch
DA:3,0
DA:4,0
DA:6,0
DA:31,0
LF:4
LH:0
BRF:0
BRH:0
end_of_record
TN:
SF:components/ui/table.tsx
FN:7,Table
FN:22,TableHeader
FN:32,TableBody
FN:42,TableFooter
FN:55,TableRow
FN:68,TableHead
FN:81,TableCell
FN:94,TableCaption
FNF:8
FNH:0
FNDA:0,Table
FNDA:0,TableHeader
FNDA:0,TableBody
FNDA:0,TableFooter
FNDA:0,TableRow
FNDA:0,TableHead
FNDA:0,TableCell
FNDA:0,TableCaption
DA:3,0
DA:5,0
DA:108,0
DA:109,0
DA:110,0
DA:111,0
DA:112,0
DA:113,0
DA:114,0
DA:115,0
LF:10
LH:0
BRF:0
BRH:0
end_of_record
TN:
SF:components/ui/tabs.tsx
FN:8,Tabs
FN:21,TabsList
FN:37,TabsTrigger
FN:53,TabsContent
FNF:4
FNH:0
FNDA:0,Tabs
FNDA:0,TabsList
FNDA:0,TabsTrigger
FNDA:0,TabsContent
DA:3,0
DA:4,0
DA:6,0
DA:66,0
LF:4
LH:0
BRF:0
BRH:0
end_of_record
TN:
SF:components/ui/textarea.tsx
FN:5,Textarea
FNF:1
FNH:0
FNDA:0,Textarea
DA:1,0
DA:3,0
DA:18,0
LF:3
LH:0
BRF:0
BRH:0
end_of_record
TN:
SF:components/ui/toast.tsx
FN:47,(anonymous_12)
FNF:1
FNH:0
FNDA:0,(anonymous_12)
DA:3,0
DA:4,0
DA:5,0
DA:6,0
DA:8,0
DA:10,0
DA:25,0
DA:27,0
DA:43,0
DA:56,0
DA:71,0
DA:89,0
DA:101,0
DA:113,0
DA:122,0
DA:123,0
DA:124,0
DA:125,0
DA:126,0
DA:127,0
DA:128,0
LF:21
LH:0
BRF:0
BRH:0
end_of_record
TN:
SF:components/ui/toaster.tsx
FN:13,Toaster
FN:18,(anonymous_2)
FNF:2
FNH:0
FNDA:0,Toaster
FNDA:0,(anonymous_2)
DA:3,0
DA:11,0
DA:13,0
DA:14,0
DA:19,0
LF:5
LH:0
BRDA:22,0,0,0
BRDA:23,1,0,0
BRF:2
BRH:0
end_of_record
TN:
SF:components/ui/toggle-group.tsx
FN:17,ToggleGroup
FN:43,ToggleGroupItem
FNF:2
FNH:0
FNDA:0,ToggleGroup
FNDA:0,ToggleGroupItem
DA:3,0
DA:4,0
DA:7,0
DA:8,0
DA:10,0
DA:51,0
DA:73,0
LF:7
LH:0
BRDA:56,0,0,0
BRDA:56,0,1,0
BRDA:57,1,0,0
BRDA:57,1,1,0
BRDA:60,2,0,0
BRDA:60,2,1,0
BRDA:61,3,0,0
BRDA:61,3,1,0
BRF:8
BRH:0
end_of_record
TN:
SF:components/ui/toggle.tsx
FN:31,Toggle
FNF:1
FNH:0
FNDA:0,Toggle
DA:3,0
DA:4,0
DA:5,0
DA:7,0
DA:9,0
DA:47,0
LF:6
LH:0
BRF:0
BRH:0
end_of_record
TN:
SF:components/ui/tooltip.tsx
FN:8,TooltipProvider
FN:21,Tooltip
FN:31,TooltipTrigger
FN:37,TooltipContent
FNF:4
FNH:0
FNDA:0,TooltipProvider
FNDA:0,Tooltip
FNDA:0,TooltipTrigger
FNDA:0,TooltipContent
DA:3,0
DA:4,0
DA:6,0
DA:61,0
LF:4
LH:0
BRDA:9,0,0,0
BRDA:39,1,0,0
BRF:2
BRH:0
end_of_record
TN:
SF:components/ui/use-mobile.tsx
FN:5,useIsMobile
FN:8,(anonymous_5)
FN:10,(anonymous_6)
FN:15,(anonymous_7)
FNF:4
FNH:0
FNDA:0,useIsMobile
FNDA:0,(anonymous_5)
FNDA:0,(anonymous_6)
FNDA:0,(anonymous_7)
DA:1,0
DA:3,0
DA:5,0
DA:6,0
DA:8,0
DA:9,0
DA:10,0
DA:11,0
DA:13,0
DA:14,0
DA:15,0
DA:18,0
LF:12
LH:0
BRF:0
BRH:0
end_of_record
TN:
SF:components/ui/use-toast.ts
FN:27,genId
FN:58,(anonymous_8)
FN:63,(anonymous_9)
FN:74,(anonymous_10)
FN:85,(anonymous_11)
FN:98,(anonymous_12)
FN:105,(anonymous_13)
FN:124,(anonymous_14)
FN:133,dispatch
FN:135,(anonymous_16)
FN:142,toast
FN:145,(anonymous_18)
FN:150,(anonymous_19)
FN:158,(anonymous_20)
FN:171,useToast
FN:174,(anonymous_22)
FN:176,(anonymous_23)
FN:187,(anonymous_24)
FNF:18
FNH:0
FNDA:0,genId
FNDA:0,(anonymous_8)
FNDA:0,(anonymous_9)
FNDA:0,(anonymous_10)
FNDA:0,(anonymous_11)
FNDA:0,(anonymous_12)
FNDA:0,(anonymous_13)
FNDA:0,(anonymous_14)
FNDA:0,dispatch
FNDA:0,(anonymous_16)
FNDA:0,toast
FNDA:0,(anonymous_18)
FNDA:0,(anonymous_19)
FNDA:0,(anonymous_20)
FNDA:0,useToast
FNDA:0,(anonymous_22)
FNDA:0,(anonymous_23)
FNDA:0,(anonymous_24)
DA:4,0
DA:8,0
DA:9,0
DA:18,0
DA:25,0
DA:28,0
DA:29,0
DA:56,0
DA:58,0
DA:59,0
DA:60,0
DA:63,0
DA:64,0
DA:65,0
DA:71,0
DA:74,0
DA:75,0
DA:77,0
DA:83,0
DA:86,0
DA:91,0
DA:95,0
DA:96,0
DA:98,0
DA:99,0
DA:103,0
DA:106,0
DA:116,0
DA:117,0
DA:122,0
DA:124,0
DA:129,0
DA:131,0
DA:134,0
DA:135,0
DA:136,0
DA:143,0
DA:145,0
DA:146,0
DA:150,0
DA:152,0
DA:159,0
DA:164,0
DA:172,0
DA:174,0
DA:175,0
DA:176,0
DA:177,0
DA:178,0
DA:179,0
DA:184,0
DA:187,0
DA:191,0
LF:53
LH:0
BRDA:59,0,0,0
BRDA:59,0,1,0
BRDA:75,1,0,0
BRDA:75,1,1,0
BRDA:75,1,2,0
BRDA:75,1,3,0
BRDA:86,2,0,0
BRDA:86,2,1,0
BRDA:95,3,0,0
BRDA:95,3,1,0
BRDA:106,4,0,0
BRDA:106,4,1,0
BRDA:106,5,0,0
BRDA:106,5,1,0
BRDA:116,6,0,0
BRDA:116,6,1,0
BRDA:159,7,0,0
BRDA:159,7,1,0
BRDA:178,8,0,0
BRDA:178,8,1,0
BRF:20
BRH:0
end_of_record
TN:
SF:lib/api-utils.ts
FN:25,tierToRateLimitTier
FN:32,protectApiRoute
FN:138,deductCreditsAfterSuccess
FNF:3
FNH:0
FNDA:0,tierToRateLimitTier
FNDA:0,protectApiRoute
FNDA:0,deductCreditsAfterSuccess
DA:1,0
DA:2,0
DA:3,0
DA:4,0
DA:26,0
DA:32,0
DA:36,0
DA:42,0
DA:44,0
DA:46,0
DA:47,0
DA:49,0
DA:50,0
DA:63,0
DA:76,0
DA:82,0
DA:83,0
DA:86,0
DA:88,0
DA:89,0
DA:104,0
DA:105,0
DA:107,0
DA:108,0
DA:124,0
DA:138,0
DA:139,0
LF:27
LH:0
BRDA:33,0,0,0
BRDA:34,1,0,0
BRDA:44,2,0,0
BRDA:44,2,1,0
BRDA:44,3,0,0
BRDA:44,3,1,0
BRDA:49,4,0,0
BRDA:49,4,1,0
BRDA:82,5,0,0
BRDA:82,5,1,0
BRDA:83,6,0,0
BRDA:83,6,1,0
BRDA:88,7,0,0
BRDA:88,7,1,0
BRDA:104,8,0,0
BRDA:104,8,1,0
BRDA:107,9,0,0
BRDA:107,9,1,0
BRDA:128,10,0,0
BRDA:128,10,1,0
BRDA:138,11,0,0
BRDA:138,12,0,0
BRF:22
BRH:0
end_of_record
TN:
SF:lib/auth.tsx
FN:16,AuthProvider
FN:20,(anonymous_4)
FN:24,(anonymous_5)
FN:35,(anonymous_6)
FN:40,(anonymous_7)
FN:43,(anonymous_8)
FN:48,(anonymous_9)
FN:61,useAuth
FNF:8
FNH:0
FNDA:0,AuthProvider
FNDA:0,(anonymous_4)
FNDA:0,(anonymous_5)
FNDA:0,(anonymous_6)
FNDA:0,(anonymous_7)
FNDA:0,(anonymous_8)
FNDA:0,(anonymous_9)
FNDA:0,useAuth
DA:3,0
DA:5,0
DA:14,0
DA:16,0
DA:17,0
DA:18,0
DA:20,0
DA:21,0
DA:24,0
DA:25,0
DA:26,0
DA:27,0
DA:30,0
DA:35,0
DA:36,0
DA:37,0
DA:40,0
DA:43,0
DA:44,0
DA:45,0
DA:48,0
DA:49,0
DA:50,0
DA:51,0
DA:61,0
DA:62,0
DA:63,0
DA:64,0
DA:66,0
LF:29
LH:0
BRDA:26,0,0,0
BRDA:26,0,1,0
BRDA:36,1,0,0
BRDA:36,1,1,0
BRDA:63,2,0,0
BRDA:63,2,1,0
BRF:6
BRH:0
end_of_record
TN:
SF:lib/credits.ts
FN:11,checkCredits
FN:47,deductCredits
FN:98,addCredits
FN:132,logUsage
FN:143,getUsageStats
FN:165,(anonymous_10)
FNF:6
FNH:0
FNDA:0,checkCredits
FNDA:0,deductCredits
FNDA:0,addCredits
FNDA:0,logUsage
FNDA:0,getUsageStats
FNDA:0,(anonymous_10)
DA:1,0
DA:11,0
DA:12,0
DA:14,0
DA:20,0
DA:21,0
DA:30,0
DA:31,0
DA:39,0
DA:47,0
DA:52,0
DA:55,0
DA:61,0
DA:62,0
DA:66,0
DA:68,0
DA:69,0
DA:72,0
DA:73,0
DA:81,0
DA:88,0
DA:89,0
DA:93,0
DA:95,0
DA:98,0
DA:103,0
DA:105,0
DA:111,0
DA:112,0
DA:115,0
DA:117,0
DA:122,0
DA:123,0
DA:127,0
DA:129,0
DA:133,0
DA:135,0
DA:143,0
DA:148,0
DA:151,0
DA:157,0
DA:165,0
DA:167,0
LF:43
LH:0
BRDA:11,0,0,0
BRDA:20,1,0,0
BRDA:20,1,1,0
BRDA:20,2,0,0
BRDA:20,2,1,0
BRDA:30,3,0,0
BRDA:30,3,1,0
BRDA:49,4,0,0
BRDA:50,5,0,0
BRDA:61,6,0,0
BRDA:61,6,1,0
BRDA:61,7,0,0
BRDA:61,7,1,0
BRDA:66,8,0,0
BRDA:66,8,1,0
BRDA:72,9,0,0
BRDA:72,9,1,0
BRDA:88,10,0,0
BRDA:88,10,1,0
BRDA:101,11,0,0
BRDA:111,12,0,0
BRDA:111,12,1,0
BRDA:111,13,0,0
BRDA:111,13,1,0
BRDA:122,14,0,0
BRDA:122,14,1,0
BRDA:165,15,0,0
BRDA:165,15,1,0
BRDA:168,16,0,0
BRDA:168,16,1,0
BRDA:170,17,0,0
BRDA:170,17,1,0
BRF:32
BRH:0
end_of_record
TN:
SF:lib/rate-limit.ts
FN:49,checkRateLimit
FN:62,getClientIP
FN:68,createRateLimitHeaders
FNF:3
FNH:0
FNDA:0,checkRateLimit
FNDA:0,getClientIP
FNDA:0,createRateLimitHeaders
DA:1,0
DA:2,0
DA:3,0
DA:6,0
DA:12,0
DA:49,0
DA:50,0
DA:51,0
DA:53,0
DA:62,0
DA:63,0
DA:64,0
DA:68,0
DA:69,0
DA:70,0
DA:71,0
DA:72,0
DA:73,0
DA:74,0
DA:76,0
LF:20
LH:0
BRDA:49,0,0,0
BRDA:58,1,0,0
BRDA:58,1,1,0
BRDA:64,2,0,0
BRDA:64,2,1,0
BRDA:64,2,2,0
BRDA:73,3,0,0
BRDA:73,3,1,0
BRF:8
BRH:0
end_of_record
TN:
SF:lib/resume-generator.tsx
FN:6,generatePlainTextResume
FN:77,generateHTMLResume
FN:152,(anonymous_7)
FN:163,(anonymous_8)
FN:182,(anonymous_9)
FN:202,(anonymous_10)
FN:214,downloadFile
FN:229,printAsPDF
FN:234,(anonymous_13)
FNF:9
FNH:0
FNDA:0,generatePlainTextResume
FNDA:0,generateHTMLResume
FNDA:0,(anonymous_7)
FNDA:0,(anonymous_8)
FNDA:0,(anonymous_9)
FNDA:0,(anonymous_10)
FNDA:0,downloadFile
FNDA:0,printAsPDF
FNDA:0,(anonymous_13)
DA:6,0
DA:7,0
DA:10,0
DA:11,0
DA:12,0
DA:13,0
DA:14,0
DA:15,0
DA:16,0
DA:17,0
DA:18,0
DA:19,0
DA:20,0
DA:21,0
DA:25,0
DA:26,0
DA:27,0
DA:28,0
DA:29,0
DA:33,0
DA:34,0
DA:35,0
DA:36,0
DA:37,0
DA:38,0
DA:39,0
DA:41,0
DA:42,0
DA:43,0
DA:46,0
DA:51,0
DA:52,0
DA:53,0
DA:54,0
DA:55,0
DA:56,0
DA:57,0
DA:58,0
DA:59,0
DA:64,0
DA:65,0
DA:66,0
DA:67,0
DA:68,0
DA:71,0
DA:77,0
DA:78,0
DA:152,0
DA:163,0
DA:182,0
DA:202,0
DA:214,0
DA:215,0
DA:216,0
DA:217,0
DA:218,0
DA:219,0
DA:220,0
DA:221,0
DA:222,0
DA:223,0
DA:229,0
DA:230,0
DA:231,0
DA:232,0
DA:233,0
DA:234,0
DA:235,0
LF:68
LH:0
BRDA:10,0,0,0
BRDA:10,0,1,0
BRDA:11,1,0,0
BRDA:11,1,1,0
BRDA:13,2,0,0
BRDA:13,2,1,0
BRDA:14,3,0,0
BRDA:14,3,1,0
BRDA:15,4,0,0
BRDA:15,4,1,0
BRDA:16,5,0,0
BRDA:16,5,1,0
BRDA:18,6,0,0
BRDA:18,6,1,0
BRDA:19,7,0,0
BRDA:19,7,1,0
BRDA:20,8,0,0
BRDA:20,8,1,0
BRDA:25,9,0,0
BRDA:25,9,1,0
BRDA:33,10,0,0
BRDA:33,10,1,0
BRDA:33,11,0,0
BRDA:33,11,1,0
BRDA:38,12,0,0
BRDA:38,12,1,0
BRDA:38,13,0,0
BRDA:38,13,1,0
BRDA:39,14,0,0
BRDA:39,14,1,0
BRDA:39,15,0,0
BRDA:39,15,1,0
BRDA:41,16,0,0
BRDA:41,16,1,0
BRDA:41,17,0,0
BRDA:41,17,1,0
BRDA:51,18,0,0
BRDA:51,18,1,0
BRDA:51,19,0,0
BRDA:51,19,1,0
BRDA:55,20,0,0
BRDA:55,20,1,0
BRDA:57,21,0,0
BRDA:57,21,1,0
BRDA:58,22,0,0
BRDA:58,22,1,0
BRDA:64,23,0,0
BRDA:64,23,1,0
BRDA:64,24,0,0
BRDA:64,24,1,0
BRDA:125,25,0,0
BRDA:125,25,1,0
BRDA:127,26,0,0
BRDA:127,26,1,0
BRDA:130,27,0,0
BRDA:130,27,1,0
BRDA:131,28,0,0
BRDA:131,28,1,0
BRDA:138,29,0,0
BRDA:138,29,1,0
BRDA:147,30,0,0
BRDA:147,30,1,0
BRDA:147,31,0,0
BRDA:147,31,1,0
BRDA:156,32,0,0
BRDA:156,32,1,0
BRDA:156,33,0,0
BRDA:156,33,1,0
BRDA:160,34,0,0
BRDA:160,34,1,0
BRDA:160,35,0,0
BRDA:160,35,1,0
BRDA:177,36,0,0
BRDA:177,36,1,0
BRDA:177,37,0,0
BRDA:177,37,1,0
BRDA:184,38,0,0
BRDA:184,38,1,0
BRDA:187,39,0,0
BRDA:187,39,1,0
BRDA:188,40,0,0
BRDA:188,40,1,0
BRDA:198,41,0,0
BRDA:198,41,1,0
BRDA:198,42,0,0
BRDA:198,42,1,0
BRDA:231,43,0,0
BRDA:231,43,1,0
BRF:88
BRH:0
end_of_record
TN:
SF:lib/resume-parser.ts
FN:6,extractTextFromFile
FN:28,extractTextFromPDF
FN:30,(anonymous_8)
FN:55,(anonymous_9)
FN:65,(anonymous_10)
FN:80,(anonymous_11)
FN:92,extractTextFromDOCX
FN:93,(anonymous_13)
FN:99,validateResumeFile
FN:113,(anonymous_15)
FNF:10
FNH:0
FNDA:0,extractTextFromFile
FNDA:0,extractTextFromPDF
FNDA:0,(anonymous_8)
FNDA:0,(anonymous_9)
FNDA:0,(anonymous_10)
FNDA:0,(anonymous_11)
FNDA:0,extractTextFromDOCX
FNDA:0,(anonymous_13)
FNDA:0,validateResumeFile
FNDA:0,(anonymous_15)
DA:6,0
DA:7,0
DA:8,0
DA:10,0
DA:11,0
DA:14,0
DA:18,0
DA:21,0
DA:22,0
DA:25,0
DA:29,0
DA:30,0
DA:33,0
DA:34,0
DA:37,0
DA:40,0
DA:48,0
DA:50,0
DA:52,0
DA:53,0
DA:54,0
DA:55,0
DA:56,0
DA:59,0
DA:61,0
DA:64,0
DA:65,0
DA:68,0
DA:74,0
DA:75,0
DA:77,0
DA:78,0
DA:79,0
DA:80,0
DA:81,0
DA:84,0
DA:86,0
DA:87,0
DA:93,0
DA:94,0
DA:95,0
DA:96,0
DA:99,0
DA:100,0
DA:101,0
DA:106,0
DA:108,0
DA:109,0
DA:112,0
DA:113,0
DA:115,0
DA:116,0
DA:119,0
LF:53
LH:0
BRDA:10,0,0,0
BRDA:10,0,1,0
BRDA:10,1,0,0
BRDA:10,1,1,0
BRDA:14,2,0,0
BRDA:14,2,1,0
BRDA:15,3,0,0
BRDA:15,3,1,0
BRDA:21,4,0,0
BRDA:21,4,1,0
BRDA:21,5,0,0
BRDA:21,5,1,0
BRDA:25,6,0,0
BRDA:25,6,1,0
BRDA:33,7,0,0
BRDA:33,7,1,0
BRDA:108,8,0,0
BRDA:108,8,1,0
BRDA:115,9,0,0
BRDA:115,9,1,0
BRDA:115,10,0,0
BRDA:115,10,1,0
BRF:22
BRH:0
end_of_record
TN:
SF:lib/stripe.ts
FN:4,getStripe
FN:10,getPriceId
FNF:2
FNH:0
FNDA:0,getStripe
FNDA:0,getPriceId
DA:1,0
DA:4,0
DA:5,0
DA:6,0
DA:7,0
DA:10,0
DA:11,0
DA:12,0
LF:8
LH:0
BRDA:6,0,0,0
BRDA:6,0,1,0
BRDA:11,1,0,0
BRDA:11,1,1,0
BRF:4
BRH:0
end_of_record
TN:
SF:lib/utils.ts
FN:4,cn
FNF:1
FNH:0
FNDA:0,cn
DA:1,0
DA:2,0
DA:4,0
DA:5,0
LF:4
LH:0
BRF:0
BRH:0
end_of_record
TN:
SF:lib/ai/config.ts
FN:21,getModel
FNF:1
FNH:0
FNDA:0,getModel
DA:6,0
DA:21,0
DA:22,0
DA:24,0
DA:26,0
DA:28,0
LF:6
LH:0
BRDA:21,0,0,0
BRDA:22,1,0,0
BRDA:22,1,1,0
BRDA:22,1,2,0
BRF:4
BRH:0
end_of_record
TN:
SF:lib/ai/prompts.ts
FN:49,buildPrompt
FNF:1
FNH:0
FNDA:0,buildPrompt
DA:1,0
DA:27,0
DA:49,0
DA:50,0
DA:51,0
DA:52,0
DA:54,0
LF:7
LH:0
BRF:0
BRH:0
end_of_record
TN:
SF:lib/ai/providers.ts
FN:7,getProvider
FNF:1
FNH:0
FNDA:0,getProvider
DA:1,0
DA:4,0
DA:7,0
DA:8,0
LF:4
LH:0
BRF:0
BRH:0
end_of_record
TN:
SF:lib/ai/schemas.ts
FNF:0
FNH:0
DA:1,0
DA:3,0
DA:12,0
DA:21,0
DA:29,0
DA:36,0
DA:66,0
LF:7
LH:0
BRF:0
BRH:0
end_of_record
TN:
SF:lib/security/audit.ts
FN:30,logAuditEvent
FN:56,logAuthFailure
FN:68,logRateLimitHit
FNF:3
FNH:0
FNDA:0,logAuditEvent
FNDA:0,logAuthFailure
FNDA:0,logRateLimitHit
DA:1,0
DA:30,0
DA:31,0
DA:32,0
DA:34,0
DA:49,0
DA:56,0
DA:57,0
DA:68,0
DA:69,0
LF:10
LH:0
BRDA:35,0,0,0
BRDA:35,0,1,0
BRDA:71,1,0,0
BRDA:71,1,1,0
BRDA:72,2,0,0
BRDA:72,2,1,0
BRF:6
BRH:0
end_of_record
TN:
SF:lib/security/headers.ts
FN:6,addSecurityHeaders
FNF:1
FNH:0
FNDA:0,addSecurityHeaders
DA:6,0
DA:8,0
DA:11,0
DA:14,0
DA:17,0
DA:20,0
DA:22,0
DA:28,0
LF:8
LH:0
BRF:0
BRH:0
end_of_record
TN:
SF:lib/security/validation.ts
FN:18,(anonymous_12)
FN:30,(anonymous_13)
FN:35,(anonymous_14)
FN:44,(anonymous_15)
FN:50,(anonymous_16)
FN:57,sanitizeText
FN:76,validateFileMagicBytes
FN:100,containsMaliciousPatterns
FN:110,(anonymous_20)
FN:116,generateRateLimitKey
FNF:10
FNH:0
FNDA:0,(anonymous_12)
FNDA:0,(anonymous_13)
FNDA:0,(anonymous_14)
FNDA:0,(anonymous_15)
FNDA:0,(anonymous_16)
FNDA:0,sanitizeText
FNDA:0,validateFileMagicBytes
FNDA:0,containsMaliciousPatterns
FNDA:0,(anonymous_20)
FNDA:0,generateRateLimitKey
DA:1,0
DA:4,0
DA:10,0
DA:11,0
DA:12,0
DA:15,0
DA:18,0
DA:25,0
DA:30,0
DA:35,0
DA:39,0
DA:44,0
DA:50,0
DA:57,0
DA:58,0
DA:76,0
DA:77,0
DA:80,0
DA:81,0
DA:85,0
DA:86,0
DA:90,0
DA:91,0
DA:94,0
DA:100,0
DA:101,0
DA:110,0
DA:116,0
DA:117,0
LF:29
LH:0
BRDA:35,0,0,0
BRDA:35,0,1,0
BRDA:50,1,0,0
BRDA:50,1,1,0
BRDA:80,2,0,0
BRDA:80,2,1,0
BRDA:81,3,0,0
BRDA:81,3,1,0
BRDA:81,3,2,0
BRDA:81,3,3,0
BRDA:85,4,0,0
BRDA:85,4,1,0
BRDA:86,5,0,0
BRDA:86,5,1,0
BRDA:90,6,0,0
BRDA:90,6,1,0
BRDA:117,7,0,0
BRDA:117,7,1,0
BRF:18
BRH:0
end_of_record
TN:
SF:lib/supabase/admin.ts
FN:3,createAdminClient
FNF:1
FNH:0
FNDA:0,createAdminClient
DA:1,0
DA:3,0
DA:4,0
DA:5,0
DA:6,0
DA:7,0
LF:6
LH:0
BRDA:6,0,0,0
BRDA:6,0,1,0
BRDA:6,1,0,0
BRDA:6,1,1,0
BRF:4
BRH:0
end_of_record
TN:
SF:lib/supabase/client.ts
FN:3,createClient
FNF:1
FNH:0
FNDA:0,createClient
DA:1,0
DA:3,0
DA:4,0
LF:3
LH:0
BRF:0
BRH:0
end_of_record
TN:
SF:lib/supabase/middleware.ts
FN:4,updateSession
FN:12,(anonymous_2)
FN:15,(anonymous_3)
FN:16,(anonymous_4)
FN:18,(anonymous_5)
FN:30,(anonymous_6)
FN:41,(anonymous_7)
FNF:7
FNH:0
FNDA:0,updateSession
FNDA:0,(anonymous_2)
FNDA:0,(anonymous_3)
FNDA:0,(anonymous_4)
FNDA:0,(anonymous_5)
FNDA:0,(anonymous_6)
FNDA:0,(anonymous_7)
DA:1,0
DA:2,0
DA:4,0
DA:5,0
DA:7,0
DA:13,0
DA:16,0
DA:17,0
DA:18,0
DA:26,0
DA:29,0
DA:30,0
DA:32,0
DA:33,0
DA:34,0
DA:35,0
DA:36,0
DA:40,0
DA:41,0
DA:43,0
DA:44,0
DA:45,0
DA:46,0
DA:49,0
LF:24
LH:0
BRDA:32,0,0,0
BRDA:32,0,1,0
BRDA:32,1,0,0
BRDA:32,1,1,0
BRDA:43,2,0,0
BRDA:43,2,1,0
BRDA:43,3,0,0
BRDA:43,3,1,0
BRF:8
BRH:0
end_of_record
TN:
SF:lib/supabase/server.ts
FN:4,createClient
FN:9,(anonymous_2)
FN:12,(anonymous_3)
FN:14,(anonymous_4)
FNF:4
FNH:0
FNDA:0,createClient
FNDA:0,(anonymous_2)
FNDA:0,(anonymous_3)
FNDA:0,(anonymous_4)
DA:1,0
DA:2,0
DA:4,0
DA:5,0
DA:7,0
DA:10,0
DA:13,0
DA:14,0
LF:8
LH:0
BRF:0
BRH:0
end_of_record
TN:
SF:lib/supabase/types.ts
FNF:0
FNH:0
DA:46,0
LF:1
LH:0
BRF:0
BRH:0
end_of_record
TN:
SF:lib/templates/classic.tsx
FN:3,generateClassicHTML
FN:61,(anonymous_4)
FN:71,(anonymous_5)
FN:90,(anonymous_6)
FN:117,generateClassicText
FNF:5
FNH:0
FNDA:0,generateClassicHTML
FNDA:0,(anonymous_4)
FNDA:0,(anonymous_5)
FNDA:0,(anonymous_6)
FNDA:0,generateClassicText
DA:3,0
DA:4,0
DA:61,0
DA:71,0
DA:90,0
DA:117,0
DA:118,0
DA:119,0
DA:121,0
DA:122,0
DA:123,0
DA:124,0
DA:125,0
DA:127,0
DA:130,0
DA:131,0
DA:132,0
DA:133,0
DA:134,0
DA:137,0
DA:138,0
DA:139,0
DA:140,0
DA:141,0
DA:142,0
DA:143,0
DA:144,0
DA:145,0
DA:148,0
DA:152,0
DA:153,0
DA:154,0
DA:155,0
DA:156,0
DA:157,0
DA:158,0
DA:159,0
DA:163,0
DA:164,0
DA:165,0
DA:166,0
DA:169,0
LF:42
LH:0
BRDA:34,0,0,0
BRDA:34,0,1,0
BRDA:36,1,0,0
BRDA:36,1,1,0
BRDA:39,2,0,0
BRDA:39,2,1,0
BRDA:40,3,0,0
BRDA:40,3,1,0
BRDA:47,4,0,0
BRDA:47,4,1,0
BRDA:56,5,0,0
BRDA:56,5,1,0
BRDA:65,6,0,0
BRDA:65,6,1,0
BRDA:65,7,0,0
BRDA:65,7,1,0
BRDA:68,8,0,0
BRDA:68,8,1,0
BRDA:85,9,0,0
BRDA:85,9,1,0
BRDA:93,10,0,0
BRDA:93,10,1,0
BRDA:94,11,0,0
BRDA:94,11,1,0
BRDA:96,12,0,0
BRDA:96,12,1,0
BRDA:106,13,0,0
BRDA:106,13,1,0
BRDA:121,14,0,0
BRDA:121,14,1,0
BRDA:122,15,0,0
BRDA:122,15,1,0
BRDA:124,16,0,0
BRDA:124,16,1,0
BRDA:124,17,0,0
BRDA:124,17,1,0
BRDA:130,18,0,0
BRDA:130,18,1,0
BRDA:137,19,0,0
BRDA:137,19,1,0
BRDA:142,20,0,0
BRDA:142,20,1,0
BRDA:142,21,0,0
BRDA:142,21,1,0
BRDA:143,22,0,0
BRDA:143,22,1,0
BRDA:152,23,0,0
BRDA:152,23,1,0
BRDA:156,24,0,0
BRDA:156,24,1,0
BRDA:157,25,0,0
BRDA:157,25,1,0
BRDA:158,26,0,0
BRDA:158,26,1,0
BRDA:163,27,0,0
BRDA:163,27,1,0
BRF:56
BRH:0
end_of_record
TN:
SF:lib/templates/executive.tsx
FN:3,generateExecutiveHTML
FN:78,(anonymous_2)
FN:89,(anonymous_3)
FN:108,(anonymous_4)
FNF:4
FNH:0
FNDA:0,generateExecutiveHTML
FNDA:0,(anonymous_2)
FNDA:0,(anonymous_3)
FNDA:0,(anonymous_4)
DA:3,0
DA:4,0
DA:78,0
DA:89,0
DA:108,0
LF:5
LH:0
BRDA:50,0,0,0
BRDA:50,0,1,0
BRDA:53,1,0,0
BRDA:53,1,1,0
BRDA:56,2,0,0
BRDA:56,2,1,0
BRDA:64,3,0,0
BRDA:64,3,1,0
BRDA:73,4,0,0
BRDA:73,4,1,0
BRDA:81,5,0,0
BRDA:81,5,1,0
BRDA:81,6,0,0
BRDA:81,6,1,0
BRDA:86,7,0,0
BRDA:86,7,1,0
BRDA:103,8,0,0
BRDA:103,8,1,0
BRDA:110,9,0,0
BRDA:110,9,1,0
BRDA:111,10,0,0
BRDA:111,10,1,0
BRDA:121,11,0,0
BRDA:121,11,1,0
BRF:24
BRH:0
end_of_record
TN:
SF:lib/templates/generator.ts
FN:10,generateResume
FN:30,downloadResume
FN:54,printResume
FN:59,(anonymous_7)
FNF:4
FNH:0
FNDA:0,generateResume
FNDA:0,downloadResume
FNDA:0,printResume
FNDA:0,(anonymous_7)
DA:2,0
DA:3,0
DA:4,0
DA:5,0
DA:10,0
DA:11,0
DA:13,0
DA:17,0
DA:19,0
DA:21,0
DA:23,0
DA:26,0
DA:30,0
DA:31,0
DA:37,0
DA:43,0
DA:44,0
DA:45,0
DA:46,0
DA:47,0
DA:48,0
DA:49,0
DA:50,0
DA:51,0
DA:54,0
DA:55,0
DA:56,0
DA:57,0
DA:58,0
DA:59,0
DA:60,0
LF:31
LH:0
BRDA:11,0,0,0
BRDA:11,0,1,0
BRDA:17,1,0,0
BRDA:17,1,1,0
BRDA:17,1,2,0
BRDA:17,1,3,0
BRDA:17,1,4,0
BRDA:56,2,0,0
BRDA:56,2,1,0
BRF:9
BRH:0
end_of_record
TN:
SF:lib/templates/index.ts
FN:45,getTemplate
FN:46,(anonymous_5)
FN:49,getAvailableTemplates
FN:53,(anonymous_7)
FNF:4
FNH:0
FNDA:0,getTemplate
FNDA:0,(anonymous_5)
FNDA:0,getAvailableTemplates
FNDA:0,(anonymous_7)
DA:10,0
DA:45,0
DA:46,0
DA:49,0
DA:50,0
DA:51,0
DA:53,0
DA:54,0
DA:55,0
LF:9
LH:0
BRDA:51,0,0,0
BRDA:51,0,1,0
BRDA:54,1,0,0
BRDA:54,1,1,0
BRF:4
BRH:0
end_of_record
TN:
SF:lib/templates/modern.tsx
FN:3,generateModernHTML
FN:80,(anonymous_2)
FN:93,(anonymous_3)
FN:112,(anonymous_4)
FN:130,(anonymous_5)
FNF:5
FNH:0
FNDA:0,generateModernHTML
FNDA:0,(anonymous_2)
FNDA:0,(anonymous_3)
FNDA:0,(anonymous_4)
FNDA:0,(anonymous_5)
DA:3,0
DA:4,0
DA:80,0
DA:93,0
DA:112,0
DA:130,0
LF:6
LH:0
BRDA:52,0,0,0
BRDA:52,0,1,0
BRDA:54,1,0,0
BRDA:54,1,1,0
BRDA:57,2,0,0
BRDA:57,2,1,0
BRDA:58,3,0,0
BRDA:58,3,1,0
BRDA:66,4,0,0
BRDA:66,4,1,0
BRDA:75,5,0,0
BRDA:75,5,1,0
BRDA:87,6,0,0
BRDA:87,6,1,0
BRDA:87,7,0,0
BRDA:87,7,1,0
BRDA:90,8,0,0
BRDA:90,8,1,0
BRDA:107,9,0,0
BRDA:107,9,1,0
BRDA:114,10,0,0
BRDA:114,10,1,0
BRDA:116,11,0,0
BRDA:116,11,1,0
BRDA:126,12,0,0
BRDA:126,12,1,0
BRF:26
BRH:0
end_of_record
TN:
SF:lib/templates/technical.tsx
FN:3,generateTechnicalHTML
FN:70,(anonymous_2)
FN:95,(anonymous_3)
FN:105,(anonymous_4)
FN:126,(anonymous_5)
FNF:5
FNH:0
FNDA:0,generateTechnicalHTML
FNDA:0,(anonymous_2)
FNDA:0,(anonymous_3)
FNDA:0,(anonymous_4)
FNDA:0,(anonymous_5)
DA:3,0
DA:4,0
DA:70,0
DA:95,0
DA:105,0
DA:126,0
LF:6
LH:0
BRDA:50,0,0,0
BRDA:50,0,1,0
BRDA:52,1,0,0
BRDA:52,1,1,0
BRDA:54,2,0,0
BRDA:54,2,1,0
BRDA:55,3,0,0
BRDA:55,3,1,0
BRDA:56,4,0,0
BRDA:56,4,1,0
BRDA:57,5,0,0
BRDA:57,5,1,0
BRDA:58,6,0,0
BRDA:58,6,1,0
BRDA:65,7,0,0
BRDA:65,7,1,0
BRDA:78,8,0,0
BRDA:78,8,1,0
BRDA:89,9,0,0
BRDA:89,9,1,0
BRDA:99,10,0,0
BRDA:99,10,1,0
BRDA:99,11,0,0
BRDA:99,11,1,0
BRDA:102,12,0,0
BRDA:102,12,1,0
BRDA:120,13,0,0
BRDA:120,13,1,0
BRDA:128,14,0,0
BRDA:128,14,1,0
BRDA:129,15,0,0
BRDA:129,15,1,0
BRF:32
BRH:0
end_of_record
